BLOCK00/SES002/SA002S12	SES002	0.997644	-4.26728	-5.26493
BLOCK00/SES002/SA002S13	SES002	1.27395	-5.31615	-6.5901
BLOCK00/SES002/SA002S23	SES002	0.115386	-5.52648	-5.64187
BLOCK00/SES002/SA002S26	SES002	-0.0483885	-8.92953	-8.88115
BLOCK00/SES002/SA002S28	SES002	-0.0586705	-7.64544	-7.58677
BLOCK00/SES007/SA007S14	SES007	0.825146	-4.35451	-5.17965
BLOCK00/SES007/SA007S15	SES007	0.365624	-5.30859	-5.67422
BLOCK00/SES007/SA007S24	SES007	0.356921	-4.43498	-4.7919
BLOCK00/SES007/SA007S27	SES007	-0.693647	-7.72083	-7.02718
BLOCK00/SES007/SA007S29	SES007	0.152319	-4.34209	-4.49441
BLOCK00/SES008/SA008S11	SES008	1.86782	-1.35832	-3.22614
BLOCK00/SES008/SA008S12	SES008	0.164026	-2.75105	-2.91507
BLOCK00/SES008/SA008S19	SES008	1.39942	-2.27261	-3.67203
BLOCK00/SES008/SA008S22	SES008	0.558405	-4.24141	-4.79982
BLOCK00/SES008/SA008S29	SES008	1.49591	-1.46409	-2.96
BLOCK01/SES014/SA014S10	SES014	0.0440307	-4.86898	-4.91301
BLOCK01/SES014/SA014S12	SES014	1.26312	-3.46611	-4.72923
BLOCK01/SES014/SA014S24	SES014	1.60436	-4.0003	-5.60465
BLOCK01/SES014/SA014S26	SES014	1.77234	-4.81053	-6.58287
BLOCK01/SES014/SA014S28	SES014	3.17809	-0.513805	-3.6919
BLOCK01/SES016/SA016S12	SES016	0.578675	-6.99406	-7.57274
BLOCK01/SES016/SA016S13	SES016	1.19855	-5.63363	-6.83218
BLOCK01/SES016/SA016S22	SES016	0.788889	-5.84229	-6.63118
BLOCK01/SES016/SA016S25	SES016	1.15909	-3.94597	-5.10506
BLOCK01/SES016/SA016S27	SES016	1.45845	-7.14745	-8.6059
BLOCK01/SES019/SA019S13	SES019	2.46629	-5.13378	-7.60007
BLOCK01/SES019/SA019S14	SES019	1.75316	-4.78163	-6.53479
BLOCK01/SES019/SA019S22	SES019	2.00151	-3.42653	-5.42805
BLOCK01/SES019/SA019S25	SES019	1.54032	-6.00698	-7.5473
BLOCK01/SES019/SA019S29	SES019	2.91953	-5.91508	-8.83461
BLOCK02/SES029/SA029S11	SES029	1.06038	-3.47108	-4.53146
BLOCK02/SES029/SA029S12	SES029	0.140091	-5.29956	-5.43965
BLOCK02/SES029/SA029S20	SES029	0.651262	-3.10621	-3.75747
BLOCK02/SES029/SA029S25	SES029	0.155382	-5.25171	-5.40709
BLOCK02/SES029/SA029S28	SES029	0.269779	-4.86318	-5.13296
BLOCK04/SES042/SA042S12	SES042	1.74029	-4.68794	-6.42823
BLOCK04/SES042/SA042S15	SES042	1.06964	-5.88562	-6.95526
BLOCK04/SES042/SA042S22	SES042	3.12336	-9.74546	-12.8688
BLOCK04/SES042/SA042S25	SES042	1.45161	-7.83157	-9.28318
BLOCK04/SES042/SA042S27	SES042	1.94507	-8.20156	-10.1466
BLOCK04/SES048/SA048S11	SES048	0.899623	-3.22572	-4.12534
BLOCK04/SES048/SA048S12	SES048	-0.159522	-6.0534	-5.89388
BLOCK04/SES048/SA048S20	SES048	0.987749	-4.46829	-5.45604
BLOCK04/SES048/SA048S23	SES048	1.33361	-2.73583	-4.06943
BLOCK04/SES048/SA048S27	SES048	-0.00865555	-5.50953	-5.50087
BLOCK06/SES060/SA060S11	SES060	1.37553	-5.83592	-7.21145
BLOCK06/SES060/SA060S12	SES060	0.0753422	-8.58436	-8.6597
BLOCK06/SES060/SA060S22	SES060	-1.05977	-7.71059	-6.65082
BLOCK06/SES060/SA060S24	SES060	1.06087	-2.50527	-3.56614
BLOCK06/SES060/SA060S28	SES060	1.25866	-2.1119	-3.37056
BLOCK06/SES062/SA062S10	SES062	0.0942225	-5.35324	-5.44747
BLOCK06/SES062/SA062S11	SES062	0.6707	-6.67114	-7.34184
BLOCK06/SES062/SA062S21	SES062	0.732309	-1.2418	-1.97411
BLOCK06/SES062/SA062S26	SES062	0.415693	-4.51885	-4.93454
BLOCK06/SES062/SA062S29	SES062	1.23367	-2.51674	-3.75041
BLOCK06/SES068/SA068S14	SES068	0.56937	-4.03604	-4.60541
BLOCK06/SES068/SA068S15	SES068	0.870762	-4.66235	-5.53311
BLOCK06/SES068/SA068S23	SES068	-0.123926	-5.91311	-5.78918
BLOCK06/SES068/SA068S27	SES068	1.20245	-4.48904	-5.69149
BLOCK06/SES068/SA068S29	SES068	0.196468	-5.80443	-6.0009
BLOCK08/SES082/SA082S12	SES082	-1.179	-5.94282	-4.76382
BLOCK08/SES082/SA082S14	SES082	0.297834	-4.16482	-4.46266
BLOCK08/SES082/SA082S21	SES082	0.165738	-3.82855	-3.99429
BLOCK08/SES082/SA082S24	SES082	0.333264	-5.88832	-6.22159
BLOCK08/SES082/SA082S28	SES082	-0.0404139	-6.28376	-6.24334
BLOCK08/SES083/SA083S14	SES083	0.165235	-3.9544	-4.11964
BLOCK08/SES083/SA083S15	SES083	0.712767	-5.67235	-6.38512
BLOCK08/SES083/SA083S24	SES083	0.170174	-4.9815	-5.15168
BLOCK08/SES083/SA083S26	SES083	-0.142817	-7.3023	-7.15948
BLOCK08/SES083/SA083S29	SES083	0.0150223	-5.7362	-5.75122
BLOCK08/SES085/SA085S10	SES085	0.598196	-3.54693	-4.14512
BLOCK08/SES085/SA085S13	SES085	-0.0548511	-6.9631	-6.90825
BLOCK08/SES085/SA085S22	SES085	1.01809	-3.28112	-4.29921
BLOCK08/SES085/SA085S26	SES085	0.0870309	-7.87325	-7.96028
BLOCK08/SES085/SA085S28	SES085	1.11034	-3.30131	-4.41164
BLOCK08/SES087/SA087S15	SES087	0.927229	-5.21907	-6.1463
BLOCK08/SES087/SA087S16	SES087	1.78837	-3.53168	-5.32006
BLOCK08/SES087/SA087S24	SES087	0.593078	-8.60182	-9.19489
BLOCK08/SES087/SA087S26	SES087	0.499151	-5.0938	-5.59295
BLOCK08/SES087/SA087S29	SES087	1.0952	-2.79704	-3.89223
BLOCK09/SES099/SA099S15	SES099	1.56857	-5.26578	-6.83435
BLOCK09/SES099/SA099S16	SES099	1.2607	-2.17541	-3.43611
BLOCK09/SES099/SA099S24	SES099	1.41183	-4.01763	-5.42946
BLOCK09/SES099/SA099S26	SES099	1.2108	-4.98383	-6.19463
BLOCK09/SES099/SA099S29	SES099	1.29362	-5.65072	-6.94434
BLOCK10/SES101/SA101S11	SES101	0.074255	-4.97316	-5.04741
BLOCK10/SES101/SA101S13	SES101	0.847123	-0.558987	-1.40611
BLOCK10/SES101/SA101S22	SES101	0.96173	-4.85975	-5.82148
BLOCK10/SES101/SA101S24	SES101	0.107611	-4.88473	-4.99234
BLOCK10/SES101/SA101S28	SES101	0.809813	-4.5563	-5.36611
BLOCK10/SES104/SA104S11	SES104	1.31492	-3.10768	-4.4226
BLOCK10/SES104/SA104S12	SES104	0.57261	-4.91572	-5.48833
BLOCK10/SES104/SA104S21	SES104	0.955735	-4.34929	-5.30503
BLOCK10/SES104/SA104S24	SES104	-0.433695	-8.02137	-7.58767
BLOCK10/SES104/SA104S28	SES104	0.722986	-6.82434	-7.54732
BLOCK10/SES105/SA105S12	SES105	1.22703	-5.8741	-7.10113
BLOCK10/SES105/SA105S13	SES105	-0.108402	-6.73088	-6.62248
BLOCK10/SES105/SA105S22	SES105	0.151619	-6.3136	-6.46522
BLOCK10/SES105/SA105S26	SES105	0.5059	-6.62852	-7.13442
BLOCK10/SES105/SA105S29	SES105	1.084	-3.48056	-4.56456
BLOCK10/SES106/SA106S09	SES106	-0.281121	-8.80788	-8.52676
BLOCK10/SES106/SA106S11	SES106	1.1305	-4.25317	-5.38367
BLOCK10/SES106/SA106S22	SES106	1.75126	-8.22171	-9.97297
BLOCK10/SES106/SA106S27	SES106	1.16989	-4.44228	-5.61217
BLOCK10/SES106/SA106S29	SES106	0.869935	-5.22228	-6.09222
BLOCK11/SES117/SA117S12	SES117	0.00323915	-6.49099	-6.49423
BLOCK11/SES117/SA117S13	SES117	-0.45271	-5.1421	-4.68939
BLOCK11/SES117/SA117S23	SES117	1.27272	-8.08822	-9.36094
BLOCK11/SES117/SA117S25	SES117	0.951131	-5.14874	-6.09987
BLOCK11/SES117/SA117S28	SES117	1.26577	-7.9156	-9.18137
BLOCK12/SES120/SA120S08	SES120	0.437428	-8.41462	-8.85205
BLOCK12/SES120/SA120S11	SES120	0.565022	-12.55	-13.115
BLOCK12/SES120/SA120S22	SES120	0.311516	-5.30268	-5.61419
BLOCK12/SES120/SA120S24	SES120	-0.604268	-10.7038	-10.0996
BLOCK12/SES120/SA120S28	SES120	-0.36096	-8.75526	-8.3943
BLOCK12/SES125/SA125S13	SES125	1.09365	-7.85433	-8.94798
BLOCK12/SES125/SA125S14	SES125	0.726933	-8.7522	-9.47913
BLOCK12/SES125/SA125S25	SES125	1.21908	-6.0811	-7.30018
BLOCK12/SES125/SA125S27	SES125	1.53972	-6.18668	-7.7264
BLOCK12/SES125/SA125S29	SES125	0.617096	-5.22651	-5.84361
BLOCK12/SES127/SA127S11	SES127	0.78952	-3.99632	-4.78584
BLOCK12/SES127/SA127S12	SES127	1.14098	-0.838844	-1.97983
BLOCK12/SES127/SA127S23	SES127	0.135083	-3.25829	-3.39337
BLOCK12/SES127/SA127S25	SES127	-0.208259	-2.88441	-2.67615
BLOCK12/SES127/SA127S27	SES127	0.986017	-3.00526	-3.99128
BLOCK12/SES129/SA129S11	SES129	1.03417	-2.26546	-3.29963
BLOCK12/SES129/SA129S12	SES129	0.988108	-2.23442	-3.22253
BLOCK12/SES129/SA129S22	SES129	1.09407	-2.57702	-3.67109
BLOCK12/SES129/SA129S27	SES129	1.06622	-2.80164	-3.86786
BLOCK12/SES129/SA129S29	SES129	0.49027	-7.7201	-8.21037
BLOCK14/SES142/SA142S11	SES142	1.6019	-3.60145	-5.20335
BLOCK14/SES142/SA142S12	SES142	1.3122	-7.86267	-9.17487
BLOCK14/SES142/SA142S24	SES142	0.915728	-6.74943	-7.66516
BLOCK14/SES142/SA142S27	SES142	0.427174	-6.4398	-6.86698
BLOCK14/SES142/SA142S29	SES142	0.349109	-6.88241	-7.23152
BLOCK14/SES143/SA143S12	SES143	0.768711	-4.4805	-5.24921
BLOCK14/SES143/SA143S13	SES143	0.770148	-4.30544	-5.07559
BLOCK14/SES143/SA143S23	SES143	0.423427	-4.5138	-4.93723
BLOCK14/SES143/SA143S25	SES143	0.0136604	-7.63624	-7.6499
BLOCK14/SES143/SA143S28	SES143	0.67311	-6.61453	-7.28764
BLOCK14/SES144/SA144S09	SES144	0.611972	-4.05855	-4.67052
BLOCK14/SES144/SA144S11	SES144	0.132625	-4.2046	-4.33722
BLOCK14/SES144/SA144S21	SES144	-0.687149	-4.5509	-3.86375
BLOCK14/SES144/SA144S25	SES144	0.851465	-4.41191	-5.26338
BLOCK14/SES144/SA144S29	SES144	-0.802939	-6.7945	-5.99157
BLOCK14/SES146/SA146S14	SES146	0.116329	-5.46115	-5.57748
BLOCK14/SES146/SA146S15	SES146	0.230815	-5.86012	-6.09093
BLOCK14/SES146/SA146S24	SES146	0.746794	-6.49077	-7.23757
BLOCK14/SES146/SA146S26	SES146	0.846253	-5.6152	-6.46146
BLOCK14/SES146/SA146S29	SES146	0.496212	-6.93664	-7.43286
BLOCK14/SES147/SA147S11	SES147	0.671773	-5.90448	-6.57625
BLOCK14/SES147/SA147S13	SES147	0.92421	-2.78764	-3.71185
BLOCK14/SES147/SA147S23	SES147	0.759681	-3.25392	-4.0136
BLOCK14/SES147/SA147S26	SES147	1.11586	-3.22265	-4.33851
BLOCK14/SES147/SA147S28	SES147	1.63776	-1.2825	-2.92026
BLOCK14/SES148/SA148S10	SES148	0.745096	-2.72558	-3.47068
BLOCK14/SES148/SA148S12	SES148	0.512813	-4.44511	-4.95792
BLOCK14/SES148/SA148S22	SES148	0.626376	-2.51346	-3.13983
BLOCK14/SES148/SA148S26	SES148	0.154221	-1.90211	-2.05633
BLOCK14/SES148/SA148S29	SES148	-0.284063	-5.58263	-5.29857
BLOCK14/SES149/SA149S13	SES149	-0.38279	-5.2165	-4.83371
BLOCK14/SES149/SA149S14	SES149	0.202115	-2.9333	-3.13542
BLOCK14/SES149/SA149S24	SES149	0.67906	-3.59992	-4.27898
BLOCK14/SES149/SA149S26	SES149	0.922253	-4.52617	-5.44842
BLOCK14/SES149/SA149S28	SES149	1.93715	0.594861	-1.34229
BLOCK15/SES158/SA158S13	SES158	1.47924	-8.04222	-9.52146
BLOCK15/SES158/SA158S14	SES158	2.37237	-7.82622	-10.1986
BLOCK15/SES158/SA158S23	SES158	1.05367	-6.23102	-7.28469
BLOCK15/SES158/SA158S26	SES158	1.93524	-7.86965	-9.80489
BLOCK15/SES158/SA158S28	SES158	0.733395	-7.38075	-8.11415
BLOCK16/SES162/SA162S10	SES162	0.10317	-7.2459	-7.34907
BLOCK16/SES162/SA162S11	SES162	0.406243	-3.45467	-3.86091
BLOCK16/SES162/SA162S21	SES162	0.840407	-3.6341	-4.4745
BLOCK16/SES162/SA162S24	SES162	1.57475	-3.05099	-4.62574
BLOCK16/SES162/SA162S27	SES162	1.46989	-7.05273	-8.52262
BLOCK16/SES167/SA167S14	SES167	1.8345	-1.50157	-3.33607
BLOCK16/SES167/SA167S15	SES167	1.65144	-1.07646	-2.7279
BLOCK16/SES167/SA167S21	SES167	2.10007	0.0944588	-2.00561
BLOCK16/SES167/SA167S25	SES167	2.59035	-2.49503	-5.08538
BLOCK16/SES167/SA167S29	SES167	2.78638	0.524876	-2.2615
BLOCK17/SES172/SA172S12	SES172	0.62169	-5.59148	-6.21317
BLOCK17/SES172/SA172S13	SES172	0.856357	-5.76945	-6.62581
BLOCK17/SES172/SA172S23	SES172	0.899937	-2.88527	-3.78521
BLOCK17/SES172/SA172S27	SES172	0.418498	-6.76392	-7.18242
BLOCK17/SES172/SA172S29	SES172	1.65438	-2.94026	-4.59464
BLOCK17/SES175/SA175S11	SES175	0.317166	-6.79668	-7.11385
BLOCK17/SES175/SA175S13	SES175	0.896188	-1.15501	-2.05119
BLOCK17/SES175/SA175S23	SES175	0.948932	-2.63846	-3.58739
BLOCK17/SES175/SA175S25	SES175	0.0479808	-5.90037	-5.94835
BLOCK17/SES175/SA175S28	SES175	0.768833	-4.74933	-5.51817
BLOCK17/SES177/SA177S15	SES177	0.313461	-5.80144	-6.1149
BLOCK17/SES177/SA177S17	SES177	0.35738	-5.47968	-5.83706
BLOCK17/SES177/SA177S23	SES177	-0.203026	-5.29363	-5.09061
BLOCK17/SES177/SA177S26	SES177	0.859972	-1.84191	-2.70188
BLOCK17/SES177/SA177S28	SES177	0.13525	-7.21062	-7.34587
BLOCK18/SES180/SA180S13	SES180	0.557389	-8.14161	-8.699
BLOCK18/SES180/SA180S15	SES180	0.49724	-3.36462	-3.86186
BLOCK18/SES180/SA180S24	SES180	0.720503	-3.17637	-3.89687
BLOCK18/SES180/SA180S26	SES180	0.0482965	-4.99574	-5.04403
BLOCK18/SES180/SA180S29	SES180	-0.453347	-7.681	-7.22766
BLOCK18/SES183/SA183S13	SES183	0.701477	-5.0533	-5.75478
BLOCK18/SES183/SA183S14	SES183	-0.219881	-5.34201	-5.12213
BLOCK18/SES183/SA183S24	SES183	0.582011	-6.59568	-7.17769
BLOCK18/SES183/SA183S27	SES183	0.682646	-5.47178	-6.15443
BLOCK18/SES183/SA183S29	SES183	0.938145	-3.50265	-4.44079
BLOCK18/SES187/SA187S13	SES187	0.105072	-7.0774	-7.18247
BLOCK18/SES187/SA187S14	SES187	-0.414704	-7.90598	-7.49128
BLOCK18/SES187/SA187S24	SES187	0.986712	-4.84866	-5.83537
BLOCK18/SES187/SA187S27	SES187	0.559008	-3.95223	-4.51124
BLOCK18/SES187/SA187S29	SES187	0.804157	-8.37618	-9.18034
BLOCK18/SES189/SA189S10	SES189	1.17145	-6.41454	-7.58599
BLOCK18/SES189/SA189S13	SES189	1.01663	-10.1557	-11.1724
BLOCK18/SES189/SA189S24	SES189	0.965509	-6.0036	-6.96911
BLOCK18/SES189/SA189S26	SES189	0.84621	-6.19449	-7.0407
BLOCK18/SES189/SA189S29	SES189	1.21433	-5.46048	-6.67481
BLOCK20/SES202/SA202S12	SES202	0.947687	-9.03739	-9.98508
BLOCK20/SES202/SA202S14	SES202	1.59398	-6.45068	-8.04466
BLOCK20/SES202/SA202S24	SES202	0.433737	-7.69542	-8.12916
BLOCK20/SES202/SA202S27	SES202	1.07625	-4.54894	-5.62519
BLOCK20/SES202/SA202S29	SES202	0.995908	-5.95554	-6.95145
BLOCK20/SES206/SA206S15	SES206	-0.648583	-3.72805	-3.07947
BLOCK20/SES206/SA206S17	SES206	0.680043	-5.996	-6.67604
BLOCK20/SES206/SA206S24	SES206	1.13843	-3.60097	-4.7394
BLOCK20/SES206/SA206S27	SES206	1.61888	-6.40899	-8.02787
BLOCK20/SES206/SA206S29	SES206	1.28617	-6.83562	-8.12179
BLOCK22/SES226/SA226S12	SES226	0.825346	-4.6035	-5.42884
BLOCK22/SES226/SA226S13	SES226	-1.19782	-5.64901	-4.45119
BLOCK22/SES226/SA226S20	SES226	0.275431	-4.39072	-4.66615
BLOCK22/SES226/SA226S23	SES226	0.455353	-3.56143	-4.01678
BLOCK22/SES226/SA226S28	SES226	0.932569	-3.23408	-4.16665
BLOCK25/SES259/SA259S13	SES259	2.31664	-4.84684	-7.16348
BLOCK25/SES259/SA259S14	SES259	1.42225	-4.59152	-6.01377
BLOCK25/SES259/SA259S22	SES259	1.07258	-4.76809	-5.84067
BLOCK25/SES259/SA259S24	SES259	1.2093	-5.70295	-6.91225
BLOCK25/SES259/SA259S28	SES259	0.955798	-4.96166	-5.91745
BLOCK27/SES270/SA270S14	SES270	1.47413	-4.09408	-5.56822
BLOCK27/SES270/SA270S16	SES270	0.385176	-3.87933	-4.2645
BLOCK27/SES270/SA270S22	SES270	1.29127	-3.79649	-5.08777
BLOCK27/SES270/SA270S26	SES270	2.40199	-4.60287	-7.00487
BLOCK27/SES270/SA270S28	SES270	2.13654	-1.72608	-3.86262
BLOCK27/SES275/SA275S17	SES275	0.345815	-4.69696	-5.04278
BLOCK27/SES275/SA275S18	SES275	-0.209288	-5.89902	-5.68973
BLOCK27/SES275/SA275S24	SES275	0.190767	-5.66312	-5.85388
BLOCK27/SES275/SA275S26	SES275	0.697855	-4.2595	-4.95736
BLOCK27/SES275/SA275S28	SES275	0.100206	-4.84184	-4.94204
BLOCK29/SES292/SA292S10	SES292	-0.300003	-4.62442	-4.32442
BLOCK29/SES292/SA292S12	SES292	0.625389	-5.93639	-6.56178
BLOCK29/SES292/SA292S22	SES292	0.165462	-5.44034	-5.60581
BLOCK29/SES292/SA292S24	SES292	0.445886	-2.8575	-3.30338
BLOCK29/SES292/SA292S27	SES292	-0.172401	-4.30653	-4.13413
BLOCK00/SES001/SA001S14	SES062	-2.50394	-10.2368	-7.73289
BLOCK00/SES001/SA001S14	SES082	-0.761271	-8.49416	-7.73289
BLOCK00/SES001/SA001S14	SES106	-1.1106	-8.84348	-7.73289
BLOCK00/SES001/SA001S14	SES206	-1.52824	-9.26112	-7.73289
BLOCK00/SES001/SA001S15	SES062	-1.89874	-7.80163	-5.90289
BLOCK00/SES001/SA001S15	SES104	-0.83958	-6.74247	-5.90289
BLOCK00/SES001/SA001S15	SES106	-0.843849	-6.74674	-5.90289
BLOCK00/SES001/SA001S15	SES206	-1.82049	-7.72338	-5.90289
BLOCK00/SES001/SA001S24	SES062	-2.83083	-11.1383	-8.30752
BLOCK00/SES001/SA001S24	SES082	-1.71626	-10.0238	-8.30752
BLOCK00/SES001/SA001S24	SES087	-4.32535	-12.6329	-8.30752
BLOCK00/SES001/SA001S24	SES206	-1.20383	-9.51135	-8.30752
BLOCK00/SES001/SA001S27	SES062	-0.92804	-4.13453	-3.20649
BLOCK00/SES001/SA001S27	SES082	-0.619169	-3.82566	-3.20649
BLOCK00/SES001/SA001S27	SES087	-1.02621	-4.2327	-3.20649
BLOCK00/SES001/SA001S27	SES206	-1.66728	-4.87377	-3.20649
BLOCK00/SES001/SA001S29	SES062	-2.04616	-8.99016	-6.944
BLOCK00/SES001/SA001S29	SES082	-0.724844	-7.66885	-6.944
BLOCK00/SES001/SA001S29	SES158	-0.765549	-7.70955	-6.944
BLOCK00/SES001/SA001S29	SES206	-1.86351	-8.80751	-6.944
BLOCK00/SES003/SA003S11	SES002	-0.105737	-3.44659	-3.34086
BLOCK00/SES003/SA003S11	SES019	-1.72619	-5.06705	-3.34086
BLOCK00/SES003/SA003S11	SES082	-0.730518	-4.07137	-3.34086
BLOCK00/SES003/SA003S11	SES125	-1.29481	-4.63566	-3.34086
BLOCK00/SES003/SA003S15	SES016	-1.01624	-6.59844	-5.5822
BLOCK00/SES003/SA003S15	SES019	-1.65849	-7.24069	-5.5822
BLOCK00/SES003/SA003S15	SES062	0.509894	-5.0723	-5.5822
BLOCK00/SES003/SA003S15	SES206	-0.630919	-6.21312	-5.5822
BLOCK00/SES003/SA003S22	SES002	-0.930024	-5.64376	-4.71373
BLOCK00/SES003/SA003S22	SES062	-0.295783	-5.00952	-4.71373
BLOCK00/SES003/SA003S22	SES082	-0.951978	-5.66571	-4.71373
BLOCK00/SES003/SA003S22	SES087	-1.52728	-6.24101	-4.71373
BLOCK00/SES003/SA003S25	SES062	-2.0932	-8.28026	-6.18706
BLOCK00/SES003/SA003S25	SES082	-1.61641	-7.80347	-6.18706
BLOCK00/SES003/SA003S25	SES087	-0.27727	-6.46433	-6.18706
BLOCK00/SES003/SA003S25	SES206	-1.66755	-7.85461	-6.18706
BLOCK00/SES003/SA003S29	SES002	-0.979142	-5.10377	-4.12463
BLOCK00/SES003/SA003S29	SES062	-2.14848	-6.27311	-4.12463
BLOCK00/SES003/SA003S29	SES082	-1.82829	-5.95291	-4.12463
BLOCK00/SES003/SA003S29	SES087	-1.05664	-5.18127	-4.12463
BLOCK00/SES004/SA004S12	SES083	-0.792894	-4.05768	-3.26479
BLOCK00/SES004/SA004S12	SES148	-1.3957	-4.66049	-3.26479
BLOCK00/SES004/SA004S12	SES172	0.119104	-3.14568	-3.26479
BLOCK00/SES004/SA004S12	SES292	-1.55083	-4.81562	-3.26479
BLOCK00/SES004/SA004S17	SES083	-0.872067	-4.8976	-4.02553
BLOCK00/SES004/SA004S17	SES162	-0.286114	-4.31164	-4.02553
BLOCK00/SES004/SA004S17	SES172	0.00250149	-4.02303	-4.02553
BLOCK00/SES004/SA004S17	SES292	-1.4163	-5.44183	-4.02553
BLOCK00/SES004/SA004S24	SES083	-0.756679	-5.61562	-4.85894
BLOCK00/SES004/SA004S24	SES148	-2.09717	-6.95611	-4.85894
BLOCK00/SES004/SA004S24	SES172	0.465191	-4.39375	-4.85894
BLOCK00/SES004/SA004S24	SES292	-1.40482	-6.26376	-4.85894
BLOCK00/SES004/SA004S26	SES083	-0.911566	-6.9192	-6.00763
BLOCK00/SES004/SA004S26	SES127	-1.12173	-7.12936	-6.00763
BLOCK00/SES004/SA004S26	SES148	-2.23587	-8.2435	-6.00763
BLOCK00/SES004/SA004S26	SES292	-2.32007	-8.3277	-6.00763
BLOCK00/SES004/SA004S28	SES083	-1.00077	-2.16226	-1.16148
BLOCK00/SES004/SA004S28	SES127	0.021227	-1.14025	-1.16148
BLOCK00/SES004/SA004S28	SES187	-0.0225642	-1.18405	-1.16148
BLOCK00/SES004/SA004S28	SES292	-0.827402	-1.98888	-1.16148
BLOCK00/SES006/SA006S10	SES014	-3.91289	-13.9373	-10.0244
BLOCK00/SES006/SA006S10	SES158	-4.35033	-14.3747	-10.0244
BLOCK00/SES006/SA006S10	SES226	-3.79726	-13.8216	-10.0244
BLOCK00/SES006/SA006S10	SES270	-2.66144	-12.6858	-10.0244
BLOCK00/SES006/SA006S11	SES158	-3.7206	-11.7688	-8.04823
BLOCK00/SES006/SA006S11	SES226	-3.45335	-11.5016	-8.04823
BLOCK00/SES006/SA006S11	SES270	-2.2031	-10.2513	-8.04823
BLOCK00/SES006/SA006S11	SES275	-1.79599	-9.84422	-8.04823
BLOCK00/SES006/SA006S23	SES062	-4.28378	-11.8404	-7.55666
BLOCK00/SES006/SA006S23	SES105	-2.93896	-10.4956	-7.55666
BLOCK00/SES006/SA006S23	SES158	-3.80679	-11.3635	-7.55666
BLOCK00/SES006/SA006S23	SES275	-2.2626	-9.81926	-7.55666
BLOCK00/SES006/SA006S26	SES104	-5.07745	-13.5238	-8.44633
BLOCK00/SES006/SA006S26	SES158	-3.86382	-12.3102	-8.44633
BLOCK00/SES006/SA006S26	SES270	-1.91935	-10.3657	-8.44633
BLOCK00/SES006/SA006S26	SES275	-2.29765	-10.744	-8.44633
BLOCK00/SES006/SA006S28	SES007	-1.76187	-10.2237	-8.46187
BLOCK00/SES006/SA006S28	SES105	-2.76852	-11.2304	-8.46187
BLOCK00/SES006/SA006S28	SES158	-2.25006	-10.7119	-8.46187
BLOCK00/SES006/SA006S28	SES275	-1.79468	-10.2565	-8.46187
BLOCK00/SES009/SA009S12	SES083	-2.27558	-9.3598	-7.08422
BLOCK00/SES009/SA009S12	SES148	-3.5553	-10.6395	-7.08422
BLOCK00/SES009/SA009S12	SES177	-0.801754	-7.88597	-7.08422
BLOCK00/SES009/SA009S12	SES292	-1.47568	-8.55989	-7.08422
BLOCK00/SES009/SA009S15	SES007	-0.886814	-7.36821	-6.4814
BLOCK00/SES009/SA009S15	SES099	-3.48138	-9.96278	-6.4814
BLOCK00/SES009/SA009S15	SES148	-3.78487	-10.2663	-6.4814
BLOCK00/SES009/SA009S15	SES172	-0.631392	-7.11279	-6.4814
BLOCK00/SES009/SA009S24	SES146	-0.856616	-8.48297	-7.62636
BLOCK00/SES009/SA009S24	SES148	-3.5009	-11.1273	-7.62636
BLOCK00/SES009/SA009S24	SES177	-0.523938	-8.1503	-7.62636
BLOCK00/SES009/SA009S24	SES292	-1.10515	-8.73151	-7.62636
BLOCK00/SES009/SA009S26	SES083	-1.87932	-7.49659	-5.61727
BLOCK00/SES009/SA009S26	SES101	-2.31126	-7.92853	-5.61727
BLOCK00/SES009/SA009S26	SES120	-1.49736	-7.11463	-5.61727
BLOCK00/SES009/SA009S26	SES177	-0.705212	-6.32248	-5.61727
BLOCK00/SES009/SA009S29	SES083	-1.35427	-7.35814	-6.00388
BLOCK00/SES009/SA009S29	SES101	-1.64829	-7.65217	-6.00388
BLOCK00/SES009/SA009S29	SES177	-0.350972	-6.35485	-6.00388
BLOCK00/SES009/SA009S29	SES292	-0.669675	-6.67355	-6.00388
BLOCK01/SES011/SA011S10	SES019	-2.80647	-12.8136	-10.0071
BLOCK01/SES011/SA011S10	SES042	-0.859926	-10.8671	-10.0071
BLOCK01/SES011/SA011S10	SES082	-1.60421	-11.6114	-10.0071
BLOCK01/SES011/SA011S10	SES206	-1.05291	-11.0601	-10.0071
BLOCK01/SES011/SA011S11	SES019	-1.78106	-10.4775	-8.69642
BLOCK01/SES011/SA011S11	SES042	-0.630689	-9.32711	-8.69642
BLOCK01/SES011/SA011S11	SES082	-1.21492	-9.91134	-8.69642
BLOCK01/SES011/SA011S11	SES206	-1.81949	-10.5159	-8.69642
BLOCK01/SES011/SA011S22	SES019	-0.938779	-10.2874	-9.34858
BLOCK01/SES011/SA011S22	SES042	0.460276	-8.8883	-9.34858
BLOCK01/SES011/SA011S22	SES082	-0.88218	-10.2308	-9.34858
BLOCK01/SES011/SA011S22	SES206	-1.01126	-10.3598	-9.34858
BLOCK01/SES011/SA011S24	SES019	-2.02915	-10.2972	-8.26801
BLOCK01/SES011/SA011S24	SES042	0.231712	-8.0363	-8.26801
BLOCK01/SES011/SA011S24	SES104	-0.835702	-9.10372	-8.26801
BLOCK01/SES011/SA011S24	SES206	-0.448279	-8.71629	-8.26801
BLOCK01/SES011/SA011S27	SES082	-0.791558	-8.1069	-7.31535
BLOCK01/SES011/SA011S27	SES087	-4.31718	-11.6325	-7.31535
BLOCK01/SES011/SA011S27	SES125	-1.46011	-8.77545	-7.31535
BLOCK01/SES011/SA011S27	SES206	-1.61971	-8.93506	-7.31535
BLOCK01/SES012/SA012S11	SES007	-0.496992	-5.04763	-4.55064
BLOCK01/SES012/SA012S11	SES082	-0.369276	-4.91991	-4.55064
BLOCK01/SES012/SA012S11	SES083	-0.950834	-5.50147	-4.55064
BLOCK01/SES012/SA012S11	SES206	-0.292738	-4.84337	-4.55064
BLOCK01/SES012/SA012S14	SES082	-0.220536	-7.35198	-7.13144
BLOCK01/SES012/SA012S14	SES087	-1.89755	-9.02899	-7.13144
BLOCK01/SES012/SA012S14	SES206	-0.278684	-7.41013	-7.13144
BLOCK01/SES012/SA012S14	SES292	-1.12277	-8.25421	-7.13144
BLOCK01/SES012/SA012S24	SES082	-1.25557	-9.73028	-8.4747
BLOCK01/SES012/SA012S24	SES087	-2.06398	-10.5387	-8.4747
BLOCK01/SES012/SA012S24	SES120	-1.88493	-10.3596	-8.4747
BLOCK01/SES012/SA012S24	SES206	-1.50562	-9.98032	-8.4747
BLOCK01/SES012/SA012S26	SES019	-5.40382	-14.6457	-9.24189
BLOCK01/SES012/SA012S26	SES082	-0.831226	-10.0731	-9.24189
BLOCK01/SES012/SA012S26	SES206	0.299171	-8.94272	-9.24189
BLOCK01/SES012/SA012S26	SES292	-0.576755	-9.81864	-9.24189
BLOCK01/SES012/SA012S29	SES062	-0.858038	-3.56182	-2.70378
BLOCK01/SES012/SA012S29	SES082	-0.361851	-3.06563	-2.70378
BLOCK01/SES012/SA012S29	SES083	-1.34339	-4.04718	-2.70378
BLOCK01/SES012/SA012S29	SES206	-0.055284	-2.75907	-2.70378
BLOCK01/SES013/SA013S16	SES062	-3.32087	-11.3538	-8.03292
BLOCK01/SES013/SA013S16	SES106	-2.46898	-10.5019	-8.03292
BLOCK01/SES013/SA013S16	SES206	-2.15028	-10.1832	-8.03292
BLOCK01/SES013/SA013S16	SES226	-2.47497	-10.5079	-8.03292
BLOCK01/SES013/SA013S17	SES062	-1.37243	-7.05725	-5.68482
BLOCK01/SES013/SA013S17	SES106	-2.20941	-7.89423	-5.68482
BLOCK01/SES013/SA013S17	SES206	-0.381095	-6.06592	-5.68482
BLOCK01/SES013/SA013S17	SES226	-0.608869	-6.29369	-5.68482
BLOCK01/SES013/SA013S23	SES104	-0.520092	-6.84766	-6.32757
BLOCK01/SES013/SA013S23	SES106	-1.60859	-7.93615	-6.32757
BLOCK01/SES013/SA013S23	SES206	-1.30273	-7.63029	-6.32757
BLOCK01/SES013/SA013S23	SES270	-1.76285	-8.09041	-6.32757
BLOCK01/SES013/SA013S25	SES042	-3.7795	-10.3415	-6.56195
BLOCK01/SES013/SA013S25	SES104	0.424879	-6.13707	-6.56195
BLOCK01/SES013/SA013S25	SES106	-0.347583	-6.90954	-6.56195
BLOCK01/SES013/SA013S25	SES206	-0.551062	-7.11301	-6.56195
BLOCK01/SES013/SA013S29	SES062	-2.57058	-10.0506	-7.47999
BLOCK01/SES013/SA013S29	SES104	-0.211194	-7.69119	-7.47999
BLOCK01/SES013/SA013S29	SES106	-1.25522	-8.73521	-7.47999
BLOCK01/SES013/SA013S29	SES206	-1.39687	-8.87686	-7.47999
BLOCK02/SES021/SA021S13	SES016	-2.22519	-7.89557	-5.67038
BLOCK02/SES021/SA021S13	SES029	-1.78276	-7.45314	-5.67038
BLOCK02/SES021/SA021S13	SES087	-2.71204	-8.38242	-5.67038
BLOCK02/SES021/SA021S13	SES206	-1.11058	-6.78096	-5.67038
BLOCK02/SES021/SA021S15	SES087	-1.57621	-6.84634	-5.27013
BLOCK02/SES021/SA021S15	SES125	-1.15156	-6.42169	-5.27013
BLOCK02/SES021/SA021S15	SES206	-1.58459	-6.85472	-5.27013
BLOCK02/SES021/SA021S15	SES226	-1.53528	-6.80541	-5.27013
BLOCK02/SES021/SA021S23	SES062	-2.39768	-8.59035	-6.19267
BLOCK02/SES021/SA021S23	SES087	-0.360624	-6.5533	-6.19267
BLOCK02/SES021/SA021S23	SES206	-1.29026	-7.48293	-6.19267
BLOCK02/SES021/SA021S23	SES226	-0.216749	-6.40942	-6.19267
BLOCK02/SES021/SA021S27	SES002	-2.48822	-5.96547	-3.47725
BLOCK02/SES021/SA021S27	SES016	-4.42054	-7.8978	-3.47725
BLOCK02/SES021/SA021S27	SES019	-1.66806	-5.14531	-3.47725
BLOCK02/SES021/SA021S27	SES062	-1.01304	-4.4903	-3.47725
BLOCK02/SES021/SA021S29	SES087	-1.30379	-6.47408	-5.17029
BLOCK02/SES021/SA021S29	SES125	-1.53738	-6.70767	-5.17029
BLOCK02/SES021/SA021S29	SES206	-0.6799	-5.85019	-5.17029
BLOCK02/SES021/SA021S29	SES226	-1.55247	-6.72276	-5.17029
BLOCK04/SES043/SA043S09	SES083	-0.193707	-7.33095	-7.13724
BLOCK04/SES043/SA043S09	SES101	-0.776922	-7.91416	-7.13724
BLOCK04/SES043/SA043S09	SES144	-0.479589	-7.61683	-7.13724
BLOCK04/SES043/SA043S09	SES172	-0.906978	-8.04422	-7.13724
BLOCK04/SES043/SA043S11	SES083	-0.111232	-3.87397	-3.76273
BLOCK04/SES043/SA043S11	SES101	-0.392843	-4.15558	-3.76273
BLOCK04/SES043/SA043S11	SES144	0.27867	-3.48406	-3.76273
BLOCK04/SES043/SA043S11	SES172	-1.16134	-4.92407	-3.76273
BLOCK04/SES043/SA043S23	SES083	-0.655788	-5.12318	-4.46739
BLOCK04/SES043/SA043S23	SES144	0.17854	-4.28885	-4.46739
BLOCK04/SES043/SA043S23	SES177	-1.31757	-5.78495	-4.46739
BLOCK04/SES043/SA043S23	SES275	-0.631358	-5.09874	-4.46739
BLOCK04/SES043/SA043S26	SES083	-0.462322	-10.0817	-9.61939
BLOCK04/SES043/SA043S26	SES101	-0.947258	-10.5666	-9.61939
BLOCK04/SES043/SA043S26	SES144	0.189478	-9.42991	-9.61939
BLOCK04/SES043/SA043S26	SES177	-1.48643	-11.1058	-9.61939
BLOCK04/SES043/SA043S28	SES016	-1.75606	-7.04808	-5.29201
BLOCK04/SES043/SA043S28	SES083	-0.862287	-6.1543	-5.29201
BLOCK04/SES043/SA043S28	SES101	-0.895068	-6.18708	-5.29201
BLOCK04/SES043/SA043S28	SES144	-1.42248	-6.7145	-5.29201
BLOCK04/SES044/SA044S10	SES127	-3.24757	-13.6405	-10.3929
BLOCK04/SES044/SA044S10	SES144	-0.929548	-11.3225	-10.3929
BLOCK04/SES044/SA044S10	SES147	-2.84189	-13.2348	-10.3929
BLOCK04/SES044/SA044S10	SES148	-1.86911	-12.262	-10.3929
BLOCK04/SES044/SA044S11	SES101	-1.12245	-8.84059	-7.71814
BLOCK04/SES044/SA044S11	SES144	-0.136455	-7.8546	-7.71814
BLOCK04/SES044/SA044S11	SES147	-1.69736	-9.4155	-7.71814
BLOCK04/SES044/SA044S11	SES177	-1.78863	-9.50678	-7.71814
BLOCK04/SES044/SA044S24	SES007	-1.79357	-9.21387	-7.4203
BLOCK04/SES044/SA044S24	SES101	-0.17401	-7.59431	-7.4203
BLOCK04/SES044/SA044S24	SES147	-1.59189	-9.0122	-7.4203
BLOCK04/SES044/SA044S24	SES177	-0.855739	-8.27604	-7.4203
BLOCK04/SES044/SA044S26	SES007	-1.1817	-5.592	-4.41031
BLOCK04/SES044/SA044S26	SES016	-0.996271	-5.40658	-4.41031
BLOCK04/SES044/SA044S26	SES101	-1.35292	-5.76323	-4.41031
BLOCK04/SES044/SA044S26	SES147	-0.940699	-5.35101	-4.41031
BLOCK04/SES044/SA044S29	SES007	-1.66248	-6.94836	-5.28588
BLOCK04/SES044/SA044S29	SES101	-1.58637	-6.87225	-5.28588
BLOCK04/SES044/SA044S29	SES147	-1.75734	-7.04321	-5.28588
BLOCK04/SES044/SA044S29	SES177	-2.67072	-7.9566	-5.28588
BLOCK04/SES046/SA046S13	SES101	-0.720337	-7.95228	-7.23194
BLOCK04/SES046/SA046S13	SES144	-0.40767	-7.63961	-7.23194
BLOCK04/SES046/SA046S13	SES147	-1.01013	-8.24207	-7.23194
BLOCK04/SES046/SA046S13	SES177	-1.37422	-8.60616	-7.23194
BLOCK04/SES046/SA046S15	SES048	-0.00207496	-3.52201	-3.51994
BLOCK04/SES046/SA046S15	SES083	-0.600835	-4.12077	-3.51994
BLOCK04/SES046/SA046S15	SES120	-1.93241	-5.45235	-3.51994
BLOCK04/SES046/SA046S15	SES148	-1.35525	-4.87519	-3.51994
BLOCK04/SES046/SA046S22	SES101	-1.09813	-7.5102	-6.41207
BLOCK04/SES046/SA046S22	SES144	0.332373	-6.0797	-6.41207
BLOCK04/SES046/SA046S22	SES147	-0.927155	-7.33923	-6.41207
BLOCK04/SES046/SA046S22	SES172	-0.091866	-6.50394	-6.41207
BLOCK04/SES046/SA046S25	SES083	-0.886761	-4.61815	-3.73138
BLOCK04/SES046/SA046S25	SES127	-0.996644	-4.72803	-3.73138
BLOCK04/SES046/SA046S25	SES144	-0.798774	-4.53016	-3.73138
BLOCK04/SES046/SA046S25	SES148	-0.820296	-4.55168	-3.73138
BLOCK04/SES046/SA046S28	SES007	-1.26769	-6.57548	-5.30779
BLOCK04/SES046/SA046S28	SES105	-1.31676	-6.62455	-5.30779
BLOCK04/SES046/SA046S28	SES147	-1.07694	-6.38473	-5.30779
BLOCK04/SES046/SA046S28	SES148	-2.03742	-7.3452	-5.30779
BLOCK04/SES049/SA049S16	SES104	-0.582779	-8.11426	-7.53148
BLOCK04/SES049/SA049S16	SES106	-2.82109	-10.3526	-7.53148
BLOCK04/SES049/SA049S16	SES120	-1.88038	-9.41186	-7.53148
BLOCK04/SES049/SA049S16	SES206	-1.48329	-9.01477	-7.53148
BLOCK04/SES049/SA049S18	SES099	0.087707	-6.98243	-7.07014
BLOCK04/SES049/SA049S18	SES104	-0.958286	-8.02843	-7.07014
BLOCK04/SES049/SA049S18	SES125	-1.76657	-8.83671	-7.07014
BLOCK04/SES049/SA049S18	SES206	-1.26491	-8.33505	-7.07014
BLOCK04/SES049/SA049S25	SES087	-1.32282	-8.31821	-6.99539
BLOCK04/SES049/SA049S25	SES104	-0.222345	-7.21774	-6.99539
BLOCK04/SES049/SA049S25	SES125	-1.58653	-8.58192	-6.99539
BLOCK04/SES049/SA049S25	SES206	-0.97921	-7.97461	-6.99539
BLOCK04/SES049/SA049S27	SES099	-2.17599	-3.89008	-1.71408
BLOCK04/SES049/SA049S27	SES104	-0.270711	-1.98479	-1.71408
BLOCK04/SES049/SA049S27	SES125	-1.88032	-3.5944	-1.71408
BLOCK04/SES049/SA049S27	SES206	-1.98309	-3.69717	-1.71408
BLOCK04/SES049/SA049S29	SES099	-0.0438564	-3.20193	-3.15807
BLOCK04/SES049/SA049S29	SES104	0.560642	-2.59743	-3.15807
BLOCK04/SES049/SA049S29	SES125	-0.0627909	-3.22086	-3.15807
BLOCK04/SES049/SA049S29	SES206	-1.00105	-4.15912	-3.15807
BLOCK06/SES063/SA063S09	SES068	-1.61545	-9.33864	-7.72319
BLOCK06/SES063/SA063S09	SES083	-0.985319	-8.70851	-7.72319
BLOCK06/SES063/SA063S09	SES177	-1.35136	-9.07456	-7.72319
BLOCK06/SES063/SA063S09	SES187	-1.94883	-9.67202	-7.72319
BLOCK06/SES063/SA063S10	SES068	-1.31683	-8.52588	-7.20905
BLOCK06/SES063/SA063S10	SES083	-1.02787	-8.23692	-7.20905
BLOCK06/SES063/SA063S10	SES172	-1.17759	-8.38664	-7.20905
BLOCK06/SES063/SA063S10	SES187	-1.06418	-8.27323	-7.20905
BLOCK06/SES063/SA063S20	SES068	-2.29467	-10.2475	-7.95283
BLOCK06/SES063/SA063S20	SES083	-1.0899	-9.04272	-7.95283
BLOCK06/SES063/SA063S20	SES172	-0.969837	-8.92266	-7.95283
BLOCK06/SES063/SA063S20	SES187	-1.31718	-9.27001	-7.95283
BLOCK06/SES063/SA063S24	SES029	-1.09039	-9.20394	-8.11355
BLOCK06/SES063/SA063S24	SES083	0.458125	-7.65542	-8.11355
BLOCK06/SES063/SA063S24	SES177	-0.742437	-8.85598	-8.11355
BLOCK06/SES063/SA063S24	SES189	-0.708956	-8.8225	-8.11355
BLOCK06/SES063/SA063S27	SES083	-0.403584	-8.67606	-8.27247
BLOCK06/SES063/SA063S27	SES172	-1.58783	-9.8603	-8.27247
BLOCK06/SES063/SA063S27	SES187	-2.04121	-10.3137	-8.27247
BLOCK06/SES063/SA063S27	SES292	-1.11217	-9.38465	-8.27247
BLOCK06/SES067/SA067S12	SES083	-1.36349	-6.00292	-4.63943
BLOCK06/SES067/SA067S12	SES172	-1.81979	-6.45922	-4.63943
BLOCK06/SES067/SA067S12	SES202	-1.1736	-5.81303	-4.63943
BLOCK06/SES067/SA067S12	SES292	-1.47584	-6.11527	-4.63943
BLOCK06/SES067/SA067S14	SES085	-0.942472	-3.21997	-2.2775
BLOCK06/SES067/SA067S14	SES177	-1.71341	-3.99091	-2.2775
BLOCK06/SES067/SA067S14	SES183	0.342223	-1.93528	-2.2775
BLOCK06/SES067/SA067S14	SES202	-1.3881	-3.6656	-2.2775
BLOCK06/SES067/SA067S21	SES144	-1.0471	-6.25306	-5.20596
BLOCK06/SES067/SA067S21	SES177	-1.36716	-6.57311	-5.20596
BLOCK06/SES067/SA067S21	SES183	-0.790758	-5.99671	-5.20596
BLOCK06/SES067/SA067S21	SES189	-1.67185	-6.8778	-5.20596
BLOCK06/SES067/SA067S25	SES085	-1.74817	-7.95884	-6.21066
BLOCK06/SES067/SA067S25	SES177	-0.906521	-7.11718	-6.21066
BLOCK06/SES067/SA067S25	SES183	-1.34106	-7.55172	-6.21066
BLOCK06/SES067/SA067S25	SES202	-1.69536	-7.90602	-6.21066
BLOCK06/SES067/SA067S29	SES085	-2.11679	-9.26157	-7.14478
BLOCK06/SES067/SA067S29	SES177	-2.57043	-9.71522	-7.14478
BLOCK06/SES067/SA067S29	SES183	-0.18913	-7.33391	-7.14478
BLOCK06/SES067/SA067S29	SES202	-2.34466	-9.48944	-7.14478
BLOCK06/SES069/SA069S12	SES029	-2.10135	-6.00852	-3.90717
BLOCK06/SES069/SA069S12	SES082	-0.582106	-4.48928	-3.90717
BLOCK06/SES069/SA069S12	SES087	-1.34449	-5.25166	-3.90717
BLOCK06/SES069/SA069S12	SES206	-0.719049	-4.62622	-3.90717
BLOCK06/SES069/SA069S13	SES029	-1.44848	-4.68062	-3.23214
BLOCK06/SES069/SA069S13	SES087	0.0846753	-3.14746	-3.23214
BLOCK06/SES069/SA069S13	SES206	-1.0398	-4.27194	-3.23214
BLOCK06/SES069/SA069S13	SES226	0.607573	-2.62456	-3.23214
BLOCK06/SES069/SA069S23	SES029	-0.140196	-1.77195	-1.63176
BLOCK06/SES069/SA069S23	SES087	0.839883	-0.791875	-1.63176
BLOCK06/SES069/SA069S23	SES206	-0.130452	-1.76221	-1.63176
BLOCK06/SES069/SA069S23	SES226	0.354351	-1.27741	-1.63176
BLOCK06/SES069/SA069S25	SES087	-0.366665	-4.33257	-3.9659
BLOCK06/SES069/SA069S25	SES206	-1.90464	-5.87054	-3.9659
BLOCK06/SES069/SA069S25	SES226	-0.247379	-4.21328	-3.9659
BLOCK06/SES069/SA069S25	SES270	-1.68852	-5.65442	-3.9659
BLOCK06/SES069/SA069S27	SES087	-1.50091	-6.24324	-4.74234
BLOCK06/SES069/SA069S27	SES206	-0.837305	-5.57964	-4.74234
BLOCK06/SES069/SA069S27	SES226	-0.523596	-5.26594	-4.74234
BLOCK06/SES069/SA069S27	SES270	-1.57984	-6.32218	-4.74234
BLOCK08/SES081/SA081S11	SES060	-2.17427	-9.59521	-7.42094
BLOCK08/SES081/SA081S11	SES062	-1.70568	-9.12662	-7.42094
BLOCK08/SES081/SA081S11	SES117	-2.12224	-9.54318	-7.42094
BLOCK08/SES081/SA081S11	SES162	-2.45682	-9.87776	-7.42094
BLOCK08/SES081/SA081S13	SES016	-1.68267	-7.15361	-5.47094
BLOCK08/SES081/SA081S13	SES060	-0.520646	-5.99158	-5.47094
BLOCK08/SES081/SA081S13	SES068	-0.921489	-6.39243	-5.47094
BLOCK08/SES081/SA081S13	SES129	-2.65232	-8.12326	-5.47094
BLOCK08/SES081/SA081S24	SES060	-0.716003	-6.57539	-5.85939
BLOCK08/SES081/SA081S24	SES068	-1.16358	-7.02296	-5.85939
BLOCK08/SES081/SA081S24	SES117	-1.68657	-7.54596	-5.85939
BLOCK08/SES081/SA081S24	SES275	-1.58307	-7.44245	-5.85939
BLOCK08/SES081/SA081S27	SES007	-1.41882	-11.7669	-10.3481
BLOCK08/SES081/SA081S27	SES060	-1.67018	-12.0183	-10.3481
BLOCK08/SES081/SA081S27	SES117	-1.64087	-11.989	-10.3481
BLOCK08/SES081/SA081S27	SES275	-3.07305	-13.4212	-10.3481
BLOCK08/SES081/SA081S29	SES007	-0.411877	-10.3156	-9.90374
BLOCK08/SES081/SA081S29	SES060	-0.834366	-10.7381	-9.90374
BLOCK08/SES081/SA081S29	SES117	-1.07721	-10.9809	-9.90374
BLOCK08/SES081/SA081S29	SES275	-2.29559	-12.1993	-9.90374
BLOCK08/SES086/SA086S11	SES029	-3.02773	-12.3357	-9.30793
BLOCK08/SES086/SA086S11	SES082	-0.907479	-10.2154	-9.30793
BLOCK08/SES086/SA086S11	SES087	-0.471303	-9.77924	-9.30793
BLOCK08/SES086/SA086S11	SES206	-1.40889	-10.7168	-9.30793
BLOCK08/SES086/SA086S12	SES029	-1.99988	-9.3261	-7.32623
BLOCK08/SES086/SA086S12	SES082	-1.56019	-8.88642	-7.32623
BLOCK08/SES086/SA086S12	SES087	0.0698938	-7.25633	-7.32623
BLOCK08/SES086/SA086S12	SES206	-1.46993	-8.79615	-7.32623
BLOCK08/SES086/SA086S20	SES029	-1.69276	-8.80019	-7.10742
BLOCK08/SES086/SA086S20	SES082	-1.02385	-8.13128	-7.10742
BLOCK08/SES086/SA086S20	SES087	-0.337732	-7.44515	-7.10742
BLOCK08/SES086/SA086S20	SES206	-0.716256	-7.82368	-7.10742
BLOCK08/SES086/SA086S24	SES087	-0.318341	-8.43542	-8.11707
BLOCK08/SES086/SA086S24	SES104	-0.181428	-8.2985	-8.11707
BLOCK08/SES086/SA086S24	SES120	-0.0414715	-8.15855	-8.11707
BLOCK08/SES086/SA086S24	SES206	0.468725	-7.64835	-8.11707
BLOCK08/SES086/SA086S28	SES029	-2.18304	-6.94517	-4.76213
BLOCK08/SES086/SA086S28	SES082	-1.03797	-5.8001	-4.76213
BLOCK08/SES086/SA086S28	SES087	-0.132029	-4.89416	-4.76213
BLOCK08/SES086/SA086S28	SES206	-0.876719	-5.63885	-4.76213
BLOCK08/SES089/SA089S13	SES087	-0.927901	-8.16347	-7.23557
BLOCK08/SES089/SA089S13	SES206	-1.99808	-9.23365	-7.23557
BLOCK08/SES089/SA089S13	SES226	-0.844712	-8.08028	-7.23557
BLOCK08/SES089/SA089S13	SES270	-0.933136	-8.1687	-7.23557
BLOCK08/SES089/SA089S14	SES062	-1.51526	-7.79577	-6.28051
BLOCK08/SES089/SA089S14	SES087	0.0972362	-6.18327	-6.28051
BLOCK08/SES089/SA089S14	SES206	-1.39781	-7.67831	-6.28051
BLOCK08/SES089/SA089S14	SES226	-1.31525	-7.59576	-6.28051
BLOCK08/SES089/SA089S23	SES087	-0.761292	-10.1984	-9.43712
BLOCK08/SES089/SA089S23	SES206	-1.81496	-11.2521	-9.43712
BLOCK08/SES089/SA089S23	SES226	-1.97733	-11.4144	-9.43712
BLOCK08/SES089/SA089S23	SES270	-2.09604	-11.5332	-9.43712
BLOCK08/SES089/SA089S25	SES062	-1.31897	-8.41801	-7.09904
BLOCK08/SES089/SA089S25	SES087	-0.0755272	-7.17457	-7.09904
BLOCK08/SES089/SA089S25	SES206	-1.34875	-8.4478	-7.09904
BLOCK08/SES089/SA089S25	SES226	-1.03674	-8.13578	-7.09904
BLOCK08/SES089/SA089S28	SES062	-1.01303	-7.13792	-6.12489
BLOCK08/SES089/SA089S28	SES087	0.432938	-5.69195	-6.12489
BLOCK08/SES089/SA089S28	SES206	-0.834435	-6.95933	-6.12489
BLOCK08/SES089/SA089S28	SES226	-0.612701	-6.73759	-6.12489
BLOCK09/SES097/SA097S11	SES099	-0.156378	-5.4143	-5.25792
BLOCK09/SES097/SA097S11	SES125	-0.988688	-6.24661	-5.25792
BLOCK09/SES097/SA097S11	SES206	-1.105	-6.36293	-5.25792
BLOCK09/SES097/SA097S11	SES226	0.586535	-4.67139	-5.25792
BLOCK09/SES097/SA097S14	SES062	-2.23074	-6.42549	-4.19475
BLOCK09/SES097/SA097S14	SES099	-1.06101	-5.25576	-4.19475
BLOCK09/SES097/SA097S14	SES104	-1.64604	-5.84079	-4.19475
BLOCK09/SES097/SA097S14	SES206	-1.85112	-6.04587	-4.19475
BLOCK09/SES097/SA097S22	SES099	0.0801239	-5.14612	-5.22624
BLOCK09/SES097/SA097S22	SES206	-1.5082	-6.73445	-5.22624
BLOCK09/SES097/SA097S22	SES226	-2.31986	-7.54611	-5.22624
BLOCK09/SES097/SA097S22	SES270	-1.94562	-7.17186	-5.22624
BLOCK09/SES097/SA097S26	SES099	0.774551	-6.48225	-7.2568
BLOCK09/SES097/SA097S26	SES120	-0.949365	-8.20617	-7.2568
BLOCK09/SES097/SA097S26	SES206	-1.20568	-8.46249	-7.2568
BLOCK09/SES097/SA097S26	SES226	-0.472865	-7.72967	-7.2568
BLOCK09/SES097/SA097S28	SES099	0.73505	-4.56155	-5.2966
BLOCK09/SES097/SA097S28	SES120	-1.11352	-6.41012	-5.2966
BLOCK09/SES097/SA097S28	SES206	-1.0755	-6.3721	-5.2966
BLOCK09/SES097/SA097S28	SES226	-1.09707	-6.39367	-5.2966
BLOCK09/SES098/SA098S11	SES127	-1.69988	-7.58771	-5.88783
BLOCK09/SES098/SA098S11	SES144	-1.32787	-7.2157	-5.88783
BLOCK09/SES098/SA098S11	SES147	-0.524453	-6.41228	-5.88783
BLOCK09/SES098/SA098S11	SES148	-2.75764	-8.64547	-5.88783
BLOCK09/SES098/SA098S12	SES127	-2.24167	-10.4451	-8.2034
BLOCK09/SES098/SA098S12	SES144	-1.41885	-9.62225	-8.2034
BLOCK09/SES098/SA098S12	SES147	-0.882227	-9.08563	-8.2034
BLOCK09/SES098/SA098S12	SES189	-1.79142	-9.99482	-8.2034
BLOCK09/SES098/SA098S20	SES127	-3.44491	-13.704	-10.2591
BLOCK09/SES098/SA098S20	SES147	-2.00423	-12.2633	-10.2591
BLOCK09/SES098/SA098S20	SES148	-4.69362	-14.9527	-10.2591
BLOCK09/SES098/SA098S20	SES292	-0.309385	-10.5685	-10.2591
BLOCK09/SES098/SA098S23	SES127	-1.71197	-9.018	-7.30603
BLOCK09/SES098/SA098S23	SES147	-1.56129	-8.86732	-7.30603
BLOCK09/SES098/SA098S23	SES187	-0.674415	-7.98044	-7.30603
BLOCK09/SES098/SA098S23	SES292	-1.24392	-8.54995	-7.30603
BLOCK09/SES098/SA098S27	SES127	-3.5531	-11.0719	-7.51881
BLOCK09/SES098/SA098S27	SES147	-2.0564	-9.5752	-7.51881
BLOCK09/SES098/SA098S27	SES148	-2.88703	-10.4058	-7.51881
BLOCK09/SES098/SA098S27	SES292	-1.49406	-9.01287	-7.51881
BLOCK10/SES102/SA102S13	SES101	-1.05593	-9.87599	-8.82006
BLOCK10/SES102/SA102S13	SES105	-1.10663	-9.92669	-8.82006
BLOCK10/SES102/SA102S13	SES120	-1.8459	-10.666	-8.82006
BLOCK10/SES102/SA102S13	SES158	-0.610961	-9.43102	-8.82006
BLOCK10/SES102/SA102S14	SES007	0.262966	-4.50563	-4.7686
BLOCK10/SES102/SA102S14	SES101	-0.591796	-5.36039	-4.7686
BLOCK10/SES102/SA102S14	SES105	-0.930939	-5.69954	-4.7686
BLOCK10/SES102/SA102S14	SES147	-2.29163	-7.06023	-4.7686
BLOCK10/SES102/SA102S22	SES007	-0.945261	-6.44889	-5.50363
BLOCK10/SES102/SA102S22	SES101	-0.800282	-6.30391	-5.50363
BLOCK10/SES102/SA102S22	SES105	-0.961431	-6.46506	-5.50363
BLOCK10/SES102/SA102S22	SES158	-1.08623	-6.58986	-5.50363
BLOCK10/SES102/SA102S25	SES007	-0.31016	-5.7813	-5.47114
BLOCK10/SES102/SA102S25	SES101	-0.599363	-6.07051	-5.47114
BLOCK10/SES102/SA102S25	SES105	-1.30627	-6.77741	-5.47114
BLOCK10/SES102/SA102S25	SES147	-1.84718	-7.31832	-5.47114
BLOCK10/SES102/SA102S27	SES007	-0.0432267	-4.71257	-4.66934
BLOCK10/SES102/SA102S27	SES101	0.0610943	-4.60825	-4.66934
BLOCK10/SES102/SA102S27	SES105	-1.38401	-6.05335	-4.66934
BLOCK10/SES102/SA102S27	SES147	-1.36993	-6.03927	-4.66934
BLOCK10/SES103/SA103S14	SES105	-1.93018	-12.2157	-10.2855
BLOCK10/SES103/SA103S14	SES106	-2.6759	-12.9614	-10.2855
BLOCK10/SES103/SA103S14	SES120	-2.58778	-12.8733	-10.2855
BLOCK10/SES103/SA103S14	SES206	-1.9263	-12.2118	-10.2855
BLOCK10/SES103/SA103S15	SES099	-2.49048	-13.0848	-10.5943
BLOCK10/SES103/SA103S15	SES101	-2.81726	-13.4116	-10.5943
BLOCK10/SES103/SA103S15	SES104	-0.995808	-11.5901	-10.5943
BLOCK10/SES103/SA103S15	SES125	-4.3218	-14.9161	-10.5943
BLOCK10/SES103/SA103S24	SES104	-1.3483	-7.29505	-5.94675
BLOCK10/SES103/SA103S24	SES125	-4.38813	-10.3349	-5.94675
BLOCK10/SES103/SA103S24	SES148	-2.91524	-8.862	-5.94675
BLOCK10/SES103/SA103S24	SES158	-2.03641	-7.98316	-5.94675
BLOCK10/SES103/SA103S26	SES104	-0.776036	-9.87058	-9.09455
BLOCK10/SES103/SA103S26	SES106	-0.732642	-9.82719	-9.09455
BLOCK10/SES103/SA103S26	SES125	-1.8469	-10.9415	-9.09455
BLOCK10/SES103/SA103S26	SES148	-4.20218	-13.2967	-9.09455
BLOCK10/SES103/SA103S28	SES104	-1.41549	-11.646	-10.2305
BLOCK10/SES103/SA103S28	SES106	-3.14028	-13.3707	-10.2305
BLOCK10/SES103/SA103S28	SES125	-4.10678	-14.3372	-10.2305
BLOCK10/SES103/SA103S28	SES206	-2.33627	-12.5667	-10.2305
BLOCK12/SES121/SA121S12	SES042	-2.73359	-9.92063	-7.18705
BLOCK12/SES121/SA121S12	SES087	-1.46824	-8.65528	-7.18705
BLOCK12/SES121/SA121S12	SES105	-0.275322	-7.46237	-7.18705
BLOCK12/SES121/SA121S12	SES206	-0.436077	-7.62312	-7.18705
BLOCK12/SES121/SA121S14	SES007	-1.49443	-13.3022	-11.8078
BLOCK12/SES121/SA121S14	SES105	-1.7144	-13.5222	-11.8078
BLOCK12/SES121/SA121S14	SES106	-1.6387	-13.4465	-11.8078
BLOCK12/SES121/SA121S14	SES206	-0.985959	-12.7937	-11.8078
BLOCK12/SES121/SA121S23	SES105	-1.56761	-11.3051	-9.73747
BLOCK12/SES121/SA121S23	SES106	-1.71651	-11.454	-9.73747
BLOCK12/SES121/SA121S23	SES120	-1.87476	-11.6122	-9.73747
BLOCK12/SES121/SA121S23	SES206	0.858644	-8.87883	-9.73747
BLOCK12/SES121/SA121S25	SES007	-0.996564	-12.8289	-11.8323
BLOCK12/SES121/SA121S25	SES105	-1.61782	-13.4502	-11.8323
BLOCK12/SES121/SA121S25	SES106	-1.06989	-12.9022	-11.8323
BLOCK12/SES121/SA121S25	SES206	-0.622825	-12.4552	-11.8323
BLOCK12/SES121/SA121S27	SES087	-0.412896	-11.8326	-11.4197
BLOCK12/SES121/SA121S27	SES105	-3.07518	-14.4949	-11.4197
BLOCK12/SES121/SA121S27	SES120	-0.422174	-11.8419	-11.4197
BLOCK12/SES121/SA121S27	SES206	-0.678741	-12.0985	-11.4197
BLOCK12/SES124/SA124S16	SES042	-0.343643	-5.49938	-5.15574
BLOCK12/SES124/SA124S16	SES082	-1.4519	-6.60764	-5.15574
BLOCK12/SES124/SA124S16	SES183	-0.871002	-6.02674	-5.15574
BLOCK12/SES124/SA124S16	SES206	-1.82485	-6.98059	-5.15574
BLOCK12/SES124/SA124S17	SES105	-1.9058	-9.8339	-7.9281
BLOCK12/SES124/SA124S17	SES149	-1.60185	-9.52995	-7.9281
BLOCK12/SES124/SA124S17	SES158	-2.48929	-10.4174	-7.9281
BLOCK12/SES124/SA124S17	SES275	-1.93193	-9.86003	-7.9281
BLOCK12/SES124/SA124S23	SES105	-1.98293	-5.91297	-3.93004
BLOCK12/SES124/SA124S23	SES125	1.27343	-2.65661	-3.93004
BLOCK12/SES124/SA124S23	SES129	-1.45689	-5.38693	-3.93004
BLOCK12/SES124/SA124S23	SES158	-0.908456	-4.8385	-3.93004
BLOCK12/SES124/SA124S26	SES105	-2.16598	-8.77872	-6.61274
BLOCK12/SES124/SA124S26	SES125	-0.400843	-7.01358	-6.61274
BLOCK12/SES124/SA124S26	SES129	-1.85727	-8.47001	-6.61274
BLOCK12/SES124/SA124S26	SES158	-1.39399	-8.00673	-6.61274
BLOCK12/SES124/SA124S28	SES104	0.094645	-5.26506	-5.35971
BLOCK12/SES124/SA124S28	SES106	-0.154164	-5.51387	-5.35971
BLOCK12/SES124/SA124S28	SES125	1.02805	-4.33166	-5.35971
BLOCK12/SES124/SA124S28	SES275	-1.80175	-7.16146	-5.35971
BLOCK12/SES126/SA126S13	SES007	-0.99747	-9.04458	-8.04711
BLOCK12/SES126/SA126S13	SES162	-1.6161	-9.66321	-8.04711
BLOCK12/SES126/SA126S13	SES177	-0.858071	-8.90518	-8.04711
BLOCK12/SES126/SA126S13	SES180	-1.16683	-9.21394	-8.04711
BLOCK12/SES126/SA126S14	SES144	-1.04421	-6.79672	-5.75252
BLOCK12/SES126/SA126S14	SES148	-1.69168	-7.4442	-5.75252
BLOCK12/SES126/SA126S14	SES177	-0.644292	-6.39681	-5.75252
BLOCK12/SES126/SA126S14	SES180	-0.799623	-6.55214	-5.75252
BLOCK12/SES126/SA126S20	SES007	-1.20704	-4.55923	-3.35219
BLOCK12/SES126/SA126S20	SES162	-0.97558	-4.32777	-3.35219
BLOCK12/SES126/SA126S20	SES172	-0.96542	-4.31761	-3.35219
BLOCK12/SES126/SA126S20	SES180	-0.680422	-4.03261	-3.35219
BLOCK12/SES126/SA126S24	SES120	-0.566382	-5.81952	-5.25313
BLOCK12/SES126/SA126S24	SES162	-0.91269	-6.16582	-5.25313
BLOCK12/SES126/SA126S24	SES177	-0.38392	-5.63705	-5.25313
BLOCK12/SES126/SA126S24	SES180	-0.455283	-5.70842	-5.25313
BLOCK12/SES126/SA126S26	SES120	-0.257811	-5.3018	-5.04399
BLOCK12/SES126/SA126S26	SES177	-0.845754	-5.88975	-5.04399
BLOCK12/SES126/SA126S26	SES180	-0.234197	-5.27819	-5.04399
BLOCK12/SES126/SA126S26	SES202	-0.642427	-5.68642	-5.04399
BLOCK12/SES128/SA128S10	SES087	-1.50865	-7.08561	-5.57696
BLOCK12/SES128/SA128S10	SES206	-0.721756	-6.29871	-5.57696
BLOCK12/SES128/SA128S10	SES226	-0.815273	-6.39223	-5.57696
BLOCK12/SES128/SA128S10	SES270	-1.52403	-7.10099	-5.57696
BLOCK12/SES128/SA128S12	SES120	-0.606751	-8.31214	-7.70538
BLOCK12/SES128/SA128S12	SES158	-2.26732	-9.97271	-7.70538
BLOCK12/SES128/SA128S12	SES206	-0.39731	-8.10269	-7.70538
BLOCK12/SES128/SA128S12	SES226	-1.84301	-9.54839	-7.70538
BLOCK12/SES128/SA128S21	SES106	-3.0361	-9.19351	-6.15741
BLOCK12/SES128/SA128S21	SES120	-0.761183	-6.9186	-6.15741
BLOCK12/SES128/SA128S21	SES206	-0.684764	-6.84218	-6.15741
BLOCK12/SES128/SA128S21	SES226	-0.950433	-7.10785	-6.15741
BLOCK12/SES128/SA128S24	SES087	-0.857487	-8.81281	-7.95532
BLOCK12/SES128/SA128S24	SES120	-0.554845	-8.51017	-7.95532
BLOCK12/SES128/SA128S24	SES206	-0.796184	-8.75151	-7.95532
BLOCK12/SES128/SA128S24	SES226	-1.81402	-9.76935	-7.95532
BLOCK12/SES128/SA128S27	SES099	-0.91659	-7.09519	-6.1786
BLOCK12/SES128/SA128S27	SES120	-0.81921	-6.99781	-6.1786
BLOCK12/SES128/SA128S27	SES206	-1.09991	-7.27851	-6.1786
BLOCK12/SES128/SA128S27	SES226	-1.09458	-7.27319	-6.1786
BLOCK13/SES130/SA130S13	SES143	-0.806959	-7.30813	-6.50117
BLOCK13/SES130/SA130S13	SES144	0.455491	-6.04568	-6.50117
BLOCK13/SES130/SA130S13	SES146	-1.96869	-8.46986	-6.50117
BLOCK13/SES130/SA130S13	SES275	-2.11337	-8.61454	-6.50117
BLOCK13/SES130/SA130S15	SES143	-0.555575	-5.19954	-4.64396
BLOCK13/SES130/SA130S15	SES144	0.111692	-4.53227	-4.64396
BLOCK13/SES130/SA130S15	SES146	-0.622027	-5.26599	-4.64396
BLOCK13/SES130/SA130S15	SES275	-1.15582	-5.79978	-4.64396
BLOCK13/SES130/SA130S23	SES127	-0.168742	-4.80006	-4.63132
BLOCK13/SES130/SA130S23	SES144	0.745476	-3.88585	-4.63132
BLOCK13/SES130/SA130S23	SES146	-0.136143	-4.76747	-4.63132
BLOCK13/SES130/SA130S23	SES162	-0.0741076	-4.70543	-4.63132
BLOCK13/SES130/SA130S25	SES127	-0.63767	-2.82527	-2.1876
BLOCK13/SES130/SA130S25	SES144	0.0631485	-2.12445	-2.1876
BLOCK13/SES130/SA130S25	SES146	-0.0954556	-2.28306	-2.1876
BLOCK13/SES130/SA130S25	SES275	-1.13757	-3.32517	-2.1876
BLOCK13/SES130/SA130S28	SES127	-0.380043	-5.40319	-5.02315
BLOCK13/SES130/SA130S28	SES144	-0.826796	-5.84995	-5.02315
BLOCK13/SES130/SA130S28	SES146	-0.64393	-5.66708	-5.02315
BLOCK13/SES130/SA130S28	SES275	-0.750233	-5.77339	-5.02315
BLOCK13/SES131/SA131S13	SES002	-2.16388	-8.30758	-6.1437
BLOCK13/SES131/SA131S13	SES007	-1.64847	-7.79217	-6.1437
BLOCK13/SES131/SA131S13	SES099	-1.1566	-7.3003	-6.1437
BLOCK13/SES131/SA131S13	SES105	-0.860259	-7.00396	-6.1437
BLOCK13/SES131/SA131S14	SES104	-0.733653	-2.63306	-1.89941
BLOCK13/SES131/SA131S14	SES106	-2.49749	-4.3969	-1.89941
BLOCK13/SES131/SA131S14	SES125	-1.61528	-3.51469	-1.89941
BLOCK13/SES131/SA131S14	SES148	-0.106872	-2.00628	-1.89941
BLOCK13/SES131/SA131S20	SES104	-2.93903	-10.6781	-7.73908
BLOCK13/SES131/SA131S20	SES106	-2.67729	-10.4164	-7.73908
BLOCK13/SES131/SA131S20	SES125	-2.593	-10.3321	-7.73908
BLOCK13/SES131/SA131S20	SES148	-2.18588	-9.92496	-7.73908
BLOCK13/SES131/SA131S22	SES099	-1.83812	-6.84987	-5.01175
BLOCK13/SES131/SA131S22	SES104	-0.965341	-5.9771	-5.01175
BLOCK13/SES131/SA131S22	SES125	-1.08495	-6.09671	-5.01175
BLOCK13/SES131/SA131S22	SES206	-1.76373	-6.77549	-5.01175
BLOCK13/SES131/SA131S29	SES087	-2.07894	-8.80151	-6.72258
BLOCK13/SES131/SA131S29	SES104	-3.6021	-10.3247	-6.72258
BLOCK13/SES131/SA131S29	SES125	-5.21795	-11.9405	-6.72258
BLOCK13/SES131/SA131S29	SES206	-3.41195	-10.1345	-6.72258
BLOCK13/SES132/SA132S11	SES083	-1.18027	-9.55896	-8.37869
BLOCK13/SES132/SA132S11	SES120	0.0271845	-8.35151	-8.37869
BLOCK13/SES132/SA132S11	SES127	-2.74445	-11.1231	-8.37869
BLOCK13/SES132/SA132S11	SES275	-1.29446	-9.67316	-8.37869
BLOCK13/SES132/SA132S12	SES083	-1.7062	-6.52271	-4.81652
BLOCK13/SES132/SA132S12	SES143	-1.68971	-6.50623	-4.81652
BLOCK13/SES132/SA132S12	SES144	-1.04987	-5.86639	-4.81652
BLOCK13/SES132/SA132S12	SES148	-1.61222	-6.42873	-4.81652
BLOCK13/SES132/SA132S22	SES062	-0.758022	-7.75933	-7.0013
BLOCK13/SES132/SA132S22	SES083	-0.86697	-7.86827	-7.0013
BLOCK13/SES132/SA132S22	SES127	-1.57384	-8.57515	-7.0013
BLOCK13/SES132/SA132S22	SES275	-1.27382	-8.27512	-7.0013
BLOCK13/SES132/SA132S24	SES007	-0.814235	-6.03071	-5.21648
BLOCK13/SES132/SA132S24	SES083	-1.3651	-6.58158	-5.21648
BLOCK13/SES132/SA132S24	SES127	-2.06684	-7.28332	-5.21648
BLOCK13/SES132/SA132S24	SES275	-1.27737	-6.49385	-5.21648
BLOCK13/SES132/SA132S27	SES083	-2.34888	-10.4096	-8.06076
BLOCK13/SES132/SA132S27	SES120	0.288844	-7.77191	-8.06076
BLOCK13/SES132/SA132S27	SES127	-4.66033	-12.7211	-8.06076
BLOCK13/SES132/SA132S27	SES275	-2.39786	-10.4586	-8.06076
BLOCK14/SES141/SA141S09	SES143	-0.83031	-5.51794	-4.68763
BLOCK14/SES141/SA141S09	SES144	0.10532	-4.58231	-4.68763
BLOCK14/SES141/SA141S09	SES162	-0.723292	-5.41092	-4.68763
BLOCK14/SES141/SA141S09	SES180	-0.537678	-5.22531	-4.68763
BLOCK14/SES141/SA141S15	SES127	-0.605085	-6.66304	-6.05796
BLOCK14/SES141/SA141S15	SES144	-0.667211	-6.72517	-6.05796
BLOCK14/SES141/SA141S15	SES162	-1.68544	-7.7434	-6.05796
BLOCK14/SES141/SA141S15	SES180	-0.693642	-6.7516	-6.05796
BLOCK14/SES141/SA141S24	SES127	-1.09864	-7.80328	-6.70464
BLOCK14/SES141/SA141S24	SES144	-1.39882	-8.10346	-6.70464
BLOCK14/SES141/SA141S24	SES162	-0.676864	-7.3815	-6.70464
BLOCK14/SES141/SA141S24	SES183	-1.52432	-8.22896	-6.70464
BLOCK14/SES141/SA141S26	SES142	-0.306726	-6.92218	-6.61545
BLOCK14/SES141/SA141S26	SES144	-1.06506	-7.68051	-6.61545
BLOCK14/SES141/SA141S26	SES172	-0.783737	-7.39919	-6.61545
BLOCK14/SES141/SA141S26	SES180	-0.880543	-7.496	-6.61545
BLOCK14/SES141/SA141S29	SES127	-0.054678	-4.87926	-4.82458
BLOCK14/SES141/SA141S29	SES142	0.372847	-4.45174	-4.82458
BLOCK14/SES141/SA141S29	SES144	-0.413353	-5.23794	-4.82458
BLOCK14/SES141/SA141S29	SES180	-0.248418	-5.073	-4.82458
BLOCK15/SES157/SA157S08	SES083	-1.43416	-5.59803	-4.16387
BLOCK15/SES157/SA157S08	SES127	-1.37501	-5.53888	-4.16387
BLOCK15/SES157/SA157S08	SES148	-1.16685	-5.33072	-4.16387
BLOCK15/SES157/SA157S08	SES292	-1.66892	-5.83279	-4.16387
BLOCK15/SES157/SA157S11	SES083	-1.43376	-5.90228	-4.46852
BLOCK15/SES157/SA157S11	SES127	-1.75787	-6.22639	-4.46852
BLOCK15/SES157/SA157S11	SES148	-2.28846	-6.75698	-4.46852
BLOCK15/SES157/SA157S11	SES292	-1.38407	-5.85258	-4.46852
BLOCK15/SES157/SA157S21	SES127	-0.0187037	-2.5787	-2.55999
BLOCK15/SES157/SA157S21	SES148	-0.062423	-2.62241	-2.55999
BLOCK15/SES157/SA157S21	SES158	-4.50611	-7.06611	-2.55999
BLOCK15/SES157/SA157S21	SES292	-0.686684	-3.24668	-2.55999
BLOCK15/SES157/SA157S24	SES127	-1.01046	-6.98306	-5.9726
BLOCK15/SES157/SA157S24	SES148	-0.909238	-6.88184	-5.9726
BLOCK15/SES157/SA157S24	SES183	-1.5028	-7.47541	-5.9726
BLOCK15/SES157/SA157S24	SES292	-1.91636	-7.88896	-5.9726
BLOCK15/SES157/SA157S26	SES007	-1.07771	-5.29793	-4.22021
BLOCK15/SES157/SA157S26	SES127	0.00747585	-4.21274	-4.22021
BLOCK15/SES157/SA157S26	SES147	-1.03068	-5.25089	-4.22021
BLOCK15/SES157/SA157S26	SES148	-1.25261	-5.47282	-4.22021
BLOCK16/SES161/SA161S10	SES007	-0.809651	-7.27436	-6.46471
BLOCK16/SES161/SA161S10	SES105	-0.666093	-7.1308	-6.46471
BLOCK16/SES161/SA161S10	SES158	-1.28524	-7.74995	-6.46471
BLOCK16/SES161/SA161S10	SES275	-1.12068	-7.58539	-6.46471
BLOCK16/SES161/SA161S12	SES007	-2.86875	-12.1446	-9.27584
BLOCK16/SES161/SA161S12	SES105	-2.67278	-11.9486	-9.27584
BLOCK16/SES161/SA161S12	SES158	-2.68147	-11.9573	-9.27584
BLOCK16/SES161/SA161S12	SES275	-2.02194	-11.2978	-9.27584
BLOCK16/SES161/SA161S20	SES007	-1.32778	-11.5256	-10.1978
BLOCK16/SES161/SA161S20	SES105	-1.75445	-11.9522	-10.1978
BLOCK16/SES161/SA161S20	SES158	-0.467072	-10.6649	-10.1978
BLOCK16/SES161/SA161S20	SES275	-2.71147	-12.9093	-10.1978
BLOCK16/SES161/SA161S23	SES007	-4.571	-14.1972	-9.62616
BLOCK16/SES161/SA161S23	SES105	-2.3001	-11.9263	-9.62616
BLOCK16/SES161/SA161S23	SES148	-1.96727	-11.5934	-9.62616
BLOCK16/SES161/SA161S23	SES158	-4.2347	-13.8609	-9.62616
BLOCK16/SES161/SA161S28	SES007	-1.36047	-10.8211	-9.46061
BLOCK16/SES161/SA161S28	SES105	-2.47789	-11.9385	-9.46061
BLOCK16/SES161/SA161S28	SES158	-0.707603	-10.1682	-9.46061
BLOCK16/SES161/SA161S28	SES206	-1.16436	-10.625	-9.46061
BLOCK16/SES164/SA164S11	SES104	-0.674694	-5.1576	-4.4829
BLOCK16/SES164/SA164S11	SES125	-0.605674	-5.08858	-4.4829
BLOCK16/SES164/SA164S11	SES158	-3.06147	-7.54438	-4.4829
BLOCK16/SES164/SA164S11	SES206	-0.62818	-5.11108	-4.4829
BLOCK16/SES164/SA164S13	SES099	-2.38811	-7.38722	-4.99911
BLOCK16/SES164/SA164S13	SES104	-2.12875	-7.12786	-4.99911
BLOCK16/SES164/SA164S13	SES125	-2.96346	-7.96257	-4.99911
BLOCK16/SES164/SA164S13	SES206	-2.8667	-7.86581	-4.99911
BLOCK16/SES164/SA164S24	SES002	0.618729	-4.38002	-4.99875
BLOCK16/SES164/SA164S24	SES099	-0.924974	-5.92372	-4.99875
BLOCK16/SES164/SA164S24	SES125	-0.702285	-5.70103	-4.99875
BLOCK16/SES164/SA164S24	SES226	-0.233746	-5.23249	-4.99875
BLOCK16/SES164/SA164S27	SES087	-1.0107	-6.32733	-5.31663
BLOCK16/SES164/SA164S27	SES125	-2.40742	-7.72405	-5.31663
BLOCK16/SES164/SA164S27	SES206	-1.86105	-7.17768	-5.31663
BLOCK16/SES164/SA164S27	SES226	-1.75693	-7.07356	-5.31663
BLOCK16/SES164/SA164S29	SES002	-1.23139	-5.17385	-3.94246
BLOCK16/SES164/SA164S29	SES019	-2.35436	-6.29681	-3.94246
BLOCK16/SES164/SA164S29	SES125	-1.8357	-5.77815	-3.94246
BLOCK16/SES164/SA164S29	SES226	-1.3296	-5.27206	-3.94246
BLOCK16/SES169/SA169S13	SES117	-1.51081	-8.10236	-6.59155
BLOCK16/SES169/SA169S13	SES144	-1.14472	-7.73627	-6.59155
BLOCK16/SES169/SA169S13	SES146	-1.0193	-7.61084	-6.59155
BLOCK16/SES169/SA169S13	SES162	-1.05233	-7.64387	-6.59155
BLOCK16/SES169/SA169S14	SES144	-0.820182	-4.17273	-3.35255
BLOCK16/SES169/SA169S14	SES148	-0.921977	-4.27452	-3.35255
BLOCK16/SES169/SA169S14	SES177	-0.609554	-3.9621	-3.35255
BLOCK16/SES169/SA169S14	SES180	-1.28084	-4.63339	-3.35255
BLOCK16/SES169/SA169S24	SES117	-0.538967	-6.54698	-6.00801
BLOCK16/SES169/SA169S24	SES144	-0.551932	-6.55994	-6.00801
BLOCK16/SES169/SA169S24	SES146	-0.531484	-6.53949	-6.00801
BLOCK16/SES169/SA169S24	SES162	-0.0392361	-6.04725	-6.00801
BLOCK16/SES169/SA169S27	SES127	-0.585225	-6.6301	-6.04487
BLOCK16/SES169/SA169S27	SES129	-0.829722	-6.8746	-6.04487
BLOCK16/SES169/SA169S27	SES144	-0.875337	-6.92021	-6.04487
BLOCK16/SES169/SA169S27	SES146	-0.763533	-6.80841	-6.04487
BLOCK16/SES169/SA169S29	SES144	-0.382916	-3.53972	-3.1568
BLOCK16/SES169/SA169S29	SES162	-0.506355	-3.66316	-3.1568
BLOCK16/SES169/SA169S29	SES177	-1.06349	-4.22029	-3.1568
BLOCK16/SES169/SA169S29	SES180	-0.897427	-4.05423	-3.1568
BLOCK17/SES171/SA171S12	SES083	-1.84402	-7.09009	-5.24607
BLOCK17/SES171/SA171S12	SES148	-1.99492	-7.24099	-5.24607
BLOCK17/SES171/SA171S12	SES172	-1.61202	-6.85809	-5.24607
BLOCK17/SES171/SA171S12	SES292	-2.72611	-7.97219	-5.24607
BLOCK17/SES171/SA171S15	SES148	-1.99597	-7.85397	-5.858
BLOCK17/SES171/SA171S15	SES177	-1.77074	-7.62874	-5.858
BLOCK17/SES171/SA171S15	SES180	-4.0111	-9.8691	-5.858
BLOCK17/SES171/SA171S15	SES292	-2.25728	-8.11528	-5.858
BLOCK17/SES171/SA171S22	SES007	-0.560643	-2.92003	-2.35939
BLOCK17/SES171/SA171S22	SES148	-0.678075	-3.03746	-2.35939
BLOCK17/SES171/SA171S22	SES177	-0.27349	-2.63288	-2.35939
BLOCK17/SES171/SA171S22	SES180	-1.77066	-4.13005	-2.35939
BLOCK17/SES171/SA171S25	SES101	-2.24768	-8.9549	-6.70722
BLOCK17/SES171/SA171S25	SES120	-3.49886	-10.2061	-6.70722
BLOCK17/SES171/SA171S25	SES177	-1.17523	-7.88245	-6.70722
BLOCK17/SES171/SA171S25	SES180	-1.66355	-8.37076	-6.70722
BLOCK17/SES171/SA171S27	SES177	-1.3833	-7.77602	-6.39272
BLOCK17/SES171/SA171S27	SES180	-2.62759	-9.02031	-6.39272
BLOCK17/SES171/SA171S27	SES189	-0.974493	-7.36721	-6.39272
BLOCK17/SES171/SA171S27	SES292	-1.73234	-8.12506	-6.39272
BLOCK17/SES173/SA173S13	SES162	-3.57611	-9.794	-6.21788
BLOCK17/SES173/SA173S13	SES177	-1.53651	-7.75439	-6.21788
BLOCK17/SES173/SA173S13	SES180	-1.4662	-7.68409	-6.21788
BLOCK17/SES173/SA173S13	SES292	0.0481768	-6.16971	-6.21788
BLOCK17/SES173/SA173S14	SES007	-1.68017	-7.11907	-5.4389
BLOCK17/SES173/SA173S14	SES162	-2.38996	-7.82886	-5.4389
BLOCK17/SES173/SA173S14	SES177	-1.10516	-6.54406	-5.4389
BLOCK17/SES173/SA173S14	SES180	-1.39797	-6.83687	-5.4389
BLOCK17/SES173/SA173S24	SES144	-2.14132	-8.37218	-6.23087
BLOCK17/SES173/SA173S24	SES162	-2.11685	-8.34772	-6.23087
BLOCK17/SES173/SA173S24	SES177	-0.324711	-6.55558	-6.23087
BLOCK17/SES173/SA173S24	SES180	-1.95629	-8.18715	-6.23087
BLOCK17/SES173/SA173S27	SES162	-3.49069	-10.4135	-6.92283
BLOCK17/SES173/SA173S27	SES177	-1.88518	-8.80801	-6.92283
BLOCK17/SES173/SA173S27	SES180	-1.85874	-8.78157	-6.92283
BLOCK17/SES173/SA173S27	SES292	-0.999903	-7.92273	-6.92283
BLOCK17/SES173/SA173S29	SES162	-2.05456	-5.80016	-3.7456
BLOCK17/SES173/SA173S29	SES175	-1.25569	-5.0013	-3.7456
BLOCK17/SES173/SA173S29	SES177	-0.79807	-4.54367	-3.7456
BLOCK17/SES173/SA173S29	SES292	-0.965259	-4.71086	-3.7456
BLOCK18/SES182/SA182S10	SES144	-1.28642	-7.2211	-5.93468
BLOCK18/SES182/SA182S10	SES177	-1.00346	-6.93814	-5.93468
BLOCK18/SES182/SA182S10	SES180	-2.27437	-8.20905	-5.93468
BLOCK18/SES182/SA182S10	SES275	-1.30003	-7.23471	-5.93468
BLOCK18/SES182/SA182S12	SES144	-1.02529	-7.12919	-6.10391
BLOCK18/SES182/SA182S12	SES177	-0.977899	-7.08181	-6.10391
BLOCK18/SES182/SA182S12	SES180	-2.32633	-8.43024	-6.10391
BLOCK18/SES182/SA182S12	SES275	-1.01855	-7.12246	-6.10391
BLOCK18/SES182/SA182S21	SES117	-1.0596	-9.19751	-8.13791
BLOCK18/SES182/SA182S21	SES144	-1.01489	-9.1528	-8.13791
BLOCK18/SES182/SA182S21	SES162	-0.975801	-9.11371	-8.13791
BLOCK18/SES182/SA182S21	SES180	-2.24807	-10.386	-8.13791
BLOCK18/SES182/SA182S23	SES117	-1.86317	-11.8338	-9.97066
BLOCK18/SES182/SA182S23	SES144	-2.56795	-12.5386	-9.97066
BLOCK18/SES182/SA182S23	SES180	-5.10446	-15.0751	-9.97066
BLOCK18/SES182/SA182S23	SES275	-2.72694	-12.6976	-9.97066
BLOCK18/SES182/SA182S25	SES007	0.121639	-6.59158	-6.71322
BLOCK18/SES182/SA182S25	SES162	-0.957678	-7.6709	-6.71322
BLOCK18/SES182/SA182S25	SES177	-0.820501	-7.53372	-6.71322
BLOCK18/SES182/SA182S25	SES180	-2.44828	-9.16151	-6.71322
BLOCK18/SES184/SA184S12	SES177	-0.532227	-5.07739	-4.54517
BLOCK18/SES184/SA184S12	SES180	-0.680079	-5.22525	-4.54517
BLOCK18/SES184/SA184S12	SES189	-2.36958	-6.91475	-4.54517
BLOCK18/SES184/SA184S12	SES292	-0.538281	-5.08345	-4.54517
BLOCK18/SES184/SA184S13	SES101	-1.1778	-6.35044	-5.17264
BLOCK18/SES184/SA184S13	SES177	-1.15383	-6.32648	-5.17264
BLOCK18/SES184/SA184S13	SES180	-0.881556	-6.0542	-5.17264
BLOCK18/SES184/SA184S13	SES292	-1.1426	-6.31524	-5.17264
BLOCK18/SES184/SA184S22	SES177	-1.10141	-6.04926	-4.94785
BLOCK18/SES184/SA184S22	SES180	0.0254822	-4.92237	-4.94785
BLOCK18/SES184/SA184S22	SES189	-1.25673	-6.20458	-4.94785
BLOCK18/SES184/SA184S22	SES292	-0.987761	-5.93562	-4.94785
BLOCK18/SES184/SA184S25	SES101	-0.851879	-4.4558	-3.60392
BLOCK18/SES184/SA184S25	SES177	-1.5206	-5.12452	-3.60392
BLOCK18/SES184/SA184S25	SES180	-0.935349	-4.53927	-3.60392
BLOCK18/SES184/SA184S25	SES292	-0.944608	-4.54853	-3.60392
BLOCK18/SES184/SA184S27	SES083	-1.34544	-5.54328	-4.19784
BLOCK18/SES184/SA184S27	SES177	-1.28708	-5.48492	-4.19784
BLOCK18/SES184/SA184S27	SES202	-1.24829	-5.44612	-4.19784
BLOCK18/SES184/SA184S27	SES292	-1.47255	-5.67038	-4.19784
BLOCK20/SES204/SA204S12	SES062	-0.782454	-5.97394	-5.19149
BLOCK20/SES204/SA204S12	SES083	-1.51865	-6.71013	-5.19149
BLOCK20/SES204/SA204S12	SES206	-1.00967	-6.20115	-5.19149
BLOCK20/SES204/SA204S12	SES226	-1.76535	-6.95683	-5.19149
BLOCK20/SES204/SA204S14	SES068	-0.278319	-3.7786	-3.50028
BLOCK20/SES204/SA204S14	SES087	-0.579781	-4.08006	-3.50028
BLOCK20/SES204/SA204S14	SES206	-1.30265	-4.80293	-3.50028
BLOCK20/SES204/SA204S14	SES226	-1.59216	-5.09244	-3.50028
BLOCK20/SES204/SA204S22	SES068	-0.888947	-6.13667	-5.24772
BLOCK20/SES204/SA204S22	SES082	-1.49279	-6.7405	-5.24772
BLOCK20/SES204/SA204S22	SES083	-2.09802	-7.34573	-5.24772
BLOCK20/SES204/SA204S22	SES206	-0.634456	-5.88217	-5.24772
BLOCK20/SES204/SA204S25	SES062	-0.862283	-6.33329	-5.47101
BLOCK20/SES204/SA204S25	SES083	-2.37938	-7.85038	-5.47101
BLOCK20/SES204/SA204S25	SES206	-1.14326	-6.61426	-5.47101
BLOCK20/SES204/SA204S25	SES226	-0.708553	-6.17956	-5.47101
BLOCK20/SES204/SA204S27	SES068	-0.957074	-7.1069	-6.14983
BLOCK20/SES204/SA204S27	SES082	-1.54718	-7.69701	-6.14983
BLOCK20/SES204/SA204S27	SES087	0.279364	-5.87046	-6.14983
BLOCK20/SES204/SA204S27	SES206	-1.88807	-8.03789	-6.14983
BLOCK20/SES207/SA207S10	SES127	-2.26076	-6.70753	-4.44677
BLOCK20/SES207/SA207S10	SES183	-1.09194	-5.53872	-4.44677
BLOCK20/SES207/SA207S10	SES189	-0.824049	-5.27082	-4.44677
BLOCK20/SES207/SA207S10	SES292	-1.69305	-6.13982	-4.44677
BLOCK20/SES207/SA207S11	SES127	-1.52711	-5.8699	-4.34279
BLOCK20/SES207/SA207S11	SES183	-1.11285	-5.45565	-4.34279
BLOCK20/SES207/SA207S11	SES187	-1.12555	-5.46834	-4.34279
BLOCK20/SES207/SA207S11	SES292	-1.14028	-5.48307	-4.34279
BLOCK20/SES207/SA207S25	SES068	-1.32611	-7.56024	-6.23413
BLOCK20/SES207/SA207S25	SES083	-1.65998	-7.89412	-6.23413
BLOCK20/SES207/SA207S25	SES127	-0.603879	-6.83801	-6.23413
BLOCK20/SES207/SA207S25	SES187	-1.29057	-7.5247	-6.23413
BLOCK20/SES207/SA207S27	SES127	-1.57471	-8.64485	-7.07014
BLOCK20/SES207/SA207S27	SES183	-1.45454	-8.52468	-7.07014
BLOCK20/SES207/SA207S27	SES187	-1.90052	-8.97066	-7.07014
BLOCK20/SES207/SA207S27	SES292	-1.87966	-8.9498	-7.07014
BLOCK20/SES207/SA207S29	SES083	-1.85656	-5.71136	-3.8548
BLOCK20/SES207/SA207S29	SES085	-1.07882	-4.93362	-3.8548
BLOCK20/SES207/SA207S29	SES172	0.379933	-3.47487	-3.8548
BLOCK20/SES207/SA207S29	SES189	-3.52714	-7.38194	-3.8548
BLOCK22/SES221/SA221S12	SES068	-0.315613	-5.4042	-5.08859
BLOCK22/SES221/SA221S12	SES143	-0.857844	-5.94643	-5.08859
BLOCK22/SES221/SA221S12	SES175	-0.495957	-5.58455	-5.08859
BLOCK22/SES221/SA221S12	SES202	-0.422643	-5.51123	-5.08859
BLOCK22/SES221/SA221S15	SES085	-0.48045	-5.72477	-5.24432
BLOCK22/SES221/SA221S15	SES143	-1.2499	-6.49422	-5.24432
BLOCK22/SES221/SA221S15	SES175	-1.17549	-6.41981	-5.24432
BLOCK22/SES221/SA221S15	SES187	-1.93957	-7.1839	-5.24432
BLOCK22/SES221/SA221S23	SES068	-0.183348	-5.87348	-5.69013
BLOCK22/SES221/SA221S23	SES143	-1.66476	-7.35488	-5.69013
BLOCK22/SES221/SA221S23	SES175	-0.903404	-6.59353	-5.69013
BLOCK22/SES221/SA221S23	SES189	-1.52122	-7.21135	-5.69013
BLOCK22/SES221/SA221S27	SES085	0.507555	-5.30818	-5.81573
BLOCK22/SES221/SA221S27	SES143	-0.870116	-6.68585	-5.81573
BLOCK22/SES221/SA221S27	SES175	-0.738939	-6.55467	-5.81573
BLOCK22/SES221/SA221S27	SES189	-2.05661	-7.87234	-5.81573
BLOCK22/SES221/SA221S29	SES085	-0.375942	-8.99723	-8.62129
BLOCK22/SES221/SA221S29	SES143	-1.35522	-9.9765	-8.62129
BLOCK22/SES221/SA221S29	SES175	-0.408648	-9.02994	-8.62129
BLOCK22/SES221/SA221S29	SES187	-1.80575	-10.427	-8.62129
BLOCK22/SES223/SA223S11	SES143	-0.353493	-7.79843	-7.44493
BLOCK22/SES223/SA223S11	SES144	-2.10478	-9.54971	-7.44493
BLOCK22/SES223/SA223S11	SES175	-0.923952	-8.36889	-7.44493
BLOCK22/SES223/SA223S11	SES187	-1.39862	-8.84356	-7.44493
BLOCK22/SES223/SA223S13	SES068	-0.332142	-9.07447	-8.74233
BLOCK22/SES223/SA223S13	SES143	-1.84322	-10.5855	-8.74233
BLOCK22/SES223/SA223S13	SES146	-1.11483	-9.85716	-8.74233
BLOCK22/SES223/SA223S13	SES202	-0.743562	-9.48589	-8.74233
BLOCK22/SES223/SA223S22	SES143	-0.786304	-6.2551	-5.4688
BLOCK22/SES223/SA223S22	SES144	-2.3359	-7.8047	-5.4688
BLOCK22/SES223/SA223S22	SES175	-1.39359	-6.86239	-5.4688
BLOCK22/SES223/SA223S22	SES187	-1.16395	-6.63275	-5.4688
BLOCK22/SES223/SA223S25	SES068	-0.444616	-6.86593	-6.42131
BLOCK22/SES223/SA223S25	SES143	-1.10691	-7.52822	-6.42131
BLOCK22/SES223/SA223S25	SES175	-0.708953	-7.13027	-6.42131
BLOCK22/SES223/SA223S25	SES187	-0.892388	-7.3137	-6.42131
BLOCK22/SES223/SA223S27	SES143	-0.487677	-8.72661	-8.23893
BLOCK22/SES223/SA223S27	SES146	-2.07759	-10.3165	-8.23893
BLOCK22/SES223/SA223S27	SES187	-0.762392	-9.00133	-8.23893
BLOCK22/SES223/SA223S27	SES292	-0.686445	-8.92538	-8.23893
BLOCK27/SES273/SA273S12	SES099	-0.591835	-7.04306	-6.45122
BLOCK27/SES273/SA273S12	SES104	-0.361374	-6.8126	-6.45122
BLOCK27/SES273/SA273S12	SES125	-1.21986	-7.67108	-6.45122
BLOCK27/SES273/SA273S12	SES206	0.0168409	-6.43438	-6.45122
BLOCK27/SES273/SA273S13	SES099	-0.847724	-3.841	-2.99327
BLOCK27/SES273/SA273S13	SES104	-0.660222	-3.65349	-2.99327
BLOCK27/SES273/SA273S13	SES206	-1.33095	-4.32422	-2.99327
BLOCK27/SES273/SA273S13	SES292	-0.745436	-3.73871	-2.99327
BLOCK27/SES273/SA273S21	SES099	-1.46209	-5.5706	-4.10851
BLOCK27/SES273/SA273S21	SES148	-3.76898	-7.8775	-4.10851
BLOCK27/SES273/SA273S21	SES149	-2.43085	-6.53936	-4.10851
BLOCK27/SES273/SA273S21	SES177	-1.75094	-5.85946	-4.10851
BLOCK27/SES273/SA273S25	SES104	-0.10657	-7.18631	-7.07974
BLOCK27/SES273/SA273S25	SES125	-0.896708	-7.97645	-7.07974
BLOCK27/SES273/SA273S25	SES158	0.0375004	-7.04224	-7.07974
BLOCK27/SES273/SA273S25	SES206	-0.644014	-7.72376	-7.07974
BLOCK27/SES273/SA273S27	SES099	-1.25662	-3.24387	-1.98725
BLOCK27/SES273/SA273S27	SES104	-1.2859	-3.27315	-1.98725
BLOCK27/SES273/SA273S27	SES149	-1.37558	-3.36283	-1.98725
BLOCK27/SES273/SA273S27	SES275	-1.6216	-3.60885	-1.98725
BLOCK27/SES274/SA274S10	SES105	-2.43426	-5.00461	-2.57035
BLOCK27/SES274/SA274S10	SES125	-3.14611	-5.71645	-2.57035
BLOCK27/SES274/SA274S10	SES129	-0.670904	-3.24125	-2.57035
BLOCK27/SES274/SA274S10	SES158	-4.8919	-7.46225	-2.57035
BLOCK27/SES274/SA274S11	SES105	-1.31451	-6.36048	-5.04597
BLOCK27/SES274/SA274S11	SES149	-1.27481	-6.32078	-5.04597
BLOCK27/SES274/SA274S11	SES158	-2.06293	-7.1089	-5.04597
BLOCK27/SES274/SA274S11	SES275	-0.981791	-6.02776	-5.04597
BLOCK27/SES274/SA274S21	SES105	-1.76484	-6.62805	-4.86321
BLOCK27/SES274/SA274S21	SES129	-0.676378	-5.53959	-4.86321
BLOCK27/SES274/SA274S21	SES149	-2.06957	-6.93278	-4.86321
BLOCK27/SES274/SA274S21	SES158	-3.47821	-8.34142	-4.86321
BLOCK27/SES274/SA274S24	SES105	-1.40761	-6.75469	-5.34708
BLOCK27/SES274/SA274S24	SES129	0.101823	-5.24525	-5.34708
BLOCK27/SES274/SA274S24	SES149	-2.14427	-7.49134	-5.34708
BLOCK27/SES274/SA274S24	SES158	-3.44176	-8.78884	-5.34708
BLOCK27/SES274/SA274S29	SES105	-2.01027	-6.39878	-4.38851
BLOCK27/SES274/SA274S29	SES106	-2.44789	-6.8364	-4.38851
BLOCK27/SES274/SA274S29	SES120	-1.5469	-5.93541	-4.38851
BLOCK27/SES274/SA274S29	SES275	-1.06559	-5.45411	-4.38851
BLOCK27/SES276/SA276S16	SES148	-1.87603	-7.45588	-5.57985
BLOCK27/SES276/SA276S16	SES172	-0.284138	-5.86399	-5.57985
BLOCK27/SES276/SA276S16	SES180	-0.338589	-5.91844	-5.57985
BLOCK27/SES276/SA276S16	SES292	-0.44659	-6.02644	-5.57985
BLOCK27/SES276/SA276S17	SES101	-0.917873	-5.93251	-5.01464
BLOCK27/SES276/SA276S17	SES177	-0.999475	-6.01411	-5.01464
BLOCK27/SES276/SA276S17	SES180	-0.998594	-6.01323	-5.01464
BLOCK27/SES276/SA276S17	SES292	-0.772739	-5.78738	-5.01464
BLOCK27/SES276/SA276S24	SES101	-0.317974	-4.81295	-4.49498
BLOCK27/SES276/SA276S24	SES177	-0.211378	-4.70636	-4.49498
BLOCK27/SES276/SA276S24	SES180	-0.532299	-5.02728	-4.49498
BLOCK27/SES276/SA276S24	SES292	-0.533494	-5.02847	-4.49498
BLOCK27/SES276/SA276S26	SES101	-1.35895	-3.20637	-1.84743
BLOCK27/SES276/SA276S26	SES177	-0.84315	-2.69058	-1.84743
BLOCK27/SES276/SA276S26	SES180	-0.444115	-2.29154	-1.84743
BLOCK27/SES276/SA276S26	SES292	0.021027	-1.8264	-1.84743
BLOCK27/SES276/SA276S28	SES101	-0.867541	-3.52702	-2.65948
BLOCK27/SES276/SA276S28	SES177	-1.11281	-3.77229	-2.65948
BLOCK27/SES276/SA276S28	SES180	-0.250345	-2.90983	-2.65948
BLOCK27/SES276/SA276S28	SES292	-0.092684	-2.75217	-2.65948
BLOCK27/SES277/SA277S12	SES101	-1.44036	-8.98328	-7.54292
BLOCK27/SES277/SA277S12	SES177	-2.41711	-9.96003	-7.54292
BLOCK27/SES277/SA277S12	SES180	-2.25724	-9.80016	-7.54292
BLOCK27/SES277/SA277S12	SES292	-1.44171	-8.98463	-7.54292
BLOCK27/SES277/SA277S14	SES177	-1.77473	-8.66713	-6.8924
BLOCK27/SES277/SA277S14	SES180	-2.43432	-9.32672	-6.8924
BLOCK27/SES277/SA277S14	SES189	-0.534879	-7.42728	-6.8924
BLOCK27/SES277/SA277S14	SES292	-2.01807	-8.91047	-6.8924
BLOCK27/SES277/SA277S21	SES177	-1.56419	-7.90448	-6.34029
BLOCK27/SES277/SA277S21	SES180	-1.95755	-8.29784	-6.34029
BLOCK27/SES277/SA277S21	SES189	-0.69882	-7.03911	-6.34029
BLOCK27/SES277/SA277S21	SES292	-1.74737	-8.08766	-6.34029
BLOCK27/SES277/SA277S24	SES144	-1.33292	-9.16218	-7.82926
BLOCK27/SES277/SA277S24	SES177	-2.18028	-10.0095	-7.82926
BLOCK27/SES277/SA277S24	SES180	-2.23232	-10.0616	-7.82926
BLOCK27/SES277/SA277S24	SES189	-0.929956	-8.75922	-7.82926
BLOCK27/SES277/SA277S29	SES177	-1.01155	-3.72025	-2.7087
BLOCK27/SES277/SA277S29	SES180	-1.51545	-4.22415	-2.7087
BLOCK27/SES277/SA277S29	SES202	-1.32222	-4.03092	-2.7087
BLOCK27/SES277/SA277S29	SES292	-1.87408	-4.58278	-2.7087
BLOCK27/SES279/SA279S09	SES120	-1.35513	-5.46058	-4.10545
BLOCK27/SES279/SA279S09	SES146	-1.34347	-5.44893	-4.10545
BLOCK27/SES279/SA279S09	SES206	-0.218822	-4.32428	-4.10545
BLOCK27/SES279/SA279S09	SES226	-1.78794	-5.8934	-4.10545
BLOCK27/SES279/SA279S10	SES099	-0.396842	-5.46044	-5.06359
BLOCK27/SES279/SA279S10	SES206	-1.09523	-6.15883	-5.06359
BLOCK27/SES279/SA279S10	SES226	-2.33453	-7.39813	-5.06359
BLOCK27/SES279/SA279S10	SES292	-0.110949	-5.17454	-5.06359
BLOCK27/SES279/SA279S20	SES099	-1.87934	-8.55008	-6.67075
BLOCK27/SES279/SA279S20	SES206	-0.361513	-7.03226	-6.67075
BLOCK27/SES279/SA279S20	SES226	-2.00259	-8.67333	-6.67075
BLOCK27/SES279/SA279S20	SES292	-0.135421	-6.80617	-6.67075
BLOCK27/SES279/SA279S26	SES099	0.516934	-6.95222	-7.46915
BLOCK27/SES279/SA279S26	SES206	-0.577115	-8.04627	-7.46915
BLOCK27/SES279/SA279S26	SES226	-3.64577	-11.1149	-7.46915
BLOCK27/SES279/SA279S26	SES292	0.758583	-6.71057	-7.46915
BLOCK27/SES279/SA279S28	SES099	-0.190946	-2.39019	-2.19924
BLOCK27/SES279/SA279S28	SES120	-1.10516	-3.3044	-2.19924
BLOCK27/SES279/SA279S28	SES177	-1.23236	-3.4316	-2.19924
BLOCK27/SES279/SA279S28	SES206	-0.627061	-2.8263	-2.19924
BLOCK29/SES290/SA290S12	SES162	-0.453988	-5.54467	-5.09068
BLOCK29/SES290/SA290S12	SES177	-1.57809	-6.66877	-5.09068
BLOCK29/SES290/SA290S12	SES180	-0.90958	-6.00026	-5.09068
BLOCK29/SES290/SA290S12	SES292	-1.2268	-6.31748	-5.09068
BLOCK29/SES290/SA290S13	SES007	-0.646986	-5.43681	-4.78983
BLOCK29/SES290/SA290S13	SES162	-1.4694	-6.25923	-4.78983
BLOCK29/SES290/SA290S13	SES177	-1.25286	-6.04269	-4.78983
BLOCK29/SES290/SA290S13	SES180	-1.04679	-5.83662	-4.78983
BLOCK29/SES290/SA290S22	SES177	-1.27849	-5.98278	-4.70429
BLOCK29/SES290/SA290S22	SES180	-1.30902	-6.01331	-4.70429
BLOCK29/SES290/SA290S22	SES202	-0.436703	-5.14099	-4.70429
BLOCK29/SES290/SA290S22	SES292	-1.34161	-6.0459	-4.70429
BLOCK29/SES290/SA290S25	SES162	-1.11233	-6.78658	-5.67424
BLOCK29/SES290/SA290S25	SES177	-0.984194	-6.65844	-5.67424
BLOCK29/SES290/SA290S25	SES180	-1.46711	-7.14135	-5.67424
BLOCK29/SES290/SA290S25	SES292	-0.776875	-6.45112	-5.67424
BLOCK29/SES290/SA290S29	SES177	-0.524451	-3.21425	-2.6898
BLOCK29/SES290/SA290S29	SES180	-0.56995	-3.25975	-2.6898
BLOCK29/SES290/SA290S29	SES275	-0.271057	-2.96086	-2.6898
BLOCK29/SES290/SA290S29	SES292	-0.81455	-3.50435	-2.6898
BLOCK29/SES291/SA291S11	SES105	-1.31595	-8.33871	-7.02276
BLOCK29/SES291/SA291S11	SES125	-1.27856	-8.30132	-7.02276
BLOCK29/SES291/SA291S11	SES158	-1.0016	-8.02436	-7.02276
BLOCK29/SES291/SA291S11	SES275	-1.21522	-8.23798	-7.02276
BLOCK29/SES291/SA291S12	SES158	0.603981	-7.91155	-8.51554
BLOCK29/SES291/SA291S12	SES226	-2.53871	-11.0542	-8.51554
BLOCK29/SES291/SA291S12	SES270	-0.958087	-9.47362	-8.51554
BLOCK29/SES291/SA291S12	SES275	-2.91212	-11.4277	-8.51554
BLOCK29/SES291/SA291S22	SES082	-1.01264	-6.28961	-5.27697
BLOCK29/SES291/SA291S22	SES158	-1.1401	-6.41707	-5.27697
BLOCK29/SES291/SA291S22	SES259	-0.924457	-6.20143	-5.27697
BLOCK29/SES291/SA291S22	SES275	-2.32406	-7.60103	-5.27697
BLOCK29/SES291/SA291S24	SES104	-0.297648	-6.58917	-6.29152
BLOCK29/SES291/SA291S24	SES125	-0.990704	-7.28223	-6.29152
BLOCK29/SES291/SA291S24	SES158	-0.440765	-6.73229	-6.29152
BLOCK29/SES291/SA291S24	SES275	-2.40172	-8.69324	-6.29152
BLOCK29/SES291/SA291S27	SES158	-0.812579	-4.95742	-4.14484
BLOCK29/SES291/SA291S27	SES172	-2.16627	-6.3111	-4.14484
BLOCK29/SES291/SA291S27	SES275	-1.90103	-6.04586	-4.14484
BLOCK29/SES291/SA291S27	SES292	-1.52861	-5.67344	-4.14484
