BLOCK00/SES002/SA002S12	SES002	1.47106	4.13989	2.66884
BLOCK00/SES002/SA002S13	SES002	2.63017	4.25461	1.62445
BLOCK00/SES002/SA002S23	SES002	1.4314	4.12371	2.69231
BLOCK00/SES002/SA002S26	SES002	1.5561	4.27101	2.71491
BLOCK00/SES002/SA002S28	SES002	1.52832	3.56168	2.03336
BLOCK00/SES007/SA007S14	SES007	1.77842	6.15926	4.38084
BLOCK00/SES007/SA007S15	SES007	0.883634	4.52623	3.64259
BLOCK00/SES007/SA007S24	SES007	1.22578	4.76757	3.54179
BLOCK00/SES007/SA007S27	SES007	1.1548	3.89965	2.74485
BLOCK00/SES007/SA007S29	SES007	0.550632	4.76618	4.21554
BLOCK00/SES008/SA008S11	SES008	1.97889	5.26566	3.28677
BLOCK00/SES008/SA008S12	SES008	0.930732	4.71571	3.78498
BLOCK00/SES008/SA008S19	SES008	1.75246	5.8547	4.10224
BLOCK00/SES008/SA008S22	SES008	1.28715	3.91938	2.63223
BLOCK00/SES008/SA008S29	SES008	2.21609	6.26377	4.04768
BLOCK01/SES014/SA014S10	SES014	1.80175	4.85749	3.05573
BLOCK01/SES014/SA014S12	SES014	2.65762	6.94761	4.28999
BLOCK01/SES014/SA014S24	SES014	1.39367	4.72916	3.33549
BLOCK01/SES014/SA014S26	SES014	2.41928	7.04608	4.6268
BLOCK01/SES014/SA014S28	SES014	3.60703	7.55567	3.94864
BLOCK01/SES016/SA016S12	SES016	2.11623	4.08959	1.97336
BLOCK01/SES016/SA016S13	SES016	1.95915	5.37982	3.42067
BLOCK01/SES016/SA016S22	SES016	2.19629	5.70865	3.51236
BLOCK01/SES016/SA016S25	SES016	1.84037	6.94669	5.10633
BLOCK01/SES016/SA016S27	SES016	1.88593	6.4491	4.56317
BLOCK01/SES019/SA019S13	SES019	3.42366	4.08852	0.664856
BLOCK01/SES019/SA019S14	SES019	2.49915	3.908	1.40885
BLOCK01/SES019/SA019S22	SES019	3.12428	4.48421	1.35993
BLOCK01/SES019/SA019S25	SES019	2.95537	4.07008	1.11471
BLOCK01/SES019/SA019S29	SES019	3.75479	4.35742	0.602634
BLOCK02/SES029/SA029S11	SES029	1.65244	6.121	4.46856
BLOCK02/SES029/SA029S12	SES029	1.11484	5.60932	4.49448
BLOCK02/SES029/SA029S20	SES029	1.26974	5.46664	4.1969
BLOCK02/SES029/SA029S25	SES029	1.05353	5.80223	4.7487
BLOCK02/SES029/SA029S28	SES029	0.740785	5.00246	4.26167
BLOCK04/SES042/SA042S12	SES042	2.64136	5.61921	2.97785
BLOCK04/SES042/SA042S15	SES042	2.4715	6.11695	3.64544
BLOCK04/SES042/SA042S22	SES042	3.04543	6.51661	3.47118
BLOCK04/SES042/SA042S25	SES042	1.85116	4.05567	2.20451
BLOCK04/SES042/SA042S27	SES042	2.12344	5.88913	3.76569
BLOCK04/SES048/SA048S11	SES048	1.5392	5.67732	4.13813
BLOCK04/SES048/SA048S12	SES048	0.663147	4.65476	3.99162
BLOCK04/SES048/SA048S20	SES048	0.728264	5.28199	4.55372
BLOCK04/SES048/SA048S23	SES048	1.87008	5.03554	3.16546
BLOCK04/SES048/SA048S27	SES048	0.998955	5.51833	4.51937
BLOCK06/SES060/SA060S11	SES060	2.13839	6.36911	4.23073
BLOCK06/SES060/SA060S12	SES060	0.795033	5.153	4.35796
BLOCK06/SES060/SA060S22	SES060	0.00388861	3.47906	3.47517
BLOCK06/SES060/SA060S24	SES060	1.73154	6.29707	4.56554
BLOCK06/SES060/SA060S28	SES060	1.63475	7.18311	5.54837
BLOCK06/SES062/SA062S10	SES062	0.764749	4.63474	3.86999
BLOCK06/SES062/SA062S11	SES062	1.65832	4.84779	3.18947
BLOCK06/SES062/SA062S21	SES062	1.65132	7.19805	5.54672
BLOCK06/SES062/SA062S26	SES062	1.31718	6.16703	4.84985
BLOCK06/SES062/SA062S29	SES062	1.97983	7.14673	5.1669
BLOCK06/SES068/SA068S14	SES068	0.8849	5.02517	4.14027
BLOCK06/SES068/SA068S15	SES068	1.42725	5.71239	4.28514
BLOCK06/SES068/SA068S23	SES068	1.41734	4.89273	3.47539
BLOCK06/SES068/SA068S27	SES068	2.02201	6.07568	4.05366
BLOCK06/SES068/SA068S29	SES068	0.895505	4.93388	4.03838
BLOCK08/SES082/SA082S12	SES082	0.880634	3.20198	2.32135
BLOCK08/SES082/SA082S14	SES082	1.08424	3.2102	2.12596
BLOCK08/SES082/SA082S21	SES082	0.704426	3.09022	2.3858
BLOCK08/SES082/SA082S24	SES082	0.850183	3.8869	3.03671
BLOCK08/SES082/SA082S28	SES082	1.0335	3.38496	2.35146
BLOCK08/SES083/SA083S14	SES083	0.55989	4.88316	4.32327
BLOCK08/SES083/SA083S15	SES083	1.3398	5.56568	4.22588
BLOCK08/SES083/SA083S24	SES083	1.06158	4.94511	3.88352
BLOCK08/SES083/SA083S26	SES083	0.981346	4.22317	3.24182
BLOCK08/SES083/SA083S29	SES083	0.487798	4.67045	4.18265
BLOCK08/SES085/SA085S10	SES085	1.21223	5.60379	4.39156
BLOCK08/SES085/SA085S13	SES085	0.509508	4.32534	3.81583
BLOCK08/SES085/SA085S22	SES085	1.00491	5.58697	4.58206
BLOCK08/SES085/SA085S26	SES085	0.993408	5.52099	4.52758
BLOCK08/SES085/SA085S28	SES085	1.36801	5.74999	4.38198
BLOCK08/SES087/SA087S15	SES087	1.63429	4.09734	2.46304
BLOCK08/SES087/SA087S16	SES087	1.88903	4.37747	2.48844
BLOCK08/SES087/SA087S24	SES087	1.66294	4.29604	2.6331
BLOCK08/SES087/SA087S26	SES087	1.49513	5.31755	3.82242
BLOCK08/SES087/SA087S29	SES087	1.94696	4.76243	2.81548
BLOCK09/SES099/SA099S15	SES099	1.93495	3.7914	1.85645
BLOCK09/SES099/SA099S16	SES099	1.64132	3.98694	2.34562
BLOCK09/SES099/SA099S24	SES099	1.81733	4.16682	2.34949
BLOCK09/SES099/SA099S26	SES099	1.73577	4.00206	2.26629
BLOCK09/SES099/SA099S29	SES099	1.9213	4.33642	2.41512
BLOCK10/SES101/SA101S11	SES101	0.578684	4.41956	3.84088
BLOCK10/SES101/SA101S13	SES101	1.65317	6.20228	4.54911
BLOCK10/SES101/SA101S22	SES101	1.60555	4.63532	3.02977
BLOCK10/SES101/SA101S24	SES101	1.89149	5.19068	3.2992
BLOCK10/SES101/SA101S28	SES101	1.3723	5.06822	3.69592
BLOCK10/SES104/SA104S11	SES104	2.0759	5.77898	3.70307
BLOCK10/SES104/SA104S12	SES104	1.87432	4.70361	2.82929
BLOCK10/SES104/SA104S21	SES104	1.72925	4.33946	2.61022
BLOCK10/SES104/SA104S24	SES104	1.37707	3.9128	2.53573
BLOCK10/SES104/SA104S28	SES104	1.65984	4.61578	2.95594
BLOCK10/SES105/SA105S12	SES105	1.19977	3.20805	2.00828
BLOCK10/SES105/SA105S13	SES105	1.02624	3.52529	2.49905
BLOCK10/SES105/SA105S22	SES105	0.527698	2.76147	2.23377
BLOCK10/SES105/SA105S26	SES105	1.33031	3.52946	2.19915
BLOCK10/SES105/SA105S29	SES105	1.62114	4.88457	3.26343
BLOCK10/SES106/SA106S09	SES106	1.9508	2.99566	1.04487
BLOCK10/SES106/SA106S11	SES106	1.90036	4.27529	2.37493
BLOCK10/SES106/SA106S22	SES106	3.76483	3.95882	0.19399
BLOCK10/SES106/SA106S27	SES106	2.09395	4.14202	2.04808
BLOCK10/SES106/SA106S29	SES106	1.47711	3.50278	2.02567
BLOCK11/SES117/SA117S12	SES117	1.5302	4.58982	3.05962
BLOCK11/SES117/SA117S13	SES117	0.770993	4.83967	4.06867
BLOCK11/SES117/SA117S23	SES117	1.25435	4.30835	3.054
BLOCK11/SES117/SA117S25	SES117	1.27962	3.72292	2.4433
BLOCK11/SES117/SA117S28	SES117	1.39875	4.46213	3.06339
BLOCK12/SES120/SA120S08	SES120	0.989134	3.70054	2.71141
BLOCK12/SES120/SA120S11	SES120	1.07375	2.15739	1.08364
BLOCK12/SES120/SA120S22	SES120	0.51521	4.37056	3.85535
BLOCK12/SES120/SA120S24	SES120	1.27065	3.47159	2.20094
BLOCK12/SES120/SA120S28	SES120	0.175896	1.99681	1.82091
BLOCK12/SES125/SA125S13	SES125	2.45168	4.66153	2.20985
BLOCK12/SES125/SA125S14	SES125	1.15749	3.31734	2.15985
BLOCK12/SES125/SA125S25	SES125	1.84314	4.30362	2.46048
BLOCK12/SES125/SA125S27	SES125	2.4272	5.67721	3.25001
BLOCK12/SES125/SA125S29	SES125	1.68175	4.57622	2.89447
BLOCK12/SES127/SA127S11	SES127	0.919333	4.71703	3.7977
BLOCK12/SES127/SA127S12	SES127	0.08778	5.03383	4.94605
BLOCK12/SES127/SA127S23	SES127	0.957606	5.0591	4.10149
BLOCK12/SES127/SA127S25	SES127	0.74107	4.5638	3.82273
BLOCK12/SES127/SA127S27	SES127	1.26787	5.38867	4.1208
BLOCK12/SES129/SA129S11	SES129	2.02765	6.1829	4.15525
BLOCK12/SES129/SA129S12	SES129	1.75426	5.93075	4.17649
BLOCK12/SES129/SA129S22	SES129	1.61197	5.03384	3.42186
BLOCK12/SES129/SA129S27	SES129	1.94231	5.53216	3.58985
BLOCK12/SES129/SA129S29	SES129	1.33525	5.18514	3.84988
BLOCK14/SES142/SA142S11	SES142	2.43591	5.84568	3.40977
BLOCK14/SES142/SA142S12	SES142	1.69077	4.88825	3.19748
BLOCK14/SES142/SA142S24	SES142	1.50438	5.57782	4.07344
BLOCK14/SES142/SA142S27	SES142	1.96532	5.61829	3.65298
BLOCK14/SES142/SA142S29	SES142	1.88289	5.9749	4.09201
BLOCK14/SES143/SA143S12	SES143	1.01373	4.57396	3.56023
BLOCK14/SES143/SA143S13	SES143	1.03852	4.25749	3.21897
BLOCK14/SES143/SA143S23	SES143	1.11956	4.55009	3.43054
BLOCK14/SES143/SA143S25	SES143	1.41507	5.52058	4.10551
BLOCK14/SES143/SA143S28	SES143	1.17925	4.57695	3.3977
BLOCK14/SES144/SA144S09	SES144	1.49721	5.10204	3.60483
BLOCK14/SES144/SA144S11	SES144	1.11404	4.56024	3.4462
BLOCK14/SES144/SA144S21	SES144	0.0373209	3.59026	3.55294
BLOCK14/SES144/SA144S25	SES144	0.947578	4.41138	3.46381
BLOCK14/SES144/SA144S29	SES144	0.239391	4.1988	3.9594
BLOCK14/SES146/SA146S14	SES146	1.04585	3.44565	2.3998
BLOCK14/SES146/SA146S15	SES146	0.827195	3.82472	2.99752
BLOCK14/SES146/SA146S24	SES146	1.09271	3.90359	2.81088
BLOCK14/SES146/SA146S26	SES146	1.72878	4.66134	2.93256
BLOCK14/SES146/SA146S29	SES146	0.584455	2.88833	2.30388
BLOCK14/SES147/SA147S11	SES147	1.78666	5.27057	3.48391
BLOCK14/SES147/SA147S13	SES147	2.04997	5.81419	3.76421
BLOCK14/SES147/SA147S23	SES147	0.708341	4.32208	3.61374
BLOCK14/SES147/SA147S26	SES147	1.40502	4.76469	3.35967
BLOCK14/SES147/SA147S28	SES147	1.57	5.06204	3.49204
BLOCK14/SES148/SA148S10	SES148	1.23232	5.08022	3.8479
BLOCK14/SES148/SA148S12	SES148	0.857191	4.03893	3.18173
BLOCK14/SES148/SA148S22	SES148	1.49837	6.12002	4.62165
BLOCK14/SES148/SA148S26	SES148	0.471864	5.16989	4.69802
BLOCK14/SES148/SA148S29	SES148	0.307998	4.16516	3.85716
BLOCK14/SES149/SA149S13	SES149	-0.329953	3.28114	3.61109
BLOCK14/SES149/SA149S14	SES149	0.776037	5.24844	4.47241
BLOCK14/SES149/SA149S24	SES149	1.44052	5.38617	3.94566
BLOCK14/SES149/SA149S26	SES149	1.42736	5.98923	4.56187
BLOCK14/SES149/SA149S28	SES149	2.22494	6.99032	4.76539
BLOCK15/SES158/SA158S13	SES158	1.7712	3.33946	1.56826
BLOCK15/SES158/SA158S14	SES158	2.62711	3.14986	0.522751
BLOCK15/SES158/SA158S23	SES158	1.68665	3.7654	2.07875
BLOCK15/SES158/SA158S26	SES158	3.07628	3.40736	0.331083
BLOCK15/SES158/SA158S28	SES158	1.54385	3.048	1.50415
BLOCK16/SES162/SA162S10	SES162	0.740144	3.38512	2.64498
BLOCK16/SES162/SA162S11	SES162	1.09012	5.00292	3.9128
BLOCK16/SES162/SA162S21	SES162	1.91892	5.21403	3.29512
BLOCK16/SES162/SA162S24	SES162	1.59246	4.77362	3.18116
BLOCK16/SES162/SA162S27	SES162	1.77712	4.16994	2.39282
BLOCK16/SES167/SA167S14	SES167	1.63049	6.79804	5.16756
BLOCK16/SES167/SA167S15	SES167	1.48978	6.01139	4.52161
BLOCK16/SES167/SA167S21	SES167	2.18295	6.5659	4.38295
BLOCK16/SES167/SA167S25	SES167	2.00804	5.93064	3.92259
BLOCK16/SES167/SA167S29	SES167	2.19071	7.37617	5.18546
BLOCK17/SES172/SA172S12	SES172	1.89329	4.84882	2.95553
BLOCK17/SES172/SA172S13	SES172	1.91381	4.79104	2.87723
BLOCK17/SES172/SA172S23	SES172	1.64822	6.06702	4.41881
BLOCK17/SES172/SA172S27	SES172	1.58768	4.62244	3.03476
BLOCK17/SES172/SA172S29	SES172	2.47096	5.5801	3.10914
BLOCK17/SES175/SA175S11	SES175	0.741997	5.21316	4.47116
BLOCK17/SES175/SA175S13	SES175	0.954067	5.13137	4.17731
BLOCK17/SES175/SA175S23	SES175	1.27497	5.54862	4.27365
BLOCK17/SES175/SA175S25	SES175	0.58413	3.43975	2.85562
BLOCK17/SES175/SA175S28	SES175	0.674196	5.33059	4.65639
BLOCK17/SES177/SA177S15	SES177	0.901003	4.46642	3.56541
BLOCK17/SES177/SA177S17	SES177	0.536314	4.24855	3.71223
BLOCK17/SES177/SA177S23	SES177	0.107981	3.75285	3.64487
BLOCK17/SES177/SA177S26	SES177	1.22932	6.37845	5.14914
BLOCK17/SES177/SA177S28	SES177	0.926741	5.14871	4.22197
BLOCK18/SES180/SA180S13	SES180	0.700991	4.09397	3.39297
BLOCK18/SES180/SA180S15	SES180	1.17996	4.36458	3.18461
BLOCK18/SES180/SA180S24	SES180	1.38882	5.92018	4.53135
BLOCK18/SES180/SA180S26	SES180	1.00898	5.06063	4.05165
BLOCK18/SES180/SA180S29	SES180	0.991571	4.89568	3.90411
BLOCK18/SES183/SA183S13	SES183	1.48902	4.17421	2.6852
BLOCK18/SES183/SA183S14	SES183	0.499713	3.47375	2.97404
BLOCK18/SES183/SA183S24	SES183	1.96487	4.31152	2.34665
BLOCK18/SES183/SA183S27	SES183	1.47871	4.43257	2.95387
BLOCK18/SES183/SA183S29	SES183	1.20159	4.39294	3.19134
BLOCK18/SES187/SA187S13	SES187	1.31011	4.88755	3.57743
BLOCK18/SES187/SA187S14	SES187	1.23833	4.3186	3.08027
BLOCK18/SES187/SA187S24	SES187	1.52193	4.32528	2.80335
BLOCK18/SES187/SA187S27	SES187	1.76985	4.91285	3.143
BLOCK18/SES187/SA187S29	SES187	1.56133	4.73857	3.17724
BLOCK18/SES189/SA189S10	SES189	1.51236	4.7349	3.22254
BLOCK18/SES189/SA189S13	SES189	1.09026	3.96364	2.87338
BLOCK18/SES189/SA189S24	SES189	1.46104	5.23809	3.77705
BLOCK18/SES189/SA189S26	SES189	0.901118	5.31607	4.41495
BLOCK18/SES189/SA189S29	SES189	1.65489	5.1403	3.48542
BLOCK20/SES202/SA202S12	SES202	1.09434	3.76307	2.66873
BLOCK20/SES202/SA202S14	SES202	1.99724	4.94265	2.94541
BLOCK20/SES202/SA202S24	SES202	1.3656	4.76403	3.39844
BLOCK20/SES202/SA202S27	SES202	1.73896	6.22428	4.48532
BLOCK20/SES202/SA202S29	SES202	1.27254	6.0099	4.73736
BLOCK20/SES206/SA206S15	SES206	0.0320997	3.57482	3.54272
BLOCK20/SES206/SA206S17	SES206	1.79199	4.80617	3.01418
BLOCK20/SES206/SA206S24	SES206	2.33715	5.81886	3.4817
BLOCK20/SES206/SA206S27	SES206	2.10183	4.26299	2.16115
BLOCK20/SES206/SA206S29	SES206	1.44426	5.21701	3.77275
BLOCK22/SES226/SA226S12	SES226	1.43773	3.94088	2.50314
BLOCK22/SES226/SA226S13	SES226	-0.0523291	2.55268	2.60501
BLOCK22/SES226/SA226S20	SES226	1.26485	3.13453	1.86968
BLOCK22/SES226/SA226S23	SES226	1.85405	4.56563	2.71158
BLOCK22/SES226/SA226S28	SES226	1.72687	4.84734	3.12047
BLOCK25/SES259/SA259S13	SES259	3.63849	5.41946	1.78097
BLOCK25/SES259/SA259S14	SES259	2.43862	5.05699	2.61837
BLOCK25/SES259/SA259S22	SES259	2.03433	4.69067	2.65634
BLOCK25/SES259/SA259S24	SES259	2.03391	5.36599	3.33208
BLOCK25/SES259/SA259S28	SES259	2.16799	4.90468	2.73669
BLOCK27/SES270/SA270S14	SES270	2.85356	2.99957	0.146008
BLOCK27/SES270/SA270S16	SES270	1.28453	2.93783	1.65329
BLOCK27/SES270/SA270S22	SES270	3.00456	4.03531	1.03075
BLOCK27/SES270/SA270S26	SES270	2.0293	2.43983	0.410531
BLOCK27/SES270/SA270S28	SES270	1.9535	3.52102	1.56752
BLOCK27/SES275/SA275S17	SES275	1.45439	4.87302	3.41863
BLOCK27/SES275/SA275S18	SES275	0.42571	4.32908	3.90337
BLOCK27/SES275/SA275S24	SES275	0.760327	3.12473	2.36441
BLOCK27/SES275/SA275S26	SES275	1.21101	4.58615	3.37515
BLOCK27/SES275/SA275S28	SES275	0.991148	4.46852	3.47737
BLOCK29/SES292/SA292S10	SES292	0.479782	4.41049	3.93071
BLOCK29/SES292/SA292S12	SES292	0.929828	3.96648	3.03665
BLOCK29/SES292/SA292S22	SES292	0.888822	4.52682	3.638
BLOCK29/SES292/SA292S24	SES292	0.88306	4.80176	3.9187
BLOCK29/SES292/SA292S27	SES292	0.512519	4.60156	4.08904
BLOCK00/SES001/SA001S14	SES062	-1.47931	1.4938	2.97311
BLOCK00/SES001/SA001S14	SES082	-1.13373	1.83938	2.97311
BLOCK00/SES001/SA001S14	SES106	-1.08338	1.88973	2.97311
BLOCK00/SES001/SA001S14	SES206	-1.13397	1.83914	2.97311
BLOCK00/SES001/SA001S15	SES062	-1.41461	1.90306	3.31766
BLOCK00/SES001/SA001S15	SES104	-1.65505	1.66261	3.31766
BLOCK00/SES001/SA001S15	SES106	-1.16079	2.15688	3.31766
BLOCK00/SES001/SA001S15	SES206	-0.918023	2.39964	3.31766
BLOCK00/SES001/SA001S24	SES062	-2.82231	-0.446161	2.37615
BLOCK00/SES001/SA001S24	SES082	-1.49606	0.880092	2.37615
BLOCK00/SES001/SA001S24	SES087	-1.35061	1.02554	2.37615
BLOCK00/SES001/SA001S24	SES206	-1.40501	0.971141	2.37615
BLOCK00/SES001/SA001S27	SES062	-1.18869	2.87696	4.06565
BLOCK00/SES001/SA001S27	SES082	-0.847953	3.2177	4.06565
BLOCK00/SES001/SA001S27	SES087	-0.630569	3.43508	4.06565
BLOCK00/SES001/SA001S27	SES206	-0.72506	3.34059	4.06565
BLOCK00/SES001/SA001S29	SES062	-2.30173	0.0885283	2.39026
BLOCK00/SES001/SA001S29	SES082	-0.713868	1.67639	2.39026
BLOCK00/SES001/SA001S29	SES158	-0.730542	1.65972	2.39026
BLOCK00/SES001/SA001S29	SES206	-1.54741	0.84285	2.39026
BLOCK00/SES003/SA003S11	SES002	0.113896	2.24274	2.12884
BLOCK00/SES003/SA003S11	SES019	-0.861418	1.26742	2.12884
BLOCK00/SES003/SA003S11	SES082	-0.29423	1.83461	2.12884
BLOCK00/SES003/SA003S11	SES125	-1.10275	1.02609	2.12884
BLOCK00/SES003/SA003S15	SES016	-1.42651	1.96643	3.39295
BLOCK00/SES003/SA003S15	SES019	-1.27156	2.12139	3.39295
BLOCK00/SES003/SA003S15	SES062	-0.457927	2.93502	3.39295
BLOCK00/SES003/SA003S15	SES206	-0.874785	2.51816	3.39295
BLOCK00/SES003/SA003S22	SES002	-0.862537	2.40669	3.26923
BLOCK00/SES003/SA003S22	SES062	-0.730087	2.53914	3.26923
BLOCK00/SES003/SA003S22	SES082	-1.20789	2.06134	3.26923
BLOCK00/SES003/SA003S22	SES087	-1.45491	1.81431	3.26923
BLOCK00/SES003/SA003S25	SES062	-1.84722	0.486111	2.33333
BLOCK00/SES003/SA003S25	SES082	-0.727291	1.60604	2.33333
BLOCK00/SES003/SA003S25	SES087	-0.99753	1.3358	2.33333
BLOCK00/SES003/SA003S25	SES206	-0.972891	1.36044	2.33333
BLOCK00/SES003/SA003S29	SES002	-0.974035	1.45278	2.42681
BLOCK00/SES003/SA003S29	SES062	-1.82535	0.601461	2.42681
BLOCK00/SES003/SA003S29	SES082	-0.889778	1.53703	2.42681
BLOCK00/SES003/SA003S29	SES087	-1.65079	0.776018	2.42681
BLOCK00/SES004/SA004S12	SES083	-1.07354	2.71748	3.79102
BLOCK00/SES004/SA004S12	SES148	-1.80523	1.98579	3.79102
BLOCK00/SES004/SA004S12	SES172	0.0961704	3.88719	3.79102
BLOCK00/SES004/SA004S12	SES292	-1.27885	2.51216	3.79102
BLOCK00/SES004/SA004S17	SES083	-1.13353	2.17823	3.31176
BLOCK00/SES004/SA004S17	SES162	-0.513754	2.79801	3.31176
BLOCK00/SES004/SA004S17	SES172	-0.514423	2.79734	3.31176
BLOCK00/SES004/SA004S17	SES292	-1.07871	2.23305	3.31176
BLOCK00/SES004/SA004S24	SES083	-1.2559	2.47906	3.73497
BLOCK00/SES004/SA004S24	SES148	-2.04588	1.68909	3.73497
BLOCK00/SES004/SA004S24	SES172	-0.101317	3.63365	3.73497
BLOCK00/SES004/SA004S24	SES292	-0.743642	2.99133	3.73497
BLOCK00/SES004/SA004S26	SES083	-1.61367	2.00908	3.62275
BLOCK00/SES004/SA004S26	SES127	-1.339	2.28375	3.62275
BLOCK00/SES004/SA004S26	SES148	-2.5833	1.03945	3.62275
BLOCK00/SES004/SA004S26	SES292	-2.05412	1.56863	3.62275
BLOCK00/SES004/SA004S28	SES083	-1.06437	3.58878	4.65315
BLOCK00/SES004/SA004S28	SES127	-0.934867	3.71828	4.65315
BLOCK00/SES004/SA004S28	SES187	-0.0440493	4.6091	4.65315
BLOCK00/SES004/SA004S28	SES292	-1.77001	2.88314	4.65315
BLOCK00/SES006/SA006S10	SES014	-1.4613	-1.07071	0.390594
BLOCK00/SES006/SA006S10	SES158	-1.37143	-0.980832	0.390594
BLOCK00/SES006/SA006S10	SES226	-3.18997	-2.79938	0.390594
BLOCK00/SES006/SA006S10	SES270	-0.478459	-0.0878647	0.390594
BLOCK00/SES006/SA006S11	SES158	-1.47713	-0.777499	0.699635
BLOCK00/SES006/SA006S11	SES226	-2.21574	-1.5161	0.699635
BLOCK00/SES006/SA006S11	SES270	-0.399909	0.299726	0.699635
BLOCK00/SES006/SA006S11	SES275	-2.02816	-1.32853	0.699635
BLOCK00/SES006/SA006S23	SES062	-2.49619	-0.15032	2.34587
BLOCK00/SES006/SA006S23	SES105	-3.14387	-0.797992	2.34587
BLOCK00/SES006/SA006S23	SES158	-1.61356	0.732313	2.34587
BLOCK00/SES006/SA006S23	SES275	-1.84223	0.503647	2.34587
BLOCK00/SES006/SA006S26	SES104	-2.8095	-0.738059	2.07144
BLOCK00/SES006/SA006S26	SES158	-1.46791	0.60353	2.07144
BLOCK00/SES006/SA006S26	SES270	-0.493021	1.57842	2.07144
BLOCK00/SES006/SA006S26	SES275	-1.61308	0.458359	2.07144
BLOCK00/SES006/SA006S28	SES007	-2.54876	-1.23281	1.31594
BLOCK00/SES006/SA006S28	SES105	-2.7678	-1.45186	1.31594
BLOCK00/SES006/SA006S28	SES158	-1.24748	0.0684629	1.31594
BLOCK00/SES006/SA006S28	SES275	-2.18104	-0.865099	1.31594
BLOCK00/SES009/SA009S12	SES083	-2.53408	1.23796	3.77203
BLOCK00/SES009/SA009S12	SES148	-1.71588	2.05615	3.77203
BLOCK00/SES009/SA009S12	SES177	-0.247706	3.52432	3.77203
BLOCK00/SES009/SA009S12	SES292	-1.00104	2.77099	3.77203
BLOCK00/SES009/SA009S15	SES007	0.175739	4.46735	4.29161
BLOCK00/SES009/SA009S15	SES099	-3.4587	0.832913	4.29161
BLOCK00/SES009/SA009S15	SES148	-1.45394	2.83767	4.29161
BLOCK00/SES009/SA009S15	SES172	-1.27253	3.01909	4.29161
BLOCK00/SES009/SA009S24	SES146	-0.85179	3.02792	3.87971
BLOCK00/SES009/SA009S24	SES148	-1.7614	2.11831	3.87971
BLOCK00/SES009/SA009S24	SES177	-0.125476	3.75423	3.87971
BLOCK00/SES009/SA009S24	SES292	-0.808594	3.07112	3.87971
BLOCK00/SES009/SA009S26	SES083	-2.43571	0.821543	3.25726
BLOCK00/SES009/SA009S26	SES101	-1.98401	1.27325	3.25726
BLOCK00/SES009/SA009S26	SES120	-0.945384	2.31187	3.25726
BLOCK00/SES009/SA009S26	SES177	-0.445975	2.81128	3.25726
BLOCK00/SES009/SA009S29	SES083	-1.83617	2.11407	3.95024
BLOCK00/SES009/SA009S29	SES101	-1.37846	2.57179	3.95024
BLOCK00/SES009/SA009S29	SES177	-0.243126	3.70712	3.95024
BLOCK00/SES009/SA009S29	SES292	-0.977664	2.97258	3.95024
BLOCK01/SES011/SA011S10	SES019	-0.919627	1.32638	2.24601
BLOCK01/SES011/SA011S10	SES042	0.370545	2.61656	2.24601
BLOCK01/SES011/SA011S10	SES082	-1.65603	0.58998	2.24601
BLOCK01/SES011/SA011S10	SES206	-0.959975	1.28604	2.24601
BLOCK01/SES011/SA011S11	SES019	-1.3373	0.727105	2.06441
BLOCK01/SES011/SA011S11	SES042	-0.302004	1.7624	2.06441
BLOCK01/SES011/SA011S11	SES082	-1.90413	0.160279	2.06441
BLOCK01/SES011/SA011S11	SES206	-1.46021	0.604191	2.06441
BLOCK01/SES011/SA011S22	SES019	-0.386966	1.48144	1.86841
BLOCK01/SES011/SA011S22	SES042	0.783753	2.65216	1.86841
BLOCK01/SES011/SA011S22	SES082	-1.43915	0.429257	1.86841
BLOCK01/SES011/SA011S22	SES206	-1.01721	0.851199	1.86841
BLOCK01/SES011/SA011S24	SES019	-1.30719	1.59857	2.90577
BLOCK01/SES011/SA011S24	SES042	0.846565	3.75233	2.90577
BLOCK01/SES011/SA011S24	SES104	-1.32023	1.58554	2.90577
BLOCK01/SES011/SA011S24	SES206	-1.01038	1.89539	2.90577
BLOCK01/SES011/SA011S27	SES082	-0.104054	2.14035	2.24441
BLOCK01/SES011/SA011S27	SES087	-1.41154	0.832866	2.24441
BLOCK01/SES011/SA011S27	SES125	-0.94504	1.29937	2.24441
BLOCK01/SES011/SA011S27	SES206	-0.382044	1.86236	2.24441
BLOCK01/SES012/SA012S11	SES007	-0.632299	3.83917	4.47147
BLOCK01/SES012/SA012S11	SES082	-1.33356	3.13791	4.47147
BLOCK01/SES012/SA012S11	SES083	-1.47052	3.00095	4.47147
BLOCK01/SES012/SA012S11	SES206	-1.3685	3.10297	4.47147
BLOCK01/SES012/SA012S14	SES082	-0.516107	2.7204	3.23651
BLOCK01/SES012/SA012S14	SES087	-1.65861	1.5779	3.23651
BLOCK01/SES012/SA012S14	SES206	-0.619095	2.61741	3.23651
BLOCK01/SES012/SA012S14	SES292	-1.14644	2.09007	3.23651
BLOCK01/SES012/SA012S24	SES082	0.0905385	2.13446	2.04392
BLOCK01/SES012/SA012S24	SES087	-1.27262	0.7713	2.04392
BLOCK01/SES012/SA012S24	SES120	-1.39696	0.646963	2.04392
BLOCK01/SES012/SA012S24	SES206	-0.57965	1.46427	2.04392
BLOCK01/SES012/SA012S26	SES019	-2.99765	0.461431	3.45908
BLOCK01/SES012/SA012S26	SES082	-1.99722	1.46186	3.45908
BLOCK01/SES012/SA012S26	SES206	-0.496776	2.96231	3.45908
BLOCK01/SES012/SA012S26	SES292	-0.652455	2.80663	3.45908
BLOCK01/SES012/SA012S29	SES062	-1.29783	2.50981	3.80765
BLOCK01/SES012/SA012S29	SES082	-0.583312	3.22433	3.80765
BLOCK01/SES012/SA012S29	SES083	-2.08654	1.7211	3.80765
BLOCK01/SES012/SA012S29	SES206	-0.429496	3.37815	3.80765
BLOCK01/SES013/SA013S16	SES062	-1.83014	0.125327	1.95547
BLOCK01/SES013/SA013S16	SES106	-0.634851	1.32062	1.95547
BLOCK01/SES013/SA013S16	SES206	-0.861915	1.09355	1.95547
BLOCK01/SES013/SA013S16	SES226	-0.56214	1.39333	1.95547
BLOCK01/SES013/SA013S17	SES062	-1.2689	1.93163	3.20053
BLOCK01/SES013/SA013S17	SES106	-1.46828	1.73224	3.20053
BLOCK01/SES013/SA013S17	SES206	0.115508	3.31603	3.20053
BLOCK01/SES013/SA013S17	SES226	-0.305768	2.89476	3.20053
BLOCK01/SES013/SA013S23	SES104	-0.814551	1.01176	1.82631
BLOCK01/SES013/SA013S23	SES106	-0.0306805	1.79563	1.82631
BLOCK01/SES013/SA013S23	SES206	-0.920809	0.905505	1.82631
BLOCK01/SES013/SA013S23	SES270	0.220283	2.0466	1.82631
BLOCK01/SES013/SA013S25	SES042	-1.39893	1.15651	2.55544
BLOCK01/SES013/SA013S25	SES104	-0.82813	1.72731	2.55544
BLOCK01/SES013/SA013S25	SES106	-0.141597	2.41384	2.55544
BLOCK01/SES013/SA013S25	SES206	-0.738194	1.81725	2.55544
BLOCK01/SES013/SA013S29	SES062	-1.8447	0.294063	2.13876
BLOCK01/SES013/SA013S29	SES104	-1.30569	0.83307	2.13876
BLOCK01/SES013/SA013S29	SES106	-0.39346	1.7453	2.13876
BLOCK01/SES013/SA013S29	SES206	-1.06223	1.07652	2.13876
BLOCK02/SES021/SA021S13	SES016	-2.61607	1.09392	3.70999
BLOCK02/SES021/SA021S13	SES029	-0.864439	2.84555	3.70999
BLOCK02/SES021/SA021S13	SES087	-1.51942	2.19057	3.70999
BLOCK02/SES021/SA021S13	SES206	-1.30062	2.40937	3.70999
BLOCK02/SES021/SA021S15	SES087	-0.289244	3.86433	4.15357
BLOCK02/SES021/SA021S15	SES125	-0.763124	3.39045	4.15357
BLOCK02/SES021/SA021S15	SES206	-0.686862	3.46671	4.15357
BLOCK02/SES021/SA021S15	SES226	-1.72035	2.43322	4.15357
BLOCK02/SES021/SA021S23	SES062	-1.98622	-0.254997	1.73123
BLOCK02/SES021/SA021S23	SES087	-0.323508	1.40772	1.73123
BLOCK02/SES021/SA021S23	SES206	-0.723174	1.00805	1.73123
BLOCK02/SES021/SA021S23	SES226	-0.664841	1.06639	1.73123
BLOCK02/SES021/SA021S27	SES002	-0.376785	3.46667	3.84345
BLOCK02/SES021/SA021S27	SES016	-3.07956	0.763895	3.84345
BLOCK02/SES021/SA021S27	SES019	-1.10488	2.73858	3.84345
BLOCK02/SES021/SA021S27	SES062	-1.03829	2.80516	3.84345
BLOCK02/SES021/SA021S29	SES087	-0.595075	2.86526	3.46034
BLOCK02/SES021/SA021S29	SES125	-0.648127	2.81221	3.46034
BLOCK02/SES021/SA021S29	SES206	-0.262438	3.1979	3.46034
BLOCK02/SES021/SA021S29	SES226	-1.8424	1.61794	3.46034
BLOCK04/SES043/SA043S09	SES083	-0.815238	2.00566	2.8209
BLOCK04/SES043/SA043S09	SES101	-0.830508	1.99039	2.8209
BLOCK04/SES043/SA043S09	SES144	-0.535396	2.28551	2.8209
BLOCK04/SES043/SA043S09	SES172	-1.39705	1.42385	2.8209
BLOCK04/SES043/SA043S11	SES083	-0.0217037	3.79148	3.81318
BLOCK04/SES043/SA043S11	SES101	-0.365576	3.4476	3.81318
BLOCK04/SES043/SA043S11	SES144	0.29288	4.10606	3.81318
BLOCK04/SES043/SA043S11	SES172	-0.650961	3.16222	3.81318
BLOCK04/SES043/SA043S23	SES083	-0.496672	3.27252	3.76919
BLOCK04/SES043/SA043S23	SES144	0.3276	4.09679	3.76919
BLOCK04/SES043/SA043S23	SES177	-0.813798	2.95539	3.76919
BLOCK04/SES043/SA043S23	SES275	-0.62753	3.14166	3.76919
BLOCK04/SES043/SA043S26	SES083	-0.497945	2.40896	2.9069
BLOCK04/SES043/SA043S26	SES101	-0.363175	2.54373	2.9069
BLOCK04/SES043/SA043S26	SES144	0.23767	3.14457	2.9069
BLOCK04/SES043/SA043S26	SES177	-0.966515	1.94039	2.9069
BLOCK04/SES043/SA043S28	SES016	-1.68439	2.13602	3.82041
BLOCK04/SES043/SA043S28	SES083	-0.463492	3.35692	3.82041
BLOCK04/SES043/SA043S28	SES101	-0.373329	3.44708	3.82041
BLOCK04/SES043/SA043S28	SES144	-0.632384	3.18803	3.82041
BLOCK04/SES044/SA044S10	SES127	-2.68135	-2.07893	0.602425
BLOCK04/SES044/SA044S10	SES144	-0.164425	0.438	0.602425
BLOCK04/SES044/SA044S10	SES147	-3.1558	-2.55337	0.602425
BLOCK04/SES044/SA044S10	SES148	-2.20291	-1.60048	0.602425
BLOCK04/SES044/SA044S11	SES101	-0.401312	1.71008	2.11139
BLOCK04/SES044/SA044S11	SES144	0.310021	2.42141	2.11139
BLOCK04/SES044/SA044S11	SES147	-2.29607	-0.184678	2.11139
BLOCK04/SES044/SA044S11	SES177	-1.17266	0.938732	2.11139
BLOCK04/SES044/SA044S24	SES007	-1.31717	1.53154	2.84871
BLOCK04/SES044/SA044S24	SES101	-0.878559	1.97015	2.84871
BLOCK04/SES044/SA044S24	SES147	-2.19322	0.655493	2.84871
BLOCK04/SES044/SA044S24	SES177	-1.21039	1.63832	2.84871
BLOCK04/SES044/SA044S26	SES007	-1.27469	1.58831	2.863
BLOCK04/SES044/SA044S26	SES016	-1.06401	1.79899	2.863
BLOCK04/SES044/SA044S26	SES101	-1.04629	1.81672	2.863
BLOCK04/SES044/SA044S26	SES147	-0.877027	1.98598	2.863
BLOCK04/SES044/SA044S29	SES007	-1.82572	1.90476	3.73048
BLOCK04/SES044/SA044S29	SES101	-0.121286	3.60919	3.73048
BLOCK04/SES044/SA044S29	SES147	-1.85637	1.87411	3.73048
BLOCK04/SES044/SA044S29	SES177	-1.5255	2.20498	3.73048
BLOCK04/SES046/SA046S13	SES101	-0.10667	3.19898	3.30565
BLOCK04/SES046/SA046S13	SES144	-0.222185	3.08347	3.30565
BLOCK04/SES046/SA046S13	SES147	-1.28704	2.01861	3.30565
BLOCK04/SES046/SA046S13	SES177	-1.06248	2.24317	3.30565
BLOCK04/SES046/SA046S15	SES048	0.315489	4.88496	4.56947
BLOCK04/SES046/SA046S15	SES083	-0.580053	3.98942	4.56947
BLOCK04/SES046/SA046S15	SES120	-2.06866	2.50081	4.56947
BLOCK04/SES046/SA046S15	SES148	-1.3797	3.18977	4.56947
BLOCK04/SES046/SA046S22	SES101	-0.381594	2.81694	3.19854
BLOCK04/SES046/SA046S22	SES144	-0.389704	2.80883	3.19854
BLOCK04/SES046/SA046S22	SES147	-1.95553	1.24301	3.19854
BLOCK04/SES046/SA046S22	SES172	-0.481215	2.71732	3.19854
BLOCK04/SES046/SA046S25	SES083	-0.713292	2.54984	3.26313
BLOCK04/SES046/SA046S25	SES127	-0.73257	2.53056	3.26313
BLOCK04/SES046/SA046S25	SES144	-1.4279	1.83523	3.26313
BLOCK04/SES046/SA046S25	SES148	-1.38863	1.8745	3.26313
BLOCK04/SES046/SA046S28	SES007	-1.31948	2.30927	3.62875
BLOCK04/SES046/SA046S28	SES105	-1.89185	1.7369	3.62875
BLOCK04/SES046/SA046S28	SES147	-1.14045	2.4883	3.62875
BLOCK04/SES046/SA046S28	SES148	-0.943204	2.68554	3.62875
BLOCK04/SES049/SA049S16	SES104	-0.928398	0.253288	1.18169
BLOCK04/SES049/SA049S16	SES106	-1.36877	-0.187087	1.18169
BLOCK04/SES049/SA049S16	SES120	-1.52761	-0.345927	1.18169
BLOCK04/SES049/SA049S16	SES206	-0.755126	0.42656	1.18169
BLOCK04/SES049/SA049S18	SES099	-0.891393	-0.0651049	0.826288
BLOCK04/SES049/SA049S18	SES104	-1.89342	-1.06713	0.826288
BLOCK04/SES049/SA049S18	SES125	-1.80753	-0.981245	0.826288
BLOCK04/SES049/SA049S18	SES206	-1.50651	-0.680225	0.826288
BLOCK04/SES049/SA049S25	SES087	-1.1107	5.91642e-05	1.11076
BLOCK04/SES049/SA049S25	SES104	-0.478157	0.632601	1.11076
BLOCK04/SES049/SA049S25	SES125	-0.678986	0.431772	1.11076
BLOCK04/SES049/SA049S25	SES206	-0.200455	0.910303	1.11076
BLOCK04/SES049/SA049S27	SES099	0.197307	2.10044	1.90313
BLOCK04/SES049/SA049S27	SES104	0.171034	2.07417	1.90313
BLOCK04/SES049/SA049S27	SES125	-0.92811	0.975022	1.90313
BLOCK04/SES049/SA049S27	SES206	-0.68824	1.21489	1.90313
BLOCK04/SES049/SA049S29	SES099	0.188428	2.6782	2.48978
BLOCK04/SES049/SA049S29	SES104	0.390394	2.88017	2.48978
BLOCK04/SES049/SA049S29	SES125	-0.448145	2.04163	2.48978
BLOCK04/SES049/SA049S29	SES206	0.0419199	2.5317	2.48978
BLOCK06/SES063/SA063S09	SES068	-1.4699	2.56691	4.03681
BLOCK06/SES063/SA063S09	SES083	-0.512975	3.52384	4.03681
BLOCK06/SES063/SA063S09	SES177	-0.820652	3.21616	4.03681
BLOCK06/SES063/SA063S09	SES187	-1.47577	2.56104	4.03681
BLOCK06/SES063/SA063S10	SES068	-1.9296	1.60836	3.53797
BLOCK06/SES063/SA063S10	SES083	-0.470011	3.06795	3.53797
BLOCK06/SES063/SA063S10	SES172	-1.50436	2.03361	3.53797
BLOCK06/SES063/SA063S10	SES187	-0.839744	2.69822	3.53797
BLOCK06/SES063/SA063S20	SES068	-1.491	2.14788	3.63887
BLOCK06/SES063/SA063S20	SES083	-0.232271	3.4066	3.63887
BLOCK06/SES063/SA063S20	SES172	-0.0471225	3.59175	3.63887
BLOCK06/SES063/SA063S20	SES187	-0.712697	2.92618	3.63887
BLOCK06/SES063/SA063S24	SES029	-1.69753	2.2512	3.94874
BLOCK06/SES063/SA063S24	SES083	-0.263752	3.68499	3.94874
BLOCK06/SES063/SA063S24	SES177	-0.607677	3.34106	3.94874
BLOCK06/SES063/SA063S24	SES189	-0.555379	3.39336	3.94874
BLOCK06/SES063/SA063S27	SES083	0.274444	3.57361	3.29916
BLOCK06/SES063/SA063S27	SES172	-0.815847	2.48332	3.29916
BLOCK06/SES063/SA063S27	SES187	-0.818328	2.48083	3.29916
BLOCK06/SES063/SA063S27	SES292	-1.60978	1.68938	3.29916
BLOCK06/SES067/SA067S12	SES083	-1.25471	3.3388	4.59352
BLOCK06/SES067/SA067S12	SES172	-1.59111	3.00241	4.59352
BLOCK06/SES067/SA067S12	SES202	-0.907685	3.68583	4.59352
BLOCK06/SES067/SA067S12	SES292	-1.84233	2.75119	4.59352
BLOCK06/SES067/SA067S14	SES085	-0.748485	4.50048	5.24896
BLOCK06/SES067/SA067S14	SES177	-1.30227	3.94669	5.24896
BLOCK06/SES067/SA067S14	SES183	0.120945	5.36991	5.24896
BLOCK06/SES067/SA067S14	SES202	-0.70386	4.5451	5.24896
BLOCK06/SES067/SA067S21	SES144	-0.610819	3.48746	4.09828
BLOCK06/SES067/SA067S21	SES177	-0.769713	3.32857	4.09828
BLOCK06/SES067/SA067S21	SES183	0.107954	4.20623	4.09828
BLOCK06/SES067/SA067S21	SES189	-0.931615	3.16666	4.09828
BLOCK06/SES067/SA067S25	SES085	-0.209386	4.03896	4.24835
BLOCK06/SES067/SA067S25	SES177	-0.790319	3.45803	4.24835
BLOCK06/SES067/SA067S25	SES183	-0.600955	3.64739	4.24835
BLOCK06/SES067/SA067S25	SES202	-1.24815	3.0002	4.24835
BLOCK06/SES067/SA067S29	SES085	-1.09407	2.71144	3.8055
BLOCK06/SES067/SA067S29	SES177	-0.916903	2.8886	3.8055
BLOCK06/SES067/SA067S29	SES183	-0.0490427	3.75646	3.8055
BLOCK06/SES067/SA067S29	SES202	-0.309546	3.49596	3.8055
BLOCK06/SES069/SA069S12	SES029	-1.75513	1.20484	2.95997
BLOCK06/SES069/SA069S12	SES082	0.0634849	3.02346	2.95997
BLOCK06/SES069/SA069S12	SES087	-0.647324	2.31265	2.95997
BLOCK06/SES069/SA069S12	SES206	-0.401627	2.55835	2.95997
BLOCK06/SES069/SA069S13	SES029	-2.1817	1.32734	3.50905
BLOCK06/SES069/SA069S13	SES087	-0.483474	3.02557	3.50905
BLOCK06/SES069/SA069S13	SES206	-0.444557	3.06449	3.50905
BLOCK06/SES069/SA069S13	SES226	0.0903728	3.59942	3.50905
BLOCK06/SES069/SA069S23	SES029	0.102684	4.66023	4.55755
BLOCK06/SES069/SA069S23	SES087	-0.139688	4.41786	4.55755
BLOCK06/SES069/SA069S23	SES206	-0.910819	3.64673	4.55755
BLOCK06/SES069/SA069S23	SES226	-0.0120349	4.54551	4.55755
BLOCK06/SES069/SA069S25	SES087	-0.66272	3.51661	4.17933
BLOCK06/SES069/SA069S25	SES206	-2.06504	2.11429	4.17933
BLOCK06/SES069/SA069S25	SES226	0.00594568	4.18527	4.17933
BLOCK06/SES069/SA069S25	SES270	-0.989553	3.18977	4.17933
BLOCK06/SES069/SA069S27	SES087	-1.1744	2.55121	3.7256
BLOCK06/SES069/SA069S27	SES206	-0.428996	3.29661	3.7256
BLOCK06/SES069/SA069S27	SES226	0.698504	4.42411	3.7256
BLOCK06/SES069/SA069S27	SES270	-0.540728	3.18488	3.7256
BLOCK08/SES081/SA081S11	SES060	-1.62574	1.69969	3.32543
BLOCK08/SES081/SA081S11	SES062	-0.881524	2.44391	3.32543
BLOCK08/SES081/SA081S11	SES117	-2.25042	1.07502	3.32543
BLOCK08/SES081/SA081S11	SES162	-1.4729	1.85254	3.32543
BLOCK08/SES081/SA081S13	SES016	-0.667949	3.62117	4.28912
BLOCK08/SES081/SA081S13	SES060	0.257302	4.54642	4.28912
BLOCK08/SES081/SA081S13	SES068	-0.421975	3.86714	4.28912
BLOCK08/SES081/SA081S13	SES129	-1.87957	2.40955	4.28912
BLOCK08/SES081/SA081S24	SES060	-0.219431	3.7462	3.96563
BLOCK08/SES081/SA081S24	SES068	-0.42832	3.53731	3.96563
BLOCK08/SES081/SA081S24	SES117	-1.66473	2.3009	3.96563
BLOCK08/SES081/SA081S24	SES275	-0.998283	2.96735	3.96563
BLOCK08/SES081/SA081S27	SES007	-0.875278	2.50135	3.37663
BLOCK08/SES081/SA081S27	SES060	-0.981563	2.39507	3.37663
BLOCK08/SES081/SA081S27	SES117	-0.96794	2.40869	3.37663
BLOCK08/SES081/SA081S27	SES275	-1.08737	2.28926	3.37663
BLOCK08/SES081/SA081S29	SES007	-0.39327	3.41137	3.80464
BLOCK08/SES081/SA081S29	SES060	-0.672079	3.13256	3.80464
BLOCK08/SES081/SA081S29	SES117	-1.38018	2.42445	3.80464
BLOCK08/SES081/SA081S29	SES275	-1.30467	2.49997	3.80464
BLOCK08/SES086/SA086S11	SES029	-3.05214	-1.71064	1.34149
BLOCK08/SES086/SA086S11	SES082	-0.835766	0.505727	1.34149
BLOCK08/SES086/SA086S11	SES087	0.310985	1.65248	1.34149
BLOCK08/SES086/SA086S11	SES206	-0.907329	0.434164	1.34149
BLOCK08/SES086/SA086S12	SES029	-1.51467	0.752926	2.2676
BLOCK08/SES086/SA086S12	SES082	-1.49923	0.768369	2.2676
BLOCK08/SES086/SA086S12	SES087	0.586386	2.85398	2.2676
BLOCK08/SES086/SA086S12	SES206	-0.802633	1.46496	2.2676
BLOCK08/SES086/SA086S20	SES029	-2.22004	1.01901	3.23905
BLOCK08/SES086/SA086S20	SES082	-1.96195	1.2771	3.23905
BLOCK08/SES086/SA086S20	SES087	0.396297	3.63534	3.23905
BLOCK08/SES086/SA086S20	SES206	-0.519086	2.71996	3.23905
BLOCK08/SES086/SA086S24	SES087	0.0807221	2.13143	2.05071
BLOCK08/SES086/SA086S24	SES104	-1.18304	0.867669	2.05071
BLOCK08/SES086/SA086S24	SES120	-1.14435	0.906361	2.05071
BLOCK08/SES086/SA086S24	SES206	0.193642	2.24435	2.05071
BLOCK08/SES086/SA086S28	SES029	-1.77006	1.44986	3.21992
BLOCK08/SES086/SA086S28	SES082	-1.51199	1.70793	3.21992
BLOCK08/SES086/SA086S28	SES087	-0.0330603	3.18686	3.21992
BLOCK08/SES086/SA086S28	SES206	-0.270794	2.94913	3.21992
BLOCK08/SES089/SA089S13	SES087	-0.816493	1.07633	1.89283
BLOCK08/SES089/SA089S13	SES206	-0.950088	0.942738	1.89283
BLOCK08/SES089/SA089S13	SES226	-0.848631	1.04419	1.89283
BLOCK08/SES089/SA089S13	SES270	-1.90596	-0.0131329	1.89283
BLOCK08/SES089/SA089S14	SES062	-1.26062	1.63121	2.89183
BLOCK08/SES089/SA089S14	SES087	-0.355002	2.53682	2.89183
BLOCK08/SES089/SA089S14	SES206	-0.85087	2.04096	2.89183
BLOCK08/SES089/SA089S14	SES226	-1.01487	1.87695	2.89183
BLOCK08/SES089/SA089S23	SES087	-0.83366	0.304541	1.1382
BLOCK08/SES089/SA089S23	SES206	-0.243189	0.895012	1.1382
BLOCK08/SES089/SA089S23	SES226	-0.57149	0.566711	1.1382
BLOCK08/SES089/SA089S23	SES270	-1.50828	-0.370074	1.1382
BLOCK08/SES089/SA089S25	SES062	-1.26374	1.27194	2.53568
BLOCK08/SES089/SA089S25	SES087	-0.283618	2.25206	2.53568
BLOCK08/SES089/SA089S25	SES206	-1.53503	1.00065	2.53568
BLOCK08/SES089/SA089S25	SES226	-0.132255	2.40343	2.53568
BLOCK08/SES089/SA089S28	SES062	-0.562802	1.90975	2.47255
BLOCK08/SES089/SA089S28	SES087	0.43907	2.91162	2.47255
BLOCK08/SES089/SA089S28	SES206	-0.339931	2.13262	2.47255
BLOCK08/SES089/SA089S28	SES226	0.0063777	2.47893	2.47255
BLOCK09/SES097/SA097S11	SES099	0.779471	2.73493	1.95546
BLOCK09/SES097/SA097S11	SES125	-1.07894	0.876518	1.95546
BLOCK09/SES097/SA097S11	SES206	-0.258822	1.69664	1.95546
BLOCK09/SES097/SA097S11	SES226	0.539509	2.49497	1.95546
BLOCK09/SES097/SA097S14	SES062	-0.801199	1.34122	2.14242
BLOCK09/SES097/SA097S14	SES099	-0.259408	1.88301	2.14242
BLOCK09/SES097/SA097S14	SES104	-0.659612	1.48281	2.14242
BLOCK09/SES097/SA097S14	SES206	-1.1428	0.999618	2.14242
BLOCK09/SES097/SA097S22	SES099	0.782241	2.37744	1.5952
BLOCK09/SES097/SA097S22	SES206	-0.533369	1.06183	1.5952
BLOCK09/SES097/SA097S22	SES226	-0.867079	0.72812	1.5952
BLOCK09/SES097/SA097S22	SES270	0.147603	1.7428	1.5952
BLOCK09/SES097/SA097S26	SES099	0.262753	1.90441	1.64166
BLOCK09/SES097/SA097S26	SES120	-0.431886	1.20977	1.64166
BLOCK09/SES097/SA097S26	SES206	-0.541469	1.10019	1.64166
BLOCK09/SES097/SA097S26	SES226	-1.22108	0.420581	1.64166
BLOCK09/SES097/SA097S28	SES099	0.0903952	2.17652	2.08613
BLOCK09/SES097/SA097S28	SES120	-0.642816	1.44331	2.08613
BLOCK09/SES097/SA097S28	SES206	-1.1325	0.953628	2.08613
BLOCK09/SES097/SA097S28	SES226	-1.28361	0.802515	2.08613
BLOCK09/SES098/SA098S11	SES127	-1.65434	1.72511	3.37945
BLOCK09/SES098/SA098S11	SES144	-1.4372	1.94225	3.37945
BLOCK09/SES098/SA098S11	SES147	-0.864419	2.51503	3.37945
BLOCK09/SES098/SA098S11	SES148	-2.87488	0.504576	3.37945
BLOCK09/SES098/SA098S12	SES127	-2.85418	-0.36543	2.48875
BLOCK09/SES098/SA098S12	SES144	-2.30059	0.188166	2.48875
BLOCK09/SES098/SA098S12	SES147	-1.17534	1.31341	2.48875
BLOCK09/SES098/SA098S12	SES189	-1.74839	0.740365	2.48875
BLOCK09/SES098/SA098S20	SES127	-3.23471	-0.430974	2.80373
BLOCK09/SES098/SA098S20	SES147	-1.83035	0.973389	2.80373
BLOCK09/SES098/SA098S20	SES148	-2.79689	0.00684686	2.80373
BLOCK09/SES098/SA098S20	SES292	-1.46255	1.34118	2.80373
BLOCK09/SES098/SA098S23	SES127	-2.18348	1.47981	3.66329
BLOCK09/SES098/SA098S23	SES147	-1.32856	2.33473	3.66329
BLOCK09/SES098/SA098S23	SES187	-0.893921	2.76937	3.66329
BLOCK09/SES098/SA098S23	SES292	-1.02481	2.63848	3.66329
BLOCK09/SES098/SA098S27	SES127	-3.48583	-1.02793	2.45789
BLOCK09/SES098/SA098S27	SES147	-2.74038	-0.28249	2.45789
BLOCK09/SES098/SA098S27	SES148	-3.21095	-0.753062	2.45789
BLOCK09/SES098/SA098S27	SES292	-0.782242	1.67565	2.45789
BLOCK10/SES102/SA102S13	SES101	-0.197955	2.60111	2.79906
BLOCK10/SES102/SA102S13	SES105	-0.667607	2.13146	2.79906
BLOCK10/SES102/SA102S13	SES120	-2.1331	0.665962	2.79906
BLOCK10/SES102/SA102S13	SES158	-1.2681	1.53096	2.79906
BLOCK10/SES102/SA102S14	SES007	-0.0843954	4.05163	4.13603
BLOCK10/SES102/SA102S14	SES101	0.360904	4.49693	4.13603
BLOCK10/SES102/SA102S14	SES105	0.0543237	4.19035	4.13603
BLOCK10/SES102/SA102S14	SES147	-2.85064	1.28539	4.13603
BLOCK10/SES102/SA102S22	SES007	-0.79818	2.99976	3.79794
BLOCK10/SES102/SA102S22	SES101	-0.245726	3.55221	3.79794
BLOCK10/SES102/SA102S22	SES105	-0.521644	3.27629	3.79794
BLOCK10/SES102/SA102S22	SES158	-1.46226	2.33567	3.79794
BLOCK10/SES102/SA102S25	SES007	-0.518899	3.42538	3.94428
BLOCK10/SES102/SA102S25	SES101	0.185436	4.12972	3.94428
BLOCK10/SES102/SA102S25	SES105	-0.71096	3.23332	3.94428
BLOCK10/SES102/SA102S25	SES147	-3.00743	0.936852	3.94428
BLOCK10/SES102/SA102S27	SES007	-0.803872	2.48221	3.28608
BLOCK10/SES102/SA102S27	SES101	0.384971	3.67105	3.28608
BLOCK10/SES102/SA102S27	SES105	-0.761201	2.52488	3.28608
BLOCK10/SES102/SA102S27	SES147	-2.09163	1.19445	3.28608
BLOCK10/SES103/SA103S14	SES105	-2.2384	-1.06124	1.17716
BLOCK10/SES103/SA103S14	SES106	-0.975257	0.201903	1.17716
BLOCK10/SES103/SA103S14	SES120	-1.75375	-0.576593	1.17716
BLOCK10/SES103/SA103S14	SES206	-2.26546	-1.0883	1.17716
BLOCK10/SES103/SA103S15	SES099	-1.02477	-0.981154	0.0436201
BLOCK10/SES103/SA103S15	SES101	-3.10423	-3.06061	0.0436201
BLOCK10/SES103/SA103S15	SES104	-2.28534	-2.24172	0.0436201
BLOCK10/SES103/SA103S15	SES125	-1.40465	-1.36103	0.0436201
BLOCK10/SES103/SA103S24	SES104	-1.60514	0.391023	1.99616
BLOCK10/SES103/SA103S24	SES125	-1.94392	0.0522437	1.99616
BLOCK10/SES103/SA103S24	SES148	-2.36125	-0.365091	1.99616
BLOCK10/SES103/SA103S24	SES158	-1.12731	0.868851	1.99616
BLOCK10/SES103/SA103S26	SES104	-1.36923	-0.41078	0.958447
BLOCK10/SES103/SA103S26	SES106	-0.362445	0.596002	0.958447
BLOCK10/SES103/SA103S26	SES125	-1.37666	-0.418213	0.958447
BLOCK10/SES103/SA103S26	SES148	-3.39268	-2.43423	0.958447
BLOCK10/SES103/SA103S28	SES104	-1.26158	-1.15972	0.101863
BLOCK10/SES103/SA103S28	SES106	-0.219861	-0.117998	0.101863
BLOCK10/SES103/SA103S28	SES125	-1.77838	-1.67652	0.101863
BLOCK10/SES103/SA103S28	SES206	-2.16718	-2.06531	0.101863
BLOCK12/SES121/SA121S12	SES042	-1.62199	-0.835724	0.786269
BLOCK12/SES121/SA121S12	SES087	-0.654824	0.131445	0.786269
BLOCK12/SES121/SA121S12	SES105	-0.539936	0.246333	0.786269
BLOCK12/SES121/SA121S12	SES206	-0.655634	0.130635	0.786269
BLOCK12/SES121/SA121S14	SES007	-1.94566	-1.68621	0.259453
BLOCK12/SES121/SA121S14	SES105	-1.88836	-1.62891	0.259453
BLOCK12/SES121/SA121S14	SES106	-1.14345	-0.884	0.259453
BLOCK12/SES121/SA121S14	SES206	-1.20111	-0.941656	0.259453
BLOCK12/SES121/SA121S23	SES105	-1.0536	-0.627625	0.425972
BLOCK12/SES121/SA121S23	SES106	0.0313781	0.45735	0.425972
BLOCK12/SES121/SA121S23	SES120	-1.07411	-0.648137	0.425972
BLOCK12/SES121/SA121S23	SES206	-0.0706968	0.355275	0.425972
BLOCK12/SES121/SA121S25	SES007	-1.27395	-1.3322	-0.05825
BLOCK12/SES121/SA121S25	SES105	-1.83523	-1.89348	-0.05825
BLOCK12/SES121/SA121S25	SES106	-0.836593	-0.894843	-0.05825
BLOCK12/SES121/SA121S25	SES206	-0.841625	-0.899875	-0.05825
BLOCK12/SES121/SA121S27	SES087	-0.32049	0.655526	0.976016
BLOCK12/SES121/SA121S27	SES105	-2.61593	-1.63991	0.976016
BLOCK12/SES121/SA121S27	SES120	-0.467831	0.508185	0.976016
BLOCK12/SES121/SA121S27	SES206	0.026571	1.00259	0.976016
BLOCK12/SES124/SA124S16	SES042	-0.381814	1.95757	2.33938
BLOCK12/SES124/SA124S16	SES082	-1.29024	1.04915	2.33938
BLOCK12/SES124/SA124S16	SES183	-2.19771	0.141677	2.33938
BLOCK12/SES124/SA124S16	SES206	-1.45156	0.887821	2.33938
BLOCK12/SES124/SA124S17	SES105	-1.75159	-0.313448	1.43815
BLOCK12/SES124/SA124S17	SES149	-2.6189	-1.18075	1.43815
BLOCK12/SES124/SA124S17	SES158	-2.58902	-1.15087	1.43815
BLOCK12/SES124/SA124S17	SES275	-1.19905	0.239091	1.43815
BLOCK12/SES124/SA124S23	SES105	-1.79727	1.71329	3.51056
BLOCK12/SES124/SA124S23	SES125	-0.0395088	3.47105	3.51056
BLOCK12/SES124/SA124S23	SES129	-2.29086	1.2197	3.51056
BLOCK12/SES124/SA124S23	SES158	-0.434574	3.07599	3.51056
BLOCK12/SES124/SA124S26	SES105	-2.3312	0.063571	2.39477
BLOCK12/SES124/SA124S26	SES125	-0.742371	1.6524	2.39477
BLOCK12/SES124/SA124S26	SES129	-2.53662	-0.141848	2.39477
BLOCK12/SES124/SA124S26	SES158	-1.17431	1.22046	2.39477
BLOCK12/SES124/SA124S28	SES104	-0.433619	2.26121	2.69483
BLOCK12/SES124/SA124S28	SES106	-0.465232	2.2296	2.69483
BLOCK12/SES124/SA124S28	SES125	0.247568	2.9424	2.69483
BLOCK12/SES124/SA124S28	SES275	-1.70956	0.985275	2.69483
BLOCK12/SES126/SA126S13	SES007	-0.573232	3.08536	3.65859
BLOCK12/SES126/SA126S13	SES162	-1.57244	2.08615	3.65859
BLOCK12/SES126/SA126S13	SES177	-0.998604	2.65999	3.65859
BLOCK12/SES126/SA126S13	SES180	-0.991525	2.66707	3.65859
BLOCK12/SES126/SA126S14	SES144	-0.626333	3.36381	3.99014
BLOCK12/SES126/SA126S14	SES148	-1.29702	2.69312	3.99014
BLOCK12/SES126/SA126S14	SES177	-0.27627	3.71387	3.99014
BLOCK12/SES126/SA126S14	SES180	-1.68253	2.30761	3.99014
BLOCK12/SES126/SA126S20	SES007	-0.563373	3.56907	4.13244
BLOCK12/SES126/SA126S20	SES162	-1.54787	2.58457	4.13244
BLOCK12/SES126/SA126S20	SES172	-1.84703	2.28541	4.13244
BLOCK12/SES126/SA126S20	SES180	-1.33637	2.79607	4.13244
BLOCK12/SES126/SA126S24	SES120	-0.203106	4.27648	4.47959
BLOCK12/SES126/SA126S24	SES162	-1.19051	3.28908	4.47959
BLOCK12/SES126/SA126S24	SES177	-0.251326	4.22826	4.47959
BLOCK12/SES126/SA126S24	SES180	-0.768022	3.71156	4.47959
BLOCK12/SES126/SA126S26	SES120	0.235047	3.95351	3.71847
BLOCK12/SES126/SA126S26	SES177	-1.26255	2.45592	3.71847
BLOCK12/SES126/SA126S26	SES180	-1.57304	2.14542	3.71847
BLOCK12/SES126/SA126S26	SES202	-1.67453	2.04393	3.71847
BLOCK12/SES128/SA128S10	SES087	-1.98843	0.748013	2.73644
BLOCK12/SES128/SA128S10	SES206	-1.06337	1.67307	2.73644
BLOCK12/SES128/SA128S10	SES226	-0.813943	1.9225	2.73644
BLOCK12/SES128/SA128S10	SES270	-0.167112	2.56933	2.73644
BLOCK12/SES128/SA128S12	SES120	-0.78173	1.62663	2.40836
BLOCK12/SES128/SA128S12	SES158	-1.77201	0.636344	2.40836
BLOCK12/SES128/SA128S12	SES206	-0.757643	1.65071	2.40836
BLOCK12/SES128/SA128S12	SES226	-1.25744	1.15092	2.40836
BLOCK12/SES128/SA128S21	SES106	-1.39297	0.261905	1.65488
BLOCK12/SES128/SA128S21	SES120	-1.32813	0.326741	1.65488
BLOCK12/SES128/SA128S21	SES206	-0.898051	0.756824	1.65488
BLOCK12/SES128/SA128S21	SES226	-0.405915	1.24896	1.65488
BLOCK12/SES128/SA128S24	SES087	-1.04361	1.17906	2.22267
BLOCK12/SES128/SA128S24	SES120	-0.161702	2.06097	2.22267
BLOCK12/SES128/SA128S24	SES206	-0.202561	2.02011	2.22267
BLOCK12/SES128/SA128S24	SES226	-1.14792	1.07475	2.22267
BLOCK12/SES128/SA128S27	SES099	-0.223844	3.14098	3.36483
BLOCK12/SES128/SA128S27	SES120	-0.122472	3.24235	3.36483
BLOCK12/SES128/SA128S27	SES206	-0.365998	2.99883	3.36483
BLOCK12/SES128/SA128S27	SES226	-0.650436	2.71439	3.36483
BLOCK13/SES130/SA130S13	SES143	-0.257676	2.7021	2.95978
BLOCK13/SES130/SA130S13	SES144	0.271114	3.23089	2.95978
BLOCK13/SES130/SA130S13	SES146	-0.992936	1.96684	2.95978
BLOCK13/SES130/SA130S13	SES275	-1.30711	1.65266	2.95978
BLOCK13/SES130/SA130S15	SES143	-1.01504	2.93884	3.95388
BLOCK13/SES130/SA130S15	SES144	-0.287277	3.6666	3.95388
BLOCK13/SES130/SA130S15	SES146	-0.626373	3.32751	3.95388
BLOCK13/SES130/SA130S15	SES275	-0.960871	2.99301	3.95388
BLOCK13/SES130/SA130S23	SES127	-1.59518	0.809414	2.4046
BLOCK13/SES130/SA130S23	SES144	-1.27109	1.13351	2.4046
BLOCK13/SES130/SA130S23	SES146	-0.682125	1.72247	2.4046
BLOCK13/SES130/SA130S23	SES162	-0.179584	2.22501	2.4046
BLOCK13/SES130/SA130S25	SES127	-0.658108	3.48804	4.14615
BLOCK13/SES130/SA130S25	SES144	-0.905071	3.24108	4.14615
BLOCK13/SES130/SA130S25	SES146	-0.556442	3.58971	4.14615
BLOCK13/SES130/SA130S25	SES275	-0.502149	3.644	4.14615
BLOCK13/SES130/SA130S28	SES127	-0.948495	2.67525	3.62375
BLOCK13/SES130/SA130S28	SES144	-1.03422	2.58952	3.62375
BLOCK13/SES130/SA130S28	SES146	-0.663795	2.95995	3.62375
BLOCK13/SES130/SA130S28	SES275	-0.322074	3.30167	3.62375
BLOCK13/SES131/SA131S13	SES002	-1.82188	-1.24703	0.574851
BLOCK13/SES131/SA131S13	SES007	-1.64731	-1.07246	0.574851
BLOCK13/SES131/SA131S13	SES099	-1.56614	-0.991289	0.574851
BLOCK13/SES131/SA131S13	SES105	-1.30087	-0.726023	0.574851
BLOCK13/SES131/SA131S14	SES104	-0.2387	2.29925	2.53795
BLOCK13/SES131/SA131S14	SES106	-0.914256	1.6237	2.53795
BLOCK13/SES131/SA131S14	SES125	-1.12247	1.41548	2.53795
BLOCK13/SES131/SA131S14	SES148	-0.670297	1.86766	2.53795
BLOCK13/SES131/SA131S20	SES104	-2.17735	-1.56169	0.615663
BLOCK13/SES131/SA131S20	SES106	-1.44123	-0.825563	0.615663
BLOCK13/SES131/SA131S20	SES125	-2.372	-1.75634	0.615663
BLOCK13/SES131/SA131S20	SES148	-1.27311	-0.657443	0.615663
BLOCK13/SES131/SA131S22	SES099	-1.59497	0.287571	1.88254
BLOCK13/SES131/SA131S22	SES104	-1.65849	0.224053	1.88254
BLOCK13/SES131/SA131S22	SES125	-1.7965	0.0860458	1.88254
BLOCK13/SES131/SA131S22	SES206	-1.65452	0.228018	1.88254
BLOCK13/SES131/SA131S29	SES087	-1.73489	-0.467458	1.26743
BLOCK13/SES131/SA131S29	SES104	-2.49058	-1.22314	1.26743
BLOCK13/SES131/SA131S29	SES125	-2.42487	-1.15744	1.26743
BLOCK13/SES131/SA131S29	SES206	-1.7249	-0.457465	1.26743
BLOCK13/SES132/SA132S11	SES083	-1.51047	2.12797	3.63844
BLOCK13/SES132/SA132S11	SES120	0.438514	4.07696	3.63844
BLOCK13/SES132/SA132S11	SES127	-1.50985	2.12859	3.63844
BLOCK13/SES132/SA132S11	SES275	-0.963098	2.67534	3.63844
BLOCK13/SES132/SA132S12	SES083	-1.73392	2.88999	4.6239
BLOCK13/SES132/SA132S12	SES143	-1.26466	3.35925	4.6239
BLOCK13/SES132/SA132S12	SES144	-1.06234	3.56156	4.6239
BLOCK13/SES132/SA132S12	SES148	-0.744852	3.87905	4.6239
BLOCK13/SES132/SA132S22	SES062	-0.84981	3.07022	3.92003
BLOCK13/SES132/SA132S22	SES083	-1.38958	2.53045	3.92003
BLOCK13/SES132/SA132S22	SES127	-1.20138	2.71865	3.92003
BLOCK13/SES132/SA132S22	SES275	-0.720412	3.19962	3.92003
BLOCK13/SES132/SA132S24	SES007	-0.622481	4.06219	4.68467
BLOCK13/SES132/SA132S24	SES083	-1.73798	2.94669	4.68467
BLOCK13/SES132/SA132S24	SES127	-1.77175	2.91292	4.68467
BLOCK13/SES132/SA132S24	SES275	-0.43657	4.2481	4.68467
BLOCK13/SES132/SA132S27	SES083	-2.0065	1.3497	3.35619
BLOCK13/SES132/SA132S27	SES120	0.22583	3.58202	3.35619
BLOCK13/SES132/SA132S27	SES127	-1.93772	1.41848	3.35619
BLOCK13/SES132/SA132S27	SES275	-1.3687	1.98749	3.35619
BLOCK14/SES141/SA141S09	SES143	-1.00107	3.21161	4.21268
BLOCK14/SES141/SA141S09	SES144	-0.701525	3.51115	4.21268
BLOCK14/SES141/SA141S09	SES162	-1.38996	2.82272	4.21268
BLOCK14/SES141/SA141S09	SES180	-1.05667	3.15601	4.21268
BLOCK14/SES141/SA141S15	SES127	-1.10952	3.05491	4.16443
BLOCK14/SES141/SA141S15	SES144	-1.31132	2.85312	4.16443
BLOCK14/SES141/SA141S15	SES162	-1.89675	2.26768	4.16443
BLOCK14/SES141/SA141S15	SES180	-0.983593	3.18084	4.16443
BLOCK14/SES141/SA141S24	SES127	-0.75804	3.37306	4.1311
BLOCK14/SES141/SA141S24	SES144	-1.15672	2.97438	4.1311
BLOCK14/SES141/SA141S24	SES162	-0.874464	3.25663	4.1311
BLOCK14/SES141/SA141S24	SES183	-1.55102	2.58008	4.1311
BLOCK14/SES141/SA141S26	SES142	-0.5162	3.25815	3.77435
BLOCK14/SES141/SA141S26	SES144	-1.07842	2.69594	3.77435
BLOCK14/SES141/SA141S26	SES172	-0.48078	3.29357	3.77435
BLOCK14/SES141/SA141S26	SES180	-0.986149	2.7882	3.77435
BLOCK14/SES141/SA141S29	SES127	-0.398634	3.91802	4.31665
BLOCK14/SES141/SA141S29	SES142	-0.305531	4.01112	4.31665
BLOCK14/SES141/SA141S29	SES144	-1.04106	3.27559	4.31665
BLOCK14/SES141/SA141S29	SES180	-0.498937	3.81772	4.31665
BLOCK15/SES157/SA157S08	SES083	-2.01071	1.2348	3.24552
BLOCK15/SES157/SA157S08	SES127	-0.743645	2.50187	3.24552
BLOCK15/SES157/SA157S08	SES148	-1.3406	1.90491	3.24552
BLOCK15/SES157/SA157S08	SES292	-1.87634	1.36917	3.24552
BLOCK15/SES157/SA157S11	SES083	-1.8274	1.57485	3.40226
BLOCK15/SES157/SA157S11	SES127	-1.07887	2.32339	3.40226
BLOCK15/SES157/SA157S11	SES148	-1.70028	1.70198	3.40226
BLOCK15/SES157/SA157S11	SES292	-1.80657	1.59569	3.40226
BLOCK15/SES157/SA157S21	SES127	-0.574711	2.71573	3.29044
BLOCK15/SES157/SA157S21	SES148	-0.030339	3.2601	3.29044
BLOCK15/SES157/SA157S21	SES158	-4.48298	-1.19254	3.29044
BLOCK15/SES157/SA157S21	SES292	-1.31475	1.97569	3.29044
BLOCK15/SES157/SA157S24	SES127	-0.451805	3.04372	3.49553
BLOCK15/SES157/SA157S24	SES148	-1.25614	2.23939	3.49553
BLOCK15/SES157/SA157S24	SES183	-1.38125	2.11428	3.49553
BLOCK15/SES157/SA157S24	SES292	-2.02676	1.46876	3.49553
BLOCK15/SES157/SA157S26	SES007	-0.521181	3.14705	3.66823
BLOCK15/SES157/SA157S26	SES127	-0.561669	3.10656	3.66823
BLOCK15/SES157/SA157S26	SES147	-1.77339	1.89484	3.66823
BLOCK15/SES157/SA157S26	SES148	-1.18349	2.48474	3.66823
BLOCK16/SES161/SA161S10	SES007	-1.3083	0.302947	1.61125
BLOCK16/SES161/SA161S10	SES105	-1.19724	0.414006	1.61125
BLOCK16/SES161/SA161S10	SES158	-1.2498	0.361447	1.61125
BLOCK16/SES161/SA161S10	SES275	-0.840188	0.77106	1.61125
BLOCK16/SES161/SA161S12	SES007	-1.60876	0.418238	2.027
BLOCK16/SES161/SA161S12	SES105	-1.91157	0.115428	2.027
BLOCK16/SES161/SA161S12	SES158	-1.11239	0.914606	2.027
BLOCK16/SES161/SA161S12	SES275	-0.93887	1.08813	2.027
BLOCK16/SES161/SA161S20	SES007	-1.47712	-0.498855	0.978269
BLOCK16/SES161/SA161S20	SES105	-2.21131	-1.23304	0.978269
BLOCK16/SES161/SA161S20	SES158	-0.725879	0.25239	0.978269
BLOCK16/SES161/SA161S20	SES275	-1.65684	-0.678568	0.978269
BLOCK16/SES161/SA161S23	SES007	-2.14151	0.213301	2.35481
BLOCK16/SES161/SA161S23	SES105	-0.94672	1.40809	2.35481
BLOCK16/SES161/SA161S23	SES148	-1.39806	0.956745	2.35481
BLOCK16/SES161/SA161S23	SES158	-1.23689	1.11792	2.35481
BLOCK16/SES161/SA161S28	SES007	-2.08236	0.0133807	2.09574
BLOCK16/SES161/SA161S28	SES105	-2.08111	0.0146279	2.09574
BLOCK16/SES161/SA161S28	SES158	-0.584106	1.51164	2.09574
BLOCK16/SES161/SA161S28	SES206	-0.783427	1.31231	2.09574
BLOCK16/SES164/SA164S11	SES104	-1.59794	0.673846	2.27179
BLOCK16/SES164/SA164S11	SES125	-1.1162	1.15558	2.27179
BLOCK16/SES164/SA164S11	SES158	-0.381827	1.88996	2.27179
BLOCK16/SES164/SA164S11	SES206	-1.4574	0.814392	2.27179
BLOCK16/SES164/SA164S13	SES099	-1.19473	-0.346599	0.848134
BLOCK16/SES164/SA164S13	SES104	-1.78664	-0.938506	0.848134
BLOCK16/SES164/SA164S13	SES125	-1.41533	-0.5672	0.848134
BLOCK16/SES164/SA164S13	SES206	-1.15159	-0.30346	0.848134
BLOCK16/SES164/SA164S24	SES002	0.147124	1.37315	1.22603
BLOCK16/SES164/SA164S24	SES099	-1.29922	-0.0731884	1.22603
BLOCK16/SES164/SA164S24	SES125	-1.82546	-0.599426	1.22603
BLOCK16/SES164/SA164S24	SES226	0.478513	1.70454	1.22603
BLOCK16/SES164/SA164S27	SES087	-1.59934	-0.960375	0.638962
BLOCK16/SES164/SA164S27	SES125	-1.50985	-0.870891	0.638962
BLOCK16/SES164/SA164S27	SES206	-1.19368	-0.554721	0.638962
BLOCK16/SES164/SA164S27	SES226	-0.341257	0.297705	0.638962
BLOCK16/SES164/SA164S29	SES002	0.300374	1.51342	1.21305
BLOCK16/SES164/SA164S29	SES019	-1.81085	-0.597798	1.21305
BLOCK16/SES164/SA164S29	SES125	-1.46342	-0.250373	1.21305
BLOCK16/SES164/SA164S29	SES226	-1.05425	0.158802	1.21305
BLOCK16/SES169/SA169S13	SES117	-1.23545	1.79474	3.0302
BLOCK16/SES169/SA169S13	SES144	-0.826189	2.20401	3.0302
BLOCK16/SES169/SA169S13	SES146	-1.20271	1.82749	3.0302
BLOCK16/SES169/SA169S13	SES162	-0.445153	2.58504	3.0302
BLOCK16/SES169/SA169S14	SES144	-1.57773	2.66929	4.24702
BLOCK16/SES169/SA169S14	SES148	-1.37624	2.87078	4.24702
BLOCK16/SES169/SA169S14	SES177	-0.915329	3.33169	4.24702
BLOCK16/SES169/SA169S14	SES180	-1.37688	2.87015	4.24702
BLOCK16/SES169/SA169S24	SES117	-1.15883	1.3509	2.50973
BLOCK16/SES169/SA169S24	SES144	-0.683327	1.82641	2.50973
BLOCK16/SES169/SA169S24	SES146	-0.690967	1.81877	2.50973
BLOCK16/SES169/SA169S24	SES162	-0.491808	2.01793	2.50973
BLOCK16/SES169/SA169S27	SES127	-0.877739	2.53925	3.41699
BLOCK16/SES169/SA169S27	SES129	-0.811112	2.60588	3.41699
BLOCK16/SES169/SA169S27	SES144	-0.846346	2.57064	3.41699
BLOCK16/SES169/SA169S27	SES146	-0.503791	2.9132	3.41699
BLOCK16/SES169/SA169S29	SES144	-0.749281	3.43716	4.18644
BLOCK16/SES169/SA169S29	SES162	-0.0638161	4.12263	4.18644
BLOCK16/SES169/SA169S29	SES177	-1.5213	2.66514	4.18644
BLOCK16/SES169/SA169S29	SES180	-0.977262	3.20918	4.18644
BLOCK17/SES171/SA171S12	SES083	-1.10525	1.45648	2.56173
BLOCK17/SES171/SA171S12	SES148	-1.74538	0.816349	2.56173
BLOCK17/SES171/SA171S12	SES172	-1.11375	1.44799	2.56173
BLOCK17/SES171/SA171S12	SES292	-2.10219	0.459542	2.56173
BLOCK17/SES171/SA171S15	SES148	-1.62482	0.868302	2.49312
BLOCK17/SES171/SA171S15	SES177	-0.396602	2.09652	2.49312
BLOCK17/SES171/SA171S15	SES180	-2.07481	0.418311	2.49312
BLOCK17/SES171/SA171S15	SES292	-1.67117	0.821951	2.49312
BLOCK17/SES171/SA171S22	SES007	-1.36963	2.55086	3.92049
BLOCK17/SES171/SA171S22	SES148	-1.40982	2.51067	3.92049
BLOCK17/SES171/SA171S22	SES177	-0.598625	3.32186	3.92049
BLOCK17/SES171/SA171S22	SES180	-2.25856	1.66192	3.92049
BLOCK17/SES171/SA171S25	SES101	-1.1915	1.90172	3.09322
BLOCK17/SES171/SA171S25	SES120	-2.62814	0.465079	3.09322
BLOCK17/SES171/SA171S25	SES177	-0.722015	2.37121	3.09322
BLOCK17/SES171/SA171S25	SES180	-1.62472	1.4685	3.09322
BLOCK17/SES171/SA171S27	SES177	-0.620376	2.17316	2.79353
BLOCK17/SES171/SA171S27	SES180	-1.8593	0.934233	2.79353
BLOCK17/SES171/SA171S27	SES189	-0.772349	2.02119	2.79353
BLOCK17/SES171/SA171S27	SES292	-1.36542	1.42812	2.79353
BLOCK17/SES173/SA173S13	SES162	-2.80584	0.809403	3.61524
BLOCK17/SES173/SA173S13	SES177	-1.47724	2.138	3.61524
BLOCK17/SES173/SA173S13	SES180	-2.63885	0.976388	3.61524
BLOCK17/SES173/SA173S13	SES292	-0.31089	3.30435	3.61524
BLOCK17/SES173/SA173S14	SES007	-1.21798	1.92265	3.14064
BLOCK17/SES173/SA173S14	SES162	-2.44649	0.694151	3.14064
BLOCK17/SES173/SA173S14	SES177	-1.51251	1.62812	3.14064
BLOCK17/SES173/SA173S14	SES180	-2.65019	0.490442	3.14064
BLOCK17/SES173/SA173S24	SES144	-1.92674	1.32672	3.25346
BLOCK17/SES173/SA173S24	SES162	-2.08078	1.17268	3.25346
BLOCK17/SES173/SA173S24	SES177	-0.612127	2.64134	3.25346
BLOCK17/SES173/SA173S24	SES180	-2.34303	0.910439	3.25346
BLOCK17/SES173/SA173S27	SES162	-2.84382	0.961889	3.80571
BLOCK17/SES173/SA173S27	SES177	-1.64865	2.15706	3.80571
BLOCK17/SES173/SA173S27	SES180	-2.01947	1.78625	3.80571
BLOCK17/SES173/SA173S27	SES292	-0.200027	3.60569	3.80571
BLOCK17/SES173/SA173S29	SES162	-1.58953	2.00012	3.58965
BLOCK17/SES173/SA173S29	SES175	-1.32726	2.26238	3.58965
BLOCK17/SES173/SA173S29	SES177	-0.654096	2.93555	3.58965
BLOCK17/SES173/SA173S29	SES292	-1.14777	2.44188	3.58965
BLOCK18/SES182/SA182S10	SES144	-1.01403	2.1804	3.19443
BLOCK18/SES182/SA182S10	SES177	-1.27487	1.91956	3.19443
BLOCK18/SES182/SA182S10	SES180	-1.84427	1.35016	3.19443
BLOCK18/SES182/SA182S10	SES275	-0.10625	3.08818	3.19443
BLOCK18/SES182/SA182S12	SES144	-0.280285	3.98045	4.26073
BLOCK18/SES182/SA182S12	SES177	-0.786486	3.47424	4.26073
BLOCK18/SES182/SA182S12	SES180	-0.886398	3.37433	4.26073
BLOCK18/SES182/SA182S12	SES275	-0.309683	3.95105	4.26073
BLOCK18/SES182/SA182S21	SES117	-1.31978	1.55057	2.87036
BLOCK18/SES182/SA182S21	SES144	-1.12886	1.7415	2.87036
BLOCK18/SES182/SA182S21	SES162	-0.891359	1.979	2.87036
BLOCK18/SES182/SA182S21	SES180	-2.19064	0.67972	2.87036
BLOCK18/SES182/SA182S23	SES117	-1.08765	2.15409	3.24174
BLOCK18/SES182/SA182S23	SES144	-1.47507	1.76668	3.24174
BLOCK18/SES182/SA182S23	SES180	-1.67909	1.56265	3.24174
BLOCK18/SES182/SA182S23	SES275	-0.268839	2.9729	3.24174
BLOCK18/SES182/SA182S25	SES007	0.4241	2.95971	2.53561
BLOCK18/SES182/SA182S25	SES162	-0.444644	2.09097	2.53561
BLOCK18/SES182/SA182S25	SES177	-0.868303	1.66731	2.53561
BLOCK18/SES182/SA182S25	SES180	-1.60669	0.928921	2.53561
BLOCK18/SES184/SA184S12	SES177	-1.13837	1.99401	3.13238
BLOCK18/SES184/SA184S12	SES180	-1.43755	1.69483	3.13238
BLOCK18/SES184/SA184S12	SES189	-1.19886	1.93352	3.13238
BLOCK18/SES184/SA184S12	SES292	-0.897206	2.23518	3.13238
BLOCK18/SES184/SA184S13	SES101	-0.90222	2.13712	3.03934
BLOCK18/SES184/SA184S13	SES177	-1.42175	1.61759	3.03934
BLOCK18/SES184/SA184S13	SES180	-1.49406	1.54528	3.03934
BLOCK18/SES184/SA184S13	SES292	-1.83685	1.20249	3.03934
BLOCK18/SES184/SA184S22	SES177	-1.83836	2.2967	4.13506
BLOCK18/SES184/SA184S22	SES180	-1.11253	3.02253	4.13506
BLOCK18/SES184/SA184S22	SES189	-1.72014	2.41492	4.13506
BLOCK18/SES184/SA184S22	SES292	-1.48263	2.65243	4.13506
BLOCK18/SES184/SA184S25	SES101	-0.647001	3.42375	4.07075
BLOCK18/SES184/SA184S25	SES177	-2.07218	1.99856	4.07075
BLOCK18/SES184/SA184S25	SES180	-1.12791	2.94284	4.07075
BLOCK18/SES184/SA184S25	SES292	-1.37687	2.69388	4.07075
BLOCK18/SES184/SA184S27	SES083	-1.08503	2.04495	3.12999
BLOCK18/SES184/SA184S27	SES177	-1.10501	2.02497	3.12999
BLOCK18/SES184/SA184S27	SES202	-1.65519	1.4748	3.12999
BLOCK18/SES184/SA184S27	SES292	-1.5983	1.53169	3.12999
BLOCK20/SES204/SA204S12	SES062	-0.140647	3.92385	4.0645
BLOCK20/SES204/SA204S12	SES083	-2.18454	1.87996	4.0645
BLOCK20/SES204/SA204S12	SES206	-0.728394	3.33611	4.0645
BLOCK20/SES204/SA204S12	SES226	-1.48001	2.58449	4.0645
BLOCK20/SES204/SA204S14	SES068	-0.722869	4.10918	4.83204
BLOCK20/SES204/SA204S14	SES087	0.110782	4.94283	4.83204
BLOCK20/SES204/SA204S14	SES206	-1.05449	3.77755	4.83204
BLOCK20/SES204/SA204S14	SES226	-1.76946	3.06259	4.83204
BLOCK20/SES204/SA204S22	SES068	-0.695789	3.23226	3.92805
BLOCK20/SES204/SA204S22	SES082	-1.84599	2.08206	3.92805
BLOCK20/SES204/SA204S22	SES083	-2.59122	1.33683	3.92805
BLOCK20/SES204/SA204S22	SES206	-1.16896	2.75908	3.92805
BLOCK20/SES204/SA204S25	SES062	-0.63804	3.19345	3.83149
BLOCK20/SES204/SA204S25	SES083	-2.34658	1.48491	3.83149
BLOCK20/SES204/SA204S25	SES206	-0.740968	3.09052	3.83149
BLOCK20/SES204/SA204S25	SES226	-1.40296	2.42853	3.83149
BLOCK20/SES204/SA204S27	SES068	-1.03566	2.19009	3.22575
BLOCK20/SES204/SA204S27	SES082	-1.84031	1.38544	3.22575
BLOCK20/SES204/SA204S27	SES087	-0.745123	2.48063	3.22575
BLOCK20/SES204/SA204S27	SES206	-1.13738	2.08837	3.22575
BLOCK20/SES207/SA207S10	SES127	-1.41787	2.01496	3.43282
BLOCK20/SES207/SA207S10	SES183	-1.92044	1.51238	3.43282
BLOCK20/SES207/SA207S10	SES189	-1.0901	2.34272	3.43282
BLOCK20/SES207/SA207S10	SES292	-1.267	2.16583	3.43282
BLOCK20/SES207/SA207S11	SES127	-1.5353	1.48394	3.01924
BLOCK20/SES207/SA207S11	SES183	-1.30102	1.71822	3.01924
BLOCK20/SES207/SA207S11	SES187	-1.08927	1.92997	3.01924
BLOCK20/SES207/SA207S11	SES292	-0.604726	2.41452	3.01924
BLOCK20/SES207/SA207S25	SES068	-0.886476	2.29586	3.18234
BLOCK20/SES207/SA207S25	SES083	-1.08487	2.09747	3.18234
BLOCK20/SES207/SA207S25	SES127	-0.684503	2.49783	3.18234
BLOCK20/SES207/SA207S25	SES187	-1.09176	2.09058	3.18234
BLOCK20/SES207/SA207S27	SES127	-1.85079	0.844662	2.69545
BLOCK20/SES207/SA207S27	SES183	-1.25065	1.44479	2.69545
BLOCK20/SES207/SA207S27	SES187	-1.31176	1.38369	2.69545
BLOCK20/SES207/SA207S27	SES292	-1.46836	1.22708	2.69545
BLOCK20/SES207/SA207S29	SES083	-1.42003	2.09173	3.51176
BLOCK20/SES207/SA207S29	SES085	-0.777773	2.73399	3.51176
BLOCK20/SES207/SA207S29	SES172	-0.353589	3.15817	3.51176
BLOCK20/SES207/SA207S29	SES189	-1.9125	1.59926	3.51176
BLOCK22/SES221/SA221S12	SES068	-0.358295	4.3926	4.7509
BLOCK22/SES221/SA221S12	SES143	-1.64581	3.10509	4.7509
BLOCK22/SES221/SA221S12	SES175	-0.858861	3.89204	4.7509
BLOCK22/SES221/SA221S12	SES202	-1.42026	3.33064	4.7509
BLOCK22/SES221/SA221S15	SES085	-0.367954	3.45095	3.81891
BLOCK22/SES221/SA221S15	SES143	-1.83246	1.98644	3.81891
BLOCK22/SES221/SA221S15	SES175	-0.8301	2.98881	3.81891
BLOCK22/SES221/SA221S15	SES187	-1.32916	2.48975	3.81891
BLOCK22/SES221/SA221S23	SES068	-0.152623	4.10592	4.25855
BLOCK22/SES221/SA221S23	SES143	-1.0622	3.19634	4.25855
BLOCK22/SES221/SA221S23	SES175	-0.0360169	4.22253	4.25855
BLOCK22/SES221/SA221S23	SES189	-0.686983	3.57156	4.25855
BLOCK22/SES221/SA221S27	SES085	0.718257	5.13932	4.42107
BLOCK22/SES221/SA221S27	SES143	-1.10797	3.3131	4.42107
BLOCK22/SES221/SA221S27	SES175	-0.301482	4.11958	4.42107
BLOCK22/SES221/SA221S27	SES189	-0.281114	4.13995	4.42107
BLOCK22/SES221/SA221S29	SES085	0.309112	4.61204	4.30293
BLOCK22/SES221/SA221S29	SES143	-1.15121	3.15172	4.30293
BLOCK22/SES221/SA221S29	SES175	-0.220004	4.08292	4.30293
BLOCK22/SES221/SA221S29	SES187	-1.39976	2.90316	4.30293
BLOCK22/SES223/SA223S11	SES143	-1.44241	1.27174	2.71415
BLOCK22/SES223/SA223S11	SES144	-2.61791	0.0962324	2.71415
BLOCK22/SES223/SA223S11	SES175	-0.870413	1.84373	2.71415
BLOCK22/SES223/SA223S11	SES187	-2.05329	0.660857	2.71415
BLOCK22/SES223/SA223S13	SES068	-0.956241	1.51683	2.47307
BLOCK22/SES223/SA223S13	SES143	-2.10408	0.368985	2.47307
BLOCK22/SES223/SA223S13	SES146	-1.96194	0.511135	2.47307
BLOCK22/SES223/SA223S13	SES202	-2.05531	0.417764	2.47307
BLOCK22/SES223/SA223S22	SES143	-1.24914	1.68381	2.93295
BLOCK22/SES223/SA223S22	SES144	-2.94555	-0.0125991	2.93295
BLOCK22/SES223/SA223S22	SES175	-0.846708	2.08625	2.93295
BLOCK22/SES223/SA223S22	SES187	-0.755183	2.17777	2.93295
BLOCK22/SES223/SA223S25	SES068	-0.630224	2.67009	3.30031
BLOCK22/SES223/SA223S25	SES143	-1.62548	1.67483	3.30031
BLOCK22/SES223/SA223S25	SES175	-1.15411	2.1462	3.30031
BLOCK22/SES223/SA223S25	SES187	-1.55564	1.74467	3.30031
BLOCK22/SES223/SA223S27	SES143	-0.749524	1.89504	2.64456
BLOCK22/SES223/SA223S27	SES146	-1.23877	1.4058	2.64456
BLOCK22/SES223/SA223S27	SES187	-1.65694	0.987623	2.64456
BLOCK22/SES223/SA223S27	SES292	-0.492883	2.15168	2.64456
BLOCK27/SES273/SA273S12	SES099	-0.198054	3.10534	3.30339
BLOCK27/SES273/SA273S12	SES104	-0.639641	2.66375	3.30339
BLOCK27/SES273/SA273S12	SES125	-1.21199	2.0914	3.30339
BLOCK27/SES273/SA273S12	SES206	-0.530845	2.77255	3.30339
BLOCK27/SES273/SA273S13	SES099	-0.960576	2.95499	3.91556
BLOCK27/SES273/SA273S13	SES104	-1.56245	2.35312	3.91556
BLOCK27/SES273/SA273S13	SES206	-1.20665	2.70891	3.91556
BLOCK27/SES273/SA273S13	SES292	-0.994443	2.92112	3.91556
BLOCK27/SES273/SA273S21	SES099	-0.312565	3.24896	3.56153
BLOCK27/SES273/SA273S21	SES148	-1.96603	1.5955	3.56153
BLOCK27/SES273/SA273S21	SES149	-1.40591	2.15562	3.56153
BLOCK27/SES273/SA273S21	SES177	-1.51709	2.04444	3.56153
BLOCK27/SES273/SA273S25	SES104	-1.39579	1.47738	2.87317
BLOCK27/SES273/SA273S25	SES125	-1.24413	1.62904	2.87317
BLOCK27/SES273/SA273S25	SES158	-0.306592	2.56658	2.87317
BLOCK27/SES273/SA273S25	SES206	-0.605748	2.26742	2.87317
BLOCK27/SES273/SA273S27	SES099	-0.391966	3.58978	3.98174
BLOCK27/SES273/SA273S27	SES104	-0.980228	3.00152	3.98174
BLOCK27/SES273/SA273S27	SES149	-0.994651	2.98709	3.98174
BLOCK27/SES273/SA273S27	SES275	-1.38672	2.59502	3.98174
BLOCK27/SES274/SA274S10	SES105	-2.0477	2.1197	4.1674
BLOCK27/SES274/SA274S10	SES125	-2.10066	2.06673	4.1674
BLOCK27/SES274/SA274S10	SES129	-0.619095	3.5483	4.1674
BLOCK27/SES274/SA274S10	SES158	-2.99313	1.17427	4.1674
BLOCK27/SES274/SA274S11	SES105	-1.36855	2.70235	4.0709
BLOCK27/SES274/SA274S11	SES149	-1.83157	2.23933	4.0709
BLOCK27/SES274/SA274S11	SES158	-1.42113	2.64977	4.0709
BLOCK27/SES274/SA274S11	SES275	-0.607224	3.46367	4.0709
BLOCK27/SES274/SA274S21	SES105	-2.0197	2.08778	4.10748
BLOCK27/SES274/SA274S21	SES129	-0.603215	3.50427	4.10748
BLOCK27/SES274/SA274S21	SES149	-0.890033	3.21745	4.10748
BLOCK27/SES274/SA274S21	SES158	-3.43861	0.668868	4.10748
BLOCK27/SES274/SA274S24	SES105	-1.55274	2.40299	3.95572
BLOCK27/SES274/SA274S24	SES129	-0.359522	3.5962	3.95572
BLOCK27/SES274/SA274S24	SES149	-2.04371	1.91202	3.95572
BLOCK27/SES274/SA274S24	SES158	-3.48617	0.469557	3.95572
BLOCK27/SES274/SA274S29	SES105	-1.83957	1.73647	3.57604
BLOCK27/SES274/SA274S29	SES106	-2.49618	1.07985	3.57604
BLOCK27/SES274/SA274S29	SES120	-0.869219	2.70682	3.57604
BLOCK27/SES274/SA274S29	SES275	-0.904032	2.672	3.57604
BLOCK27/SES276/SA276S16	SES148	-1.51128	2.34735	3.85862
BLOCK27/SES276/SA276S16	SES172	-0.733723	3.1249	3.85862
BLOCK27/SES276/SA276S16	SES180	-1.37038	2.48824	3.85862
BLOCK27/SES276/SA276S16	SES292	-0.801805	3.05682	3.85862
BLOCK27/SES276/SA276S17	SES101	-0.666193	2.86328	3.52947
BLOCK27/SES276/SA276S17	SES177	-1.28315	2.24632	3.52947
BLOCK27/SES276/SA276S17	SES180	-1.02555	2.50392	3.52947
BLOCK27/SES276/SA276S17	SES292	-1.26415	2.26533	3.52947
BLOCK27/SES276/SA276S24	SES101	0.0038681	4.0848	4.08093
BLOCK27/SES276/SA276S24	SES177	-0.863219	3.21771	4.08093
BLOCK27/SES276/SA276S24	SES180	-1.258	2.82293	4.08093
BLOCK27/SES276/SA276S24	SES292	-1.91668	2.16426	4.08093
BLOCK27/SES276/SA276S26	SES101	-1.39476	3.35091	4.74568
BLOCK27/SES276/SA276S26	SES177	-0.456809	4.28887	4.74568
BLOCK27/SES276/SA276S26	SES180	0.101889	4.84756	4.74568
BLOCK27/SES276/SA276S26	SES292	-0.182521	4.56315	4.74568
BLOCK27/SES276/SA276S28	SES101	-0.383054	4.02823	4.41129
BLOCK27/SES276/SA276S28	SES177	-1.08809	3.3232	4.41129
BLOCK27/SES276/SA276S28	SES180	0.0485792	4.45987	4.41129
BLOCK27/SES276/SA276S28	SES292	-0.717376	3.69391	4.41129
BLOCK27/SES277/SA277S12	SES101	-0.0551867	2.14863	2.20382
BLOCK27/SES277/SA277S12	SES177	-1.49621	0.707612	2.20382
BLOCK27/SES277/SA277S12	SES180	-1.71927	0.484548	2.20382
BLOCK27/SES277/SA277S12	SES292	-1.87067	0.333147	2.20382
BLOCK27/SES277/SA277S14	SES177	-0.94175	1.27731	2.21906
BLOCK27/SES277/SA277S14	SES180	-2.50337	-0.284306	2.21906
BLOCK27/SES277/SA277S14	SES189	-0.188558	2.0305	2.21906
BLOCK27/SES277/SA277S14	SES292	-1.98487	0.234194	2.21906
BLOCK27/SES277/SA277S21	SES177	-0.381594	2.88465	3.26625
BLOCK27/SES277/SA277S21	SES180	-1.5672	1.69905	3.26625
BLOCK27/SES277/SA277S21	SES189	0.179788	3.44603	3.26625
BLOCK27/SES277/SA277S21	SES292	-2.14702	1.11922	3.26625
BLOCK27/SES277/SA277S24	SES144	-1.17186	0.601487	1.77334
BLOCK27/SES277/SA277S24	SES177	-0.85077	0.922572	1.77334
BLOCK27/SES277/SA277S24	SES180	-2.25166	-0.478319	1.77334
BLOCK27/SES277/SA277S24	SES189	-0.36498	1.40836	1.77334
BLOCK27/SES277/SA277S29	SES177	-0.790069	3.48112	4.27119
BLOCK27/SES277/SA277S29	SES180	-1.70974	2.56146	4.27119
BLOCK27/SES277/SA277S29	SES202	-1.25302	3.01817	4.27119
BLOCK27/SES277/SA277S29	SES292	-2.22428	2.04692	4.27119
BLOCK27/SES279/SA279S09	SES120	-1.19835	1.95124	3.14959
BLOCK27/SES279/SA279S09	SES146	-1.91844	1.23115	3.14959
BLOCK27/SES279/SA279S09	SES206	-1.20087	1.94872	3.14959
BLOCK27/SES279/SA279S09	SES226	-2.4294	0.720188	3.14959
BLOCK27/SES279/SA279S10	SES099	-0.315255	3.13476	3.45002
BLOCK27/SES279/SA279S10	SES206	-0.628083	2.82194	3.45002
BLOCK27/SES279/SA279S10	SES226	-1.57886	1.87116	3.45002
BLOCK27/SES279/SA279S10	SES292	-0.297838	3.15218	3.45002
BLOCK27/SES279/SA279S20	SES099	-1.72686	1.50177	3.22863
BLOCK27/SES279/SA279S20	SES206	-0.41545	2.81318	3.22863
BLOCK27/SES279/SA279S20	SES226	-1.41538	1.81326	3.22863
BLOCK27/SES279/SA279S20	SES292	-0.181093	3.04754	3.22863
BLOCK27/SES279/SA279S26	SES099	-0.348186	2.42783	2.77602
BLOCK27/SES279/SA279S26	SES206	0.0101461	2.78617	2.77602
BLOCK27/SES279/SA279S26	SES226	-1.66275	1.11327	2.77602
BLOCK27/SES279/SA279S26	SES292	-0.094173	2.68185	2.77602
BLOCK27/SES279/SA279S28	SES099	-0.346858	4.42004	4.7669
BLOCK27/SES279/SA279S28	SES120	-0.376978	4.38992	4.7669
BLOCK27/SES279/SA279S28	SES177	-1.13867	3.62823	4.7669
BLOCK27/SES279/SA279S28	SES206	-0.475199	4.2917	4.7669
BLOCK29/SES290/SA290S12	SES162	-0.581763	4.08516	4.66692
BLOCK29/SES290/SA290S12	SES177	-0.641068	4.02585	4.66692
BLOCK29/SES290/SA290S12	SES180	-1.64337	3.02355	4.66692
BLOCK29/SES290/SA290S12	SES292	-1.58139	3.08553	4.66692
BLOCK29/SES290/SA290S13	SES007	-0.585777	3.6821	4.26787
BLOCK29/SES290/SA290S13	SES162	-1.87921	2.38866	4.26787
BLOCK29/SES290/SA290S13	SES177	-0.881559	3.38631	4.26787
BLOCK29/SES290/SA290S13	SES180	-1.28535	2.98252	4.26787
BLOCK29/SES290/SA290S22	SES177	-0.670138	3.28337	3.9535
BLOCK29/SES290/SA290S22	SES180	-1.07953	2.87398	3.9535
BLOCK29/SES290/SA290S22	SES202	-0.943546	3.00996	3.9535
BLOCK29/SES290/SA290S22	SES292	-0.805811	3.14769	3.9535
BLOCK29/SES290/SA290S25	SES162	-0.666939	3.78248	4.44942
BLOCK29/SES290/SA290S25	SES177	-0.572111	3.87731	4.44942
BLOCK29/SES290/SA290S25	SES180	-0.763031	3.68639	4.44942
BLOCK29/SES290/SA290S25	SES292	-0.863349	3.58607	4.44942
BLOCK29/SES290/SA290S29	SES177	-0.547297	3.85937	4.40667
BLOCK29/SES290/SA290S29	SES180	-0.877486	3.52918	4.40667
BLOCK29/SES290/SA290S29	SES275	-1.00034	3.40633	4.40667
BLOCK29/SES290/SA290S29	SES292	-0.79523	3.61144	4.40667
BLOCK29/SES291/SA291S11	SES105	-1.7207	0.111881	1.83258
BLOCK29/SES291/SA291S11	SES125	-0.436025	1.39655	1.83258
BLOCK29/SES291/SA291S11	SES158	-0.616317	1.21626	1.83258
BLOCK29/SES291/SA291S11	SES275	-1.72442	0.108155	1.83258
BLOCK29/SES291/SA291S12	SES158	0.846594	2.84433	1.99774
BLOCK29/SES291/SA291S12	SES226	-1.61039	0.387353	1.99774
BLOCK29/SES291/SA291S12	SES270	0.248769	2.24651	1.99774
BLOCK29/SES291/SA291S12	SES275	-3.44816	-1.45042	1.99774
BLOCK29/SES291/SA291S22	SES082	-0.819928	2.15003	2.96996
BLOCK29/SES291/SA291S22	SES158	-0.676887	2.29307	2.96996
BLOCK29/SES291/SA291S22	SES259	-0.914838	2.05512	2.96996
BLOCK29/SES291/SA291S22	SES275	-2.04939	0.92057	2.96996
BLOCK29/SES291/SA291S24	SES104	0.227752	3.30794	3.08018
BLOCK29/SES291/SA291S24	SES125	-0.24062	2.83956	3.08018
BLOCK29/SES291/SA291S24	SES158	0.0477622	3.12795	3.08018
BLOCK29/SES291/SA291S24	SES275	-2.00933	1.07085	3.08018
BLOCK29/SES291/SA291S27	SES158	0.421568	3.56665	3.14508
BLOCK29/SES291/SA291S27	SES172	-2.61089	0.534189	3.14508
BLOCK29/SES291/SA291S27	SES275	-2.17547	0.969609	3.14508
BLOCK29/SES291/SA291S27	SES292	-0.594146	2.55094	3.14508
