BLOCK00/SES002/SA002S12	SES002	1.7735	-60.2175	-61.991
BLOCK00/SES002/SA002S13	SES002	2.06042	-60.2185	-62.2789
BLOCK00/SES002/SA002S23	SES002	2.32256	-59.4856	-61.8082
BLOCK00/SES002/SA002S26	SES002	2.6077	-59.2063	-61.814
BLOCK00/SES002/SA002S28	SES002	2.14279	-61.1142	-63.2569
BLOCK00/SES007/SA007S14	SES007	1.55628	-60.9278	-62.4841
BLOCK00/SES007/SA007S15	SES007	0.796001	-62.9442	-63.7402
BLOCK00/SES007/SA007S24	SES007	1.12788	-62.5987	-63.7265
BLOCK00/SES007/SA007S27	SES007	1.01557	-62.8046	-63.8202
BLOCK00/SES007/SA007S29	SES007	0.654049	-62.0949	-62.749
BLOCK00/SES008/SA008S11	SES008	1.28048	-62.5652	-63.8457
BLOCK00/SES008/SA008S12	SES008	1.29834	-62.1711	-63.4694
BLOCK00/SES008/SA008S19	SES008	2.12928	-61.1529	-63.2821
BLOCK00/SES008/SA008S22	SES008	1.59869	-62.6119	-64.2106
BLOCK00/SES008/SA008S29	SES008	1.89619	-61.5238	-63.4199
BLOCK01/SES014/SA014S10	SES014	2.96319	-61.2813	-64.2445
BLOCK01/SES014/SA014S12	SES014	3.97053	-57.7265	-61.6971
BLOCK01/SES014/SA014S24	SES014	2.06026	-60.1568	-62.2171
BLOCK01/SES014/SA014S26	SES014	3.23561	-57.016	-60.2517
BLOCK01/SES014/SA014S28	SES014	3.65118	-57.7719	-61.4231
BLOCK01/SES016/SA016S12	SES016	0.556458	-65.7372	-66.2937
BLOCK01/SES016/SA016S13	SES016	2.00735	-63.2814	-65.2887
BLOCK01/SES016/SA016S22	SES016	1.5113	-63.5832	-65.0945
BLOCK01/SES016/SA016S25	SES016	2.39026	-60.2535	-62.6438
BLOCK01/SES016/SA016S27	SES016	1.90434	-61.0447	-62.9491
BLOCK01/SES019/SA019S13	SES019	3.43717	-61.0536	-64.4908
BLOCK01/SES019/SA019S14	SES019	2.63781	-60.9595	-63.5973
BLOCK01/SES019/SA019S22	SES019	3.25221	-60.6914	-63.9436
BLOCK01/SES019/SA019S25	SES019	2.93234	-60.9332	-63.8655
BLOCK01/SES019/SA019S29	SES019	3.9586	-60.3247	-64.2833
BLOCK02/SES029/SA029S11	SES029	1.61829	-62.1277	-63.746
BLOCK02/SES029/SA029S12	SES029	0.659904	-62.9371	-63.597
BLOCK02/SES029/SA029S20	SES029	1.11936	-63.5816	-64.7009
BLOCK02/SES029/SA029S25	SES029	0.990673	-62.2253	-63.2159
BLOCK02/SES029/SA029S28	SES029	0.789589	-62.3082	-63.0978
BLOCK04/SES042/SA042S12	SES042	2.85908	-58.8392	-61.6983
BLOCK04/SES042/SA042S15	SES042	2.56191	-59.6599	-62.2218
BLOCK04/SES042/SA042S22	SES042	3.98278	-56.9776	-60.9604
BLOCK04/SES042/SA042S25	SES042	2.88467	-59.9661	-62.8507
BLOCK04/SES042/SA042S27	SES042	2.31826	-58.9739	-61.2921
BLOCK04/SES048/SA048S11	SES048	1.81898	-61.0565	-62.8755
BLOCK04/SES048/SA048S12	SES048	0.905468	-62.0367	-62.9422
BLOCK04/SES048/SA048S20	SES048	1.76814	-61.0466	-62.8148
BLOCK04/SES048/SA048S23	SES048	2.07268	-61.8222	-63.8949
BLOCK04/SES048/SA048S27	SES048	1.39531	-60.4393	-61.8346
BLOCK06/SES060/SA060S11	SES060	2.09042	-62.1653	-64.2558
BLOCK06/SES060/SA060S12	SES060	0.442917	-64.0342	-64.4772
BLOCK06/SES060/SA060S22	SES060	0.224434	-64.982	-65.2065
BLOCK06/SES060/SA060S24	SES060	1.17562	-62.1219	-63.2975
BLOCK06/SES060/SA060S28	SES060	1.57155	-59.8852	-61.4567
BLOCK06/SES062/SA062S10	SES062	1.83702	-61.1994	-63.0364
BLOCK06/SES062/SA062S11	SES062	1.43221	-62.2588	-63.691
BLOCK06/SES062/SA062S21	SES062	2.86984	-58.2817	-61.1516
BLOCK06/SES062/SA062S26	SES062	1.17897	-61.1331	-62.3121
BLOCK06/SES062/SA062S29	SES062	1.75896	-60.4274	-62.1864
BLOCK06/SES068/SA068S14	SES068	1.21304	-62.4893	-63.7024
BLOCK06/SES068/SA068S15	SES068	1.81692	-60.8956	-62.7125
BLOCK06/SES068/SA068S23	SES068	1.20684	-62.8418	-64.0487
BLOCK06/SES068/SA068S27	SES068	2.70183	-60.9435	-63.6454
BLOCK06/SES068/SA068S29	SES068	1.56128	-61.5866	-63.1479
BLOCK08/SES082/SA082S12	SES082	1.31145	-61.996	-63.3075
BLOCK08/SES082/SA082S14	SES082	0.90255	-62.7764	-63.6789
BLOCK08/SES082/SA082S21	SES082	1.18469	-62.2156	-63.4003
BLOCK08/SES082/SA082S24	SES082	1.27612	-61.563	-62.8391
BLOCK08/SES082/SA082S28	SES082	0.127533	-62.7448	-62.8723
BLOCK08/SES083/SA083S14	SES083	-0.0963135	-63.3137	-63.2174
BLOCK08/SES083/SA083S15	SES083	0.640167	-62.2228	-62.8629
BLOCK08/SES083/SA083S24	SES083	0.683281	-62.56	-63.2433
BLOCK08/SES083/SA083S26	SES083	0.657036	-62.7443	-63.4013
BLOCK08/SES083/SA083S29	SES083	0.354733	-62.8314	-63.1862
BLOCK08/SES085/SA085S10	SES085	0.37466	-62.9604	-63.335
BLOCK08/SES085/SA085S13	SES085	1.27419	-63.2228	-64.497
BLOCK08/SES085/SA085S22	SES085	-4.07619	-68.0283	-63.9521
BLOCK08/SES085/SA085S26	SES085	0.00114822	-63.5598	-63.5609
BLOCK08/SES085/SA085S28	SES085	1.07867	-61.9805	-63.0592
BLOCK08/SES087/SA087S15	SES087	2.06684	-60.8441	-62.9109
BLOCK08/SES087/SA087S16	SES087	2.55733	-60.3889	-62.9462
BLOCK08/SES087/SA087S24	SES087	2.29452	-60.393	-62.6875
BLOCK08/SES087/SA087S26	SES087	2.09883	-59.3675	-61.4664
BLOCK08/SES087/SA087S29	SES087	2.37122	-60.7708	-63.142
BLOCK09/SES099/SA099S15	SES099	2.39779	-61.197	-63.5947
BLOCK09/SES099/SA099S16	SES099	2.30018	-60.7026	-63.0028
BLOCK09/SES099/SA099S24	SES099	2.57588	-60.2676	-62.8435
BLOCK09/SES099/SA099S26	SES099	2.37319	-60.2975	-62.6707
BLOCK09/SES099/SA099S29	SES099	2.31019	-60.0463	-62.3565
BLOCK10/SES101/SA101S11	SES101	0.173088	-62.6983	-62.8714
BLOCK10/SES101/SA101S13	SES101	1.95597	-60.8186	-62.7746
BLOCK10/SES101/SA101S22	SES101	1.27817	-63.2147	-64.4929
BLOCK10/SES101/SA101S24	SES101	1.56195	-62.1607	-63.7226
BLOCK10/SES101/SA101S28	SES101	0.00140381	-64.3295	-64.3309
BLOCK10/SES104/SA104S11	SES104	0.651405	-60.6858	-61.3372
BLOCK10/SES104/SA104S12	SES104	1.81969	-60.348	-62.1677
BLOCK10/SES104/SA104S21	SES104	1.21056	-61.4811	-62.6917
BLOCK10/SES104/SA104S24	SES104	1.22222	-61.2005	-62.4227
BLOCK10/SES104/SA104S28	SES104	1.89857	-60.4585	-62.3571
BLOCK10/SES105/SA105S12	SES105	0.985016	-63.3229	-64.308
BLOCK10/SES105/SA105S13	SES105	1.12967	-62.9144	-64.044
BLOCK10/SES105/SA105S22	SES105	1.11454	-63.8445	-64.959
BLOCK10/SES105/SA105S26	SES105	1.71525	-62.7207	-64.4359
BLOCK10/SES105/SA105S29	SES105	1.03907	-62.9337	-63.9728
BLOCK10/SES106/SA106S09	SES106	1.60717	-62.1681	-63.7752
BLOCK10/SES106/SA106S11	SES106	1.86491	-60.2782	-62.1431
BLOCK10/SES106/SA106S22	SES106	3.11809	-60.8807	-63.9988
BLOCK10/SES106/SA106S27	SES106	1.39273	-62.1095	-63.5023
BLOCK10/SES106/SA106S29	SES106	1.05889	-61.5452	-62.604
BLOCK11/SES117/SA117S12	SES117	0.211723	-64.6327	-64.8444
BLOCK11/SES117/SA117S13	SES117	0.521484	-63.4576	-63.9791
BLOCK11/SES117/SA117S23	SES117	1.69978	-65.2997	-66.9994
BLOCK11/SES117/SA117S25	SES117	1.83168	-63.6222	-65.4539
BLOCK11/SES117/SA117S28	SES117	1.57082	-64.5117	-66.0825
BLOCK12/SES120/SA120S08	SES120	2.03403	-63.6902	-65.7242
BLOCK12/SES120/SA120S11	SES120	0.17894	-66.406	-66.5849
BLOCK12/SES120/SA120S22	SES120	0.903877	-62.9305	-63.8343
BLOCK12/SES120/SA120S24	SES120	0.737553	-63.8114	-64.549
BLOCK12/SES120/SA120S28	SES120	0.66925	-64.986	-65.6552
BLOCK12/SES125/SA125S13	SES125	2.56269	-59.857	-62.4197
BLOCK12/SES125/SA125S14	SES125	1.7359	-60.9928	-62.7287
BLOCK12/SES125/SA125S25	SES125	2.57048	-59.9987	-62.5691
BLOCK12/SES125/SA125S27	SES125	2.52451	-59.3854	-61.9099
BLOCK12/SES125/SA125S29	SES125	2.10419	-60.4177	-62.5219
BLOCK12/SES127/SA127S11	SES127	1.02422	-63.2284	-64.2526
BLOCK12/SES127/SA127S12	SES127	-0.000961304	-63.1205	-63.1196
BLOCK12/SES127/SA127S23	SES127	1.0075	-62.8062	-63.8137
BLOCK12/SES127/SA127S25	SES127	0.445118	-63.5674	-64.0125
BLOCK12/SES127/SA127S27	SES127	1.51959	-62.5556	-64.0752
BLOCK12/SES129/SA129S11	SES129	2.21743	-61.2876	-63.505
BLOCK12/SES129/SA129S12	SES129	1.85341	-61.7772	-63.6306
BLOCK12/SES129/SA129S22	SES129	1.78938	-61.7305	-63.5199
BLOCK12/SES129/SA129S27	SES129	2.53907	-60.549	-63.0881
BLOCK12/SES129/SA129S29	SES129	2.44447	-60.6065	-63.051
BLOCK14/SES142/SA142S11	SES142	3.39383	-62.3166	-65.7104
BLOCK14/SES142/SA142S12	SES142	1.93855	-64.3992	-66.3377
BLOCK14/SES142/SA142S24	SES142	3.10784	-62.2893	-65.3971
BLOCK14/SES142/SA142S27	SES142	3.01709	-62.2269	-65.244
BLOCK14/SES142/SA142S29	SES142	4.08902	-61.1835	-65.2725
BLOCK14/SES143/SA143S12	SES143	1.48539	-63.5476	-65.033
BLOCK14/SES143/SA143S13	SES143	1.32532	-63.3711	-64.6964
BLOCK14/SES143/SA143S23	SES143	1.68139	-63.2502	-64.9316
BLOCK14/SES143/SA143S25	SES143	1.25465	-62.9961	-64.2507
BLOCK14/SES143/SA143S28	SES143	1.3014	-62.829	-64.1304
BLOCK14/SES144/SA144S09	SES144	1.10376	-62.7894	-63.8932
BLOCK14/SES144/SA144S11	SES144	1.43819	-63.5002	-64.9384
BLOCK14/SES144/SA144S21	SES144	0.838528	-63.2803	-64.1188
BLOCK14/SES144/SA144S25	SES144	0.846489	-63.7868	-64.6333
BLOCK14/SES144/SA144S29	SES144	0.473068	-63.1312	-63.6042
BLOCK14/SES146/SA146S14	SES146	1.23055	-63.064	-64.2946
BLOCK14/SES146/SA146S15	SES146	0.979622	-63.2708	-64.2504
BLOCK14/SES146/SA146S24	SES146	1.14974	-63.3449	-64.4947
BLOCK14/SES146/SA146S26	SES146	1.02758	-63.7848	-64.8124
BLOCK14/SES146/SA146S29	SES146	0.862122	-64.1472	-65.0093
BLOCK14/SES147/SA147S11	SES147	2.30318	-63.4764	-65.7796
BLOCK14/SES147/SA147S13	SES147	3.13374	-62.061	-65.1948
BLOCK14/SES147/SA147S23	SES147	2.17788	-63.605	-65.7829
BLOCK14/SES147/SA147S26	SES147	2.06749	-63.6251	-65.6926
BLOCK14/SES147/SA147S28	SES147	2.40698	-62.5716	-64.9785
BLOCK14/SES148/SA148S10	SES148	1.70908	-61.9362	-63.6452
BLOCK14/SES148/SA148S12	SES148	0.816574	-63.582	-64.3986
BLOCK14/SES148/SA148S22	SES148	1.83155	-60.9411	-62.7727
BLOCK14/SES148/SA148S26	SES148	0.910759	-62.3108	-63.2215
BLOCK14/SES148/SA148S29	SES148	1.01742	-63.0661	-64.0835
BLOCK14/SES149/SA149S13	SES149	-0.0444527	-62.5153	-62.4708
BLOCK14/SES149/SA149S14	SES149	0.244049	-62.3026	-62.5466
BLOCK14/SES149/SA149S24	SES149	1.58598	-61.4184	-63.0044
BLOCK14/SES149/SA149S26	SES149	2.49367	-60.3739	-62.8676
BLOCK14/SES149/SA149S28	SES149	2.91995	-59.2943	-62.2142
BLOCK15/SES158/SA158S13	SES158	1.30808	-62.1189	-63.4269
BLOCK15/SES158/SA158S14	SES158	2.646	-61.5663	-64.2123
BLOCK15/SES158/SA158S23	SES158	1.75153	-61.3918	-63.1433
BLOCK15/SES158/SA158S26	SES158	2.23363	-61.3806	-63.6142
BLOCK15/SES158/SA158S28	SES158	1.72032	-61.9933	-63.7137
BLOCK16/SES162/SA162S10	SES162	1.19748	-63.7171	-64.9145
BLOCK16/SES162/SA162S11	SES162	1.64821	-62.7117	-64.3599
BLOCK16/SES162/SA162S21	SES162	2.19563	-62.5794	-64.775
BLOCK16/SES162/SA162S24	SES162	2.1406	-62.4106	-64.5512
BLOCK16/SES162/SA162S27	SES162	2.23952	-63.194	-65.4335
BLOCK16/SES167/SA167S14	SES167	1.52746	-61.68	-63.2075
BLOCK16/SES167/SA167S15	SES167	1.53515	-62.8301	-64.3652
BLOCK16/SES167/SA167S21	SES167	1.7241	-61.6463	-63.3704
BLOCK16/SES167/SA167S25	SES167	2.71795	-62.1224	-64.8403
BLOCK16/SES167/SA167S29	SES167	2.80061	-60.5107	-63.3113
BLOCK17/SES172/SA172S12	SES172	2.06905	-62.3237	-64.3927
BLOCK17/SES172/SA172S13	SES172	2.41276	-62.9419	-65.3547
BLOCK17/SES172/SA172S23	SES172	1.26587	-61.9311	-63.197
BLOCK17/SES172/SA172S27	SES172	1.24483	-62.9493	-64.1941
BLOCK17/SES172/SA172S29	SES172	2.24573	-62.3275	-64.5733
BLOCK17/SES175/SA175S11	SES175	1.82168	-62.7405	-64.5622
BLOCK17/SES175/SA175S13	SES175	1.27895	-62.5641	-63.843
BLOCK17/SES175/SA175S23	SES175	2.41756	-62.3861	-64.8036
BLOCK17/SES175/SA175S25	SES175	1.05862	-64.9832	-66.0419
BLOCK17/SES175/SA175S28	SES175	1.96952	-62.3945	-64.3641
BLOCK17/SES177/SA177S15	SES177	0.967506	-63.0718	-64.0393
BLOCK17/SES177/SA177S17	SES177	1.02195	-62.6406	-63.6626
BLOCK17/SES177/SA177S23	SES177	0.561329	-63.2776	-63.839
BLOCK17/SES177/SA177S26	SES177	1.18606	-61.2071	-62.3932
BLOCK17/SES177/SA177S28	SES177	1.12411	-61.8488	-62.9729
BLOCK18/SES180/SA180S13	SES180	1.42574	-62.9554	-64.3811
BLOCK18/SES180/SA180S15	SES180	1.1497	-63.6067	-64.7564
BLOCK18/SES180/SA180S24	SES180	1.41735	-61.9678	-63.3852
BLOCK18/SES180/SA180S26	SES180	1.27914	-62.2291	-63.5083
BLOCK18/SES180/SA180S29	SES180	1.96473	-63.2804	-65.2451
BLOCK18/SES183/SA183S13	SES183	1.42472	-63.5977	-65.0224
BLOCK18/SES183/SA183S14	SES183	0.691463	-63.8806	-64.5721
BLOCK18/SES183/SA183S24	SES183	1.63881	-63.9421	-65.5809
BLOCK18/SES183/SA183S27	SES183	1.64918	-62.8296	-64.4788
BLOCK18/SES183/SA183S29	SES183	1.80032	-62.2237	-64.024
BLOCK18/SES187/SA187S13	SES187	1.0601	-64.193	-65.2531
BLOCK18/SES187/SA187S14	SES187	1.28814	-63.9854	-65.2735
BLOCK18/SES187/SA187S24	SES187	2.38578	-62.9404	-65.3262
BLOCK18/SES187/SA187S27	SES187	1.79843	-62.9665	-64.7649
BLOCK18/SES187/SA187S29	SES187	1.3764	-63.4445	-64.8209
BLOCK18/SES189/SA189S10	SES189	2.58852	-65.1023	-67.6909
BLOCK18/SES189/SA189S13	SES189	3.60382	-65.0644	-68.6682
BLOCK18/SES189/SA189S24	SES189	3.34154	-64.7703	-68.1118
BLOCK18/SES189/SA189S26	SES189	1.95889	-64.1901	-66.149
BLOCK18/SES189/SA189S29	SES189	3.42021	-63.7892	-67.2094
BLOCK20/SES202/SA202S12	SES202	2.07809	-64.3691	-66.4472
BLOCK20/SES202/SA202S14	SES202	3.60245	-61.6071	-65.2095
BLOCK20/SES202/SA202S24	SES202	1.99794	-63.3507	-65.3486
BLOCK20/SES202/SA202S27	SES202	2.51831	-61.4192	-63.9375
BLOCK20/SES202/SA202S29	SES202	2.8047	-61.6122	-64.4169
BLOCK20/SES206/SA206S15	SES206	0.0511551	-61.5692	-61.6203
BLOCK20/SES206/SA206S17	SES206	2.38338	-59.0739	-61.4573
BLOCK20/SES206/SA206S24	SES206	1.95412	-59.4342	-61.3883
BLOCK20/SES206/SA206S27	SES206	2.02891	-59.851	-61.8799
BLOCK20/SES206/SA206S29	SES206	1.72605	-59.1596	-60.8857
BLOCK22/SES226/SA226S12	SES226	1.72211	-61.8059	-63.528
BLOCK22/SES226/SA226S13	SES226	-0.466213	-62.9194	-62.4532
BLOCK22/SES226/SA226S20	SES226	1.54496	-61.7745	-63.3194
BLOCK22/SES226/SA226S23	SES226	1.7373	-61.0333	-62.7706
BLOCK22/SES226/SA226S28	SES226	1.88845	-61.2219	-63.1103
BLOCK25/SES259/SA259S13	SES259	4.06412	-59.0214	-63.0855
BLOCK25/SES259/SA259S14	SES259	2.82652	-59.8201	-62.6466
BLOCK25/SES259/SA259S22	SES259	2.60279	-59.9276	-62.5304
BLOCK25/SES259/SA259S24	SES259	3.27634	-58.5621	-61.8385
BLOCK25/SES259/SA259S28	SES259	2.41725	-59.5727	-61.9899
BLOCK27/SES270/SA270S14	SES270	2.83609	-61.3028	-64.1389
BLOCK27/SES270/SA270S16	SES270	1.74309	-61.3883	-63.1314
BLOCK27/SES270/SA270S22	SES270	2.81268	-60.6169	-63.4295
BLOCK27/SES270/SA270S26	SES270	2.13858	-62.2869	-64.4255
BLOCK27/SES270/SA270S28	SES270	1.58678	-61.0101	-62.5969
BLOCK27/SES275/SA275S17	SES275	1.48532	-62.785	-64.2703
BLOCK27/SES275/SA275S18	SES275	0.970074	-63.3474	-64.3175
BLOCK27/SES275/SA275S24	SES275	1.39	-63.9279	-65.3179
BLOCK27/SES275/SA275S26	SES275	1.92488	-62.067	-63.9919
BLOCK27/SES275/SA275S28	SES275	0.859127	-62.7958	-63.6549
BLOCK29/SES292/SA292S10	SES292	0.667435	-63.2323	-63.8997
BLOCK29/SES292/SA292S12	SES292	0.330414	-64.3564	-64.6868
BLOCK29/SES292/SA292S22	SES292	1.69588	-62.0967	-63.7926
BLOCK29/SES292/SA292S24	SES292	0.559471	-62.9121	-63.4716
BLOCK29/SES292/SA292S27	SES292	0.478165	-62.117	-62.5951
BLOCK00/SES001/SA001S14	SES062	-1.74808	-66.3851	-64.637
BLOCK00/SES001/SA001S14	SES082	-3.01274	-67.6498	-64.637
BLOCK00/SES001/SA001S14	SES106	-3.51494	-68.152	-64.637
BLOCK00/SES001/SA001S14	SES206	-6.14659	-70.7836	-64.637
BLOCK00/SES001/SA001S15	SES062	-3.10127	-65.9922	-62.891
BLOCK00/SES001/SA001S15	SES104	-4.07857	-66.9695	-62.891
BLOCK00/SES001/SA001S15	SES106	-2.7296	-65.6206	-62.891
BLOCK00/SES001/SA001S15	SES206	-5.97964	-68.8706	-62.891
BLOCK00/SES001/SA001S24	SES062	-3.52085	-68.4055	-64.8846
BLOCK00/SES001/SA001S24	SES082	-2.56248	-67.4471	-64.8846
BLOCK00/SES001/SA001S24	SES087	-6.14391	-71.0285	-64.8846
BLOCK00/SES001/SA001S24	SES206	-4.95567	-69.8403	-64.8846
BLOCK00/SES001/SA001S27	SES062	-2.22095	-64.5624	-62.3414
BLOCK00/SES001/SA001S27	SES082	-4.01227	-66.3537	-62.3414
BLOCK00/SES001/SA001S27	SES087	-5.13081	-67.4723	-62.3414
BLOCK00/SES001/SA001S27	SES206	-5.58351	-67.925	-62.3414
BLOCK00/SES001/SA001S29	SES062	-2.47911	-67.2358	-64.7567
BLOCK00/SES001/SA001S29	SES082	-2.76942	-67.5261	-64.7567
BLOCK00/SES001/SA001S29	SES158	-3.08384	-67.8405	-64.7567
BLOCK00/SES001/SA001S29	SES206	-6.7114	-71.4681	-64.7567
BLOCK00/SES003/SA003S11	SES002	-2.83755	-66.004	-63.1665
BLOCK00/SES003/SA003S11	SES019	-2.23389	-65.4004	-63.1665
BLOCK00/SES003/SA003S11	SES082	-0.790695	-63.9572	-63.1665
BLOCK00/SES003/SA003S11	SES125	-1.69402	-64.8605	-63.1665
BLOCK00/SES003/SA003S15	SES016	-6.32016	-69.1559	-62.8358
BLOCK00/SES003/SA003S15	SES019	-1.87717	-64.713	-62.8358
BLOCK00/SES003/SA003S15	SES062	-3.61177	-66.4476	-62.8358
BLOCK00/SES003/SA003S15	SES206	-2.26406	-65.0999	-62.8358
BLOCK00/SES003/SA003S22	SES002	-4.5603	-67.782	-63.2217
BLOCK00/SES003/SA003S22	SES062	-2.291	-65.5127	-63.2217
BLOCK00/SES003/SA003S22	SES082	-1.11485	-64.3365	-63.2217
BLOCK00/SES003/SA003S22	SES087	-3.2438	-66.4655	-63.2217
BLOCK00/SES003/SA003S25	SES062	-3.8929	-68.24	-64.3471
BLOCK00/SES003/SA003S25	SES082	-0.701202	-65.0483	-64.3471
BLOCK00/SES003/SA003S25	SES087	-3.16304	-67.5101	-64.3471
BLOCK00/SES003/SA003S25	SES206	-3.4322	-67.7793	-64.3471
BLOCK00/SES003/SA003S29	SES002	-4.24891	-67.812	-63.5631
BLOCK00/SES003/SA003S29	SES062	-2.76046	-66.3235	-63.5631
BLOCK00/SES003/SA003S29	SES082	-0.788685	-64.3517	-63.5631
BLOCK00/SES003/SA003S29	SES087	-3.01937	-66.5824	-63.5631
BLOCK00/SES004/SA004S12	SES083	-1.25911	-66.4836	-65.2245
BLOCK00/SES004/SA004S12	SES148	-1.19438	-66.4189	-65.2245
BLOCK00/SES004/SA004S12	SES172	-1.85651	-67.081	-65.2245
BLOCK00/SES004/SA004S12	SES292	-1.63594	-66.8605	-65.2245
BLOCK00/SES004/SA004S17	SES083	-1.33755	-66.6446	-65.307
BLOCK00/SES004/SA004S17	SES162	-1.05193	-66.359	-65.307
BLOCK00/SES004/SA004S17	SES172	-1.82121	-67.1282	-65.307
BLOCK00/SES004/SA004S17	SES292	-1.50282	-66.8099	-65.307
BLOCK00/SES004/SA004S24	SES083	-1.15195	-65.7171	-64.5652
BLOCK00/SES004/SA004S24	SES148	-2.07829	-66.6435	-64.5652
BLOCK00/SES004/SA004S24	SES172	-1.46136	-66.0266	-64.5652
BLOCK00/SES004/SA004S24	SES292	-1.26543	-65.8306	-64.5652
BLOCK00/SES004/SA004S26	SES083	-0.335793	-65.0206	-64.6848
BLOCK00/SES004/SA004S26	SES127	-0.910187	-65.595	-64.6848
BLOCK00/SES004/SA004S26	SES148	-2.74263	-67.4275	-64.6848
BLOCK00/SES004/SA004S26	SES292	-1.11288	-65.7977	-64.6848
BLOCK00/SES004/SA004S28	SES083	-0.971436	-65.1846	-64.2132
BLOCK00/SES004/SA004S28	SES127	-1.28085	-65.494	-64.2132
BLOCK00/SES004/SA004S28	SES187	-1.61533	-65.8285	-64.2132
BLOCK00/SES004/SA004S28	SES292	-1.59804	-65.8112	-64.2132
BLOCK00/SES006/SA006S10	SES014	-3.92231	-68.8518	-64.9295
BLOCK00/SES006/SA006S10	SES158	-1.1646	-66.0941	-64.9295
BLOCK00/SES006/SA006S10	SES226	-3.47376	-68.4033	-64.9295
BLOCK00/SES006/SA006S10	SES270	-1.05946	-65.989	-64.9295
BLOCK00/SES006/SA006S11	SES158	-1.03841	-66.1004	-65.062
BLOCK00/SES006/SA006S11	SES226	-2.88	-67.942	-65.062
BLOCK00/SES006/SA006S11	SES270	-1.00111	-66.0631	-65.062
BLOCK00/SES006/SA006S11	SES275	-4.49464	-69.5566	-65.062
BLOCK00/SES006/SA006S23	SES062	-2.55594	-65.9749	-63.4189
BLOCK00/SES006/SA006S23	SES105	-3.03212	-66.451	-63.4189
BLOCK00/SES006/SA006S23	SES158	-1.40924	-64.8282	-63.4189
BLOCK00/SES006/SA006S23	SES275	-3.40799	-66.8269	-63.4189
BLOCK00/SES006/SA006S26	SES104	-2.53801	-66.4919	-63.9539
BLOCK00/SES006/SA006S26	SES158	-0.626301	-64.5802	-63.9539
BLOCK00/SES006/SA006S26	SES270	-1.02836	-64.9822	-63.9539
BLOCK00/SES006/SA006S26	SES275	-3.97084	-67.9247	-63.9539
BLOCK00/SES006/SA006S28	SES007	-3.58232	-68.361	-64.7787
BLOCK00/SES006/SA006S28	SES105	-3.53731	-68.316	-64.7787
BLOCK00/SES006/SA006S28	SES158	-1.16759	-65.9463	-64.7787
BLOCK00/SES006/SA006S28	SES275	-4.33547	-69.1141	-64.7787
BLOCK00/SES009/SA009S12	SES083	-1.55102	-64.9282	-63.3771
BLOCK00/SES009/SA009S12	SES148	-1.37652	-64.7537	-63.3771
BLOCK00/SES009/SA009S12	SES177	-2.79221	-66.1694	-63.3771
BLOCK00/SES009/SA009S12	SES292	-0.554028	-63.9312	-63.3771
BLOCK00/SES009/SA009S15	SES007	0.265099	-62.55	-62.8151
BLOCK00/SES009/SA009S15	SES099	-12.7241	-75.5391	-62.8151
BLOCK00/SES009/SA009S15	SES148	-2.04891	-64.864	-62.8151
BLOCK00/SES009/SA009S15	SES172	-2.156	-64.9711	-62.8151
BLOCK00/SES009/SA009S24	SES146	-0.538456	-63.8725	-63.334
BLOCK00/SES009/SA009S24	SES148	-1.29459	-64.6286	-63.334
BLOCK00/SES009/SA009S24	SES177	-1.89675	-65.2308	-63.334
BLOCK00/SES009/SA009S24	SES292	-0.660576	-63.9946	-63.334
BLOCK00/SES009/SA009S26	SES083	-1.72788	-65.3974	-63.6695
BLOCK00/SES009/SA009S26	SES101	-1.72669	-65.3962	-63.6695
BLOCK00/SES009/SA009S26	SES120	-1.2656	-64.9351	-63.6695
BLOCK00/SES009/SA009S26	SES177	-2.58409	-66.2536	-63.6695
BLOCK00/SES009/SA009S29	SES083	-1.04973	-64.2226	-63.1728
BLOCK00/SES009/SA009S29	SES101	-1.43124	-64.6041	-63.1728
BLOCK00/SES009/SA009S29	SES177	-2.38955	-65.5624	-63.1728
BLOCK00/SES009/SA009S29	SES292	-0.728798	-63.9016	-63.1728
BLOCK01/SES011/SA011S10	SES019	-1.07357	-63.8786	-62.805
BLOCK01/SES011/SA011S10	SES042	-0.526081	-63.3311	-62.805
BLOCK01/SES011/SA011S10	SES082	-2.06362	-64.8686	-62.805
BLOCK01/SES011/SA011S10	SES206	-1.19678	-64.0018	-62.805
BLOCK01/SES011/SA011S11	SES019	-1.34993	-65.1516	-63.8017
BLOCK01/SES011/SA011S11	SES042	-1.23437	-65.0361	-63.8017
BLOCK01/SES011/SA011S11	SES082	-1.81955	-65.6212	-63.8017
BLOCK01/SES011/SA011S11	SES206	-1.04182	-64.8435	-63.8017
BLOCK01/SES011/SA011S22	SES019	-0.715351	-64.622	-63.9066
BLOCK01/SES011/SA011S22	SES042	-0.705898	-64.6125	-63.9066
BLOCK01/SES011/SA011S22	SES082	-0.87521	-64.7818	-63.9066
BLOCK01/SES011/SA011S22	SES206	-1.70767	-65.6143	-63.9066
BLOCK01/SES011/SA011S24	SES019	-1.43979	-63.8918	-62.452
BLOCK01/SES011/SA011S24	SES042	-0.720909	-63.1729	-62.452
BLOCK01/SES011/SA011S24	SES104	-1.40228	-63.8543	-62.452
BLOCK01/SES011/SA011S24	SES206	-0.914654	-63.3666	-62.452
BLOCK01/SES011/SA011S27	SES082	0.0637894	-62.6813	-62.7451
BLOCK01/SES011/SA011S27	SES087	-1.9486	-64.6936	-62.7451
BLOCK01/SES011/SA011S27	SES125	-1.05674	-63.8018	-62.7451
BLOCK01/SES011/SA011S27	SES206	-1.14136	-63.8864	-62.7451
BLOCK01/SES012/SA012S11	SES007	-4.04252	-64.8172	-60.7747
BLOCK01/SES012/SA012S11	SES082	-2.04409	-62.8188	-60.7747
BLOCK01/SES012/SA012S11	SES083	-3.34845	-64.1232	-60.7747
BLOCK01/SES012/SA012S11	SES206	-0.652393	-61.4271	-60.7747
BLOCK01/SES012/SA012S14	SES082	-1.66781	-63.5315	-61.8637
BLOCK01/SES012/SA012S14	SES087	-2.62244	-64.4861	-61.8637
BLOCK01/SES012/SA012S14	SES206	-1.40018	-63.2638	-61.8637
BLOCK01/SES012/SA012S14	SES292	-4.01084	-65.8745	-61.8637
BLOCK01/SES012/SA012S24	SES082	-0.0879898	-62.9329	-62.8449
BLOCK01/SES012/SA012S24	SES087	-1.28939	-64.1343	-62.8449
BLOCK01/SES012/SA012S24	SES120	-4.42561	-67.2705	-62.8449
BLOCK01/SES012/SA012S24	SES206	-0.315498	-63.1604	-62.8449
BLOCK01/SES012/SA012S26	SES019	-2.53659	-64.2146	-61.678
BLOCK01/SES012/SA012S26	SES082	-1.94108	-63.6191	-61.678
BLOCK01/SES012/SA012S26	SES206	-0.346523	-62.0245	-61.678
BLOCK01/SES012/SA012S26	SES292	-3.74569	-65.4237	-61.678
BLOCK01/SES012/SA012S29	SES062	-3.22007	-64.4389	-61.2188
BLOCK01/SES012/SA012S29	SES082	-1.23328	-62.4521	-61.2188
BLOCK01/SES012/SA012S29	SES083	-3.159	-64.3778	-61.2188
BLOCK01/SES012/SA012S29	SES206	-0.548134	-61.7669	-61.2188
BLOCK01/SES013/SA013S16	SES062	-4.84684	-67.4518	-62.605
BLOCK01/SES013/SA013S16	SES106	-1.31289	-63.9179	-62.605
BLOCK01/SES013/SA013S16	SES206	-1.55441	-64.1594	-62.605
BLOCK01/SES013/SA013S16	SES226	-0.971283	-63.5763	-62.605
BLOCK01/SES013/SA013S17	SES062	-4.70978	-66.2646	-61.5548
BLOCK01/SES013/SA013S17	SES106	-1.38918	-62.944	-61.5548
BLOCK01/SES013/SA013S17	SES206	-0.690899	-62.2457	-61.5548
BLOCK01/SES013/SA013S17	SES226	-0.543003	-62.0978	-61.5548
BLOCK01/SES013/SA013S23	SES104	-1.61645	-64.168	-62.5515
BLOCK01/SES013/SA013S23	SES106	-1.07758	-63.6291	-62.5515
BLOCK01/SES013/SA013S23	SES206	-1.49066	-64.0422	-62.5515
BLOCK01/SES013/SA013S23	SES270	-0.388187	-62.9397	-62.5515
BLOCK01/SES013/SA013S25	SES042	-1.89891	-63.781	-61.8821
BLOCK01/SES013/SA013S25	SES104	-1.42582	-63.3079	-61.8821
BLOCK01/SES013/SA013S25	SES106	-1.12183	-63.0039	-61.8821
BLOCK01/SES013/SA013S25	SES206	-1.20527	-63.0874	-61.8821
BLOCK01/SES013/SA013S29	SES062	-5.11995	-67.3913	-62.2714
BLOCK01/SES013/SA013S29	SES104	-1.77262	-64.044	-62.2714
BLOCK01/SES013/SA013S29	SES106	-0.824844	-63.0962	-62.2714
BLOCK01/SES013/SA013S29	SES206	-1.63341	-63.9048	-62.2714
BLOCK02/SES021/SA021S13	SES016	-5.87411	-68.324	-62.4499
BLOCK02/SES021/SA021S13	SES029	-3.39063	-65.8405	-62.4499
BLOCK02/SES021/SA021S13	SES087	-2.49406	-64.9439	-62.4499
BLOCK02/SES021/SA021S13	SES206	-2.4399	-64.8897	-62.4499
BLOCK02/SES021/SA021S15	SES087	-2.1657	-63.4004	-61.2347
BLOCK02/SES021/SA021S15	SES125	-0.518669	-61.7534	-61.2347
BLOCK02/SES021/SA021S15	SES206	-1.12925	-62.364	-61.2347
BLOCK02/SES021/SA021S15	SES226	-0.715931	-61.9506	-61.2347
BLOCK02/SES021/SA021S23	SES062	-3.80443	-67.1996	-63.3952
BLOCK02/SES021/SA021S23	SES087	-2.90237	-66.2975	-63.3952
BLOCK02/SES021/SA021S23	SES206	-2.224	-65.6192	-63.3952
BLOCK02/SES021/SA021S23	SES226	-0.827442	-64.2226	-63.3952
BLOCK02/SES021/SA021S27	SES002	-3.14981	-64.9378	-61.788
BLOCK02/SES021/SA021S27	SES016	-4.91698	-66.705	-61.788
BLOCK02/SES021/SA021S27	SES019	-2.16902	-63.9571	-61.788
BLOCK02/SES021/SA021S27	SES062	-2.02161	-63.8096	-61.788
BLOCK02/SES021/SA021S29	SES087	-2.53141	-64.2433	-61.7119
BLOCK02/SES021/SA021S29	SES125	-1.43458	-63.1465	-61.7119
BLOCK02/SES021/SA021S29	SES206	-2.34401	-64.0559	-61.7119
BLOCK02/SES021/SA021S29	SES226	-1.14674	-62.8586	-61.7119
BLOCK04/SES043/SA043S09	SES083	-1.54722	-66.7327	-65.1854
BLOCK04/SES043/SA043S09	SES101	-3.22339	-68.4088	-65.1854
BLOCK04/SES043/SA043S09	SES144	-0.316528	-65.502	-65.1854
BLOCK04/SES043/SA043S09	SES172	-6.0444	-71.2298	-65.1854
BLOCK04/SES043/SA043S11	SES083	-0.708885	-64.2184	-63.5095
BLOCK04/SES043/SA043S11	SES101	-1.98225	-65.4917	-63.5095
BLOCK04/SES043/SA043S11	SES144	-0.396099	-63.9056	-63.5095
BLOCK04/SES043/SA043S11	SES172	-2.58348	-66.093	-63.5095
BLOCK04/SES043/SA043S23	SES083	-0.280022	-64.2253	-63.9453
BLOCK04/SES043/SA043S23	SES144	0.0174255	-63.9279	-63.9453
BLOCK04/SES043/SA043S23	SES177	-3.30247	-67.2478	-63.9453
BLOCK04/SES043/SA043S23	SES275	-0.617126	-64.5624	-63.9453
BLOCK04/SES043/SA043S26	SES083	-0.679276	-64.8107	-64.1314
BLOCK04/SES043/SA043S26	SES101	-1.7356	-65.867	-64.1314
BLOCK04/SES043/SA043S26	SES144	-0.307533	-64.4389	-64.1314
BLOCK04/SES043/SA043S26	SES177	-2.76691	-66.8983	-64.1314
BLOCK04/SES043/SA043S28	SES016	-1.73792	-64.7595	-63.0216
BLOCK04/SES043/SA043S28	SES083	-0.803329	-63.8249	-63.0216
BLOCK04/SES043/SA043S28	SES101	-1.29591	-64.3175	-63.0216
BLOCK04/SES043/SA043S28	SES144	-0.731598	-63.7532	-63.0216
BLOCK04/SES044/SA044S10	SES127	-2.65919	-69.422	-66.7629
BLOCK04/SES044/SA044S10	SES144	-0.812996	-67.5759	-66.7629
BLOCK04/SES044/SA044S10	SES147	-3.43362	-70.1965	-66.7629
BLOCK04/SES044/SA044S10	SES148	-2.99707	-69.7599	-66.7629
BLOCK04/SES044/SA044S11	SES101	-1.77999	-67.9269	-66.1469
BLOCK04/SES044/SA044S11	SES144	0.159019	-65.9879	-66.1469
BLOCK04/SES044/SA044S11	SES147	-2.84373	-68.9907	-66.1469
BLOCK04/SES044/SA044S11	SES177	-2.01524	-68.1622	-66.1469
BLOCK04/SES044/SA044S24	SES007	-2.41011	-67.7591	-65.349
BLOCK04/SES044/SA044S24	SES101	-0.964348	-66.3133	-65.349
BLOCK04/SES044/SA044S24	SES147	-4.56097	-69.91	-65.349
BLOCK04/SES044/SA044S24	SES177	-2.62319	-67.9722	-65.349
BLOCK04/SES044/SA044S26	SES007	-1.63618	-66.5174	-64.8812
BLOCK04/SES044/SA044S26	SES016	-0.769775	-65.651	-64.8812
BLOCK04/SES044/SA044S26	SES101	-1.17129	-66.0525	-64.8812
BLOCK04/SES044/SA044S26	SES147	-1.51746	-66.3987	-64.8812
BLOCK04/SES044/SA044S29	SES007	-1.64788	-65.9555	-64.3076
BLOCK04/SES044/SA044S29	SES101	-0.236626	-64.5442	-64.3076
BLOCK04/SES044/SA044S29	SES147	-1.89301	-66.2006	-64.3076
BLOCK04/SES044/SA044S29	SES177	-2.30234	-66.6099	-64.3076
BLOCK04/SES046/SA046S13	SES101	-3.43904	-68.5366	-65.0976
BLOCK04/SES046/SA046S13	SES144	-1.36081	-66.4584	-65.0976
BLOCK04/SES046/SA046S13	SES147	-2.58587	-67.6835	-65.0976
BLOCK04/SES046/SA046S13	SES177	-1.28757	-66.3852	-65.0976
BLOCK04/SES046/SA046S15	SES048	-2.47322	-66.5191	-64.0459
BLOCK04/SES046/SA046S15	SES083	-0.210907	-64.2568	-64.0459
BLOCK04/SES046/SA046S15	SES120	-1.62074	-65.6666	-64.0459
BLOCK04/SES046/SA046S15	SES148	-1.34431	-65.3902	-64.0459
BLOCK04/SES046/SA046S22	SES101	-0.700912	-65.8178	-65.1169
BLOCK04/SES046/SA046S22	SES144	-0.364296	-65.4812	-65.1169
BLOCK04/SES046/SA046S22	SES147	-1.55678	-66.6736	-65.1169
BLOCK04/SES046/SA046S22	SES172	-2.13239	-67.2492	-65.1169
BLOCK04/SES046/SA046S25	SES083	-1.30207	-65.6318	-64.3297
BLOCK04/SES046/SA046S25	SES127	-1.38168	-65.7114	-64.3297
BLOCK04/SES046/SA046S25	SES144	-1.69839	-66.0281	-64.3297
BLOCK04/SES046/SA046S25	SES148	-1.6773	-66.007	-64.3297
BLOCK04/SES046/SA046S28	SES007	-3.51392	-68.4931	-64.9791
BLOCK04/SES046/SA046S28	SES105	-2.49923	-67.4784	-64.9791
BLOCK04/SES046/SA046S28	SES147	-3.08511	-68.0643	-64.9791
BLOCK04/SES046/SA046S28	SES148	-1.28987	-66.269	-64.9791
BLOCK04/SES049/SA049S16	SES104	-1.53003	-65.122	-63.5919
BLOCK04/SES049/SA049S16	SES106	-0.99728	-64.5892	-63.5919
BLOCK04/SES049/SA049S16	SES120	-3.44115	-67.0331	-63.5919
BLOCK04/SES049/SA049S16	SES206	-1.78777	-65.3797	-63.5919
BLOCK04/SES049/SA049S18	SES099	-1.44458	-66.1538	-64.7092
BLOCK04/SES049/SA049S18	SES104	-1.77107	-66.4803	-64.7092
BLOCK04/SES049/SA049S18	SES125	-2.32098	-67.0302	-64.7092
BLOCK04/SES049/SA049S18	SES206	-1.94774	-66.657	-64.7092
BLOCK04/SES049/SA049S25	SES087	-1.65393	-65.1128	-63.4588
BLOCK04/SES049/SA049S25	SES104	-0.66618	-64.125	-63.4588
BLOCK04/SES049/SA049S25	SES125	-2.12713	-65.586	-63.4588
BLOCK04/SES049/SA049S25	SES206	-1.5143	-64.9731	-63.4588
BLOCK04/SES049/SA049S27	SES099	-2.51004	-65.697	-63.187
BLOCK04/SES049/SA049S27	SES104	-0.265865	-63.4528	-63.187
BLOCK04/SES049/SA049S27	SES125	-1.29199	-64.479	-63.187
BLOCK04/SES049/SA049S27	SES206	-1.59213	-64.7791	-63.187
BLOCK04/SES049/SA049S29	SES099	-2.45675	-64.7964	-62.3396
BLOCK04/SES049/SA049S29	SES104	-0.10268	-62.4423	-62.3396
BLOCK04/SES049/SA049S29	SES125	-1.07716	-63.4168	-62.3396
BLOCK04/SES049/SA049S29	SES206	-0.57114	-62.9108	-62.3396
BLOCK06/SES063/SA063S09	SES068	-1.43671	-65.1543	-63.7176
BLOCK06/SES063/SA063S09	SES083	-9.15527e-05	-63.7177	-63.7176
BLOCK06/SES063/SA063S09	SES177	-0.689919	-64.4075	-63.7176
BLOCK06/SES063/SA063S09	SES187	-1.0924	-64.81	-63.7176
BLOCK06/SES063/SA063S10	SES068	-1.79016	-66.2424	-64.4522
BLOCK06/SES063/SA063S10	SES083	-0.266525	-64.7188	-64.4522
BLOCK06/SES063/SA063S10	SES172	-0.503258	-64.9555	-64.4522
BLOCK06/SES063/SA063S10	SES187	-1.31402	-65.7663	-64.4522
BLOCK06/SES063/SA063S20	SES068	-2.71687	-67.3282	-64.6114
BLOCK06/SES063/SA063S20	SES083	-0.631699	-65.2431	-64.6114
BLOCK06/SES063/SA063S20	SES172	-1.57962	-66.191	-64.6114
BLOCK06/SES063/SA063S20	SES187	0.0915146	-64.5199	-64.6114
BLOCK06/SES063/SA063S24	SES029	-1.4814	-64.9692	-63.4878
BLOCK06/SES063/SA063S24	SES083	0.365368	-63.1225	-63.4878
BLOCK06/SES063/SA063S24	SES177	-0.414574	-63.9024	-63.4878
BLOCK06/SES063/SA063S24	SES189	-0.466633	-63.9545	-63.4878
BLOCK06/SES063/SA063S27	SES083	0.267311	-64.8027	-65.07
BLOCK06/SES063/SA063S27	SES172	-0.487	-65.557	-65.07
BLOCK06/SES063/SA063S27	SES187	-1.34823	-66.4182	-65.07
BLOCK06/SES063/SA063S27	SES292	-1.50257	-66.5725	-65.07
BLOCK06/SES067/SA067S12	SES083	-1.02999	-64.4531	-63.4231
BLOCK06/SES067/SA067S12	SES172	-3.89082	-67.3139	-63.4231
BLOCK06/SES067/SA067S12	SES202	0.155575	-63.2675	-63.4231
BLOCK06/SES067/SA067S12	SES292	-1.87281	-65.2959	-63.4231
BLOCK06/SES067/SA067S14	SES085	-1.89919	-64.6158	-62.7166
BLOCK06/SES067/SA067S14	SES177	-1.10256	-63.8191	-62.7166
BLOCK06/SES067/SA067S14	SES183	-2.32027	-65.0368	-62.7166
BLOCK06/SES067/SA067S14	SES202	-0.698853	-63.4154	-62.7166
BLOCK06/SES067/SA067S21	SES144	-0.780235	-65.6585	-64.8782
BLOCK06/SES067/SA067S21	SES177	-0.783768	-65.662	-64.8782
BLOCK06/SES067/SA067S21	SES183	-3.62019	-68.4984	-64.8782
BLOCK06/SES067/SA067S21	SES189	-0.467987	-65.3462	-64.8782
BLOCK06/SES067/SA067S25	SES085	-0.512413	-64.6092	-64.0967
BLOCK06/SES067/SA067S25	SES177	-1.15001	-65.2468	-64.0967
BLOCK06/SES067/SA067S25	SES183	-2.21406	-66.3108	-64.0967
BLOCK06/SES067/SA067S25	SES202	-0.294228	-64.391	-64.0967
BLOCK06/SES067/SA067S29	SES085	-0.600471	-64.6592	-64.0587
BLOCK06/SES067/SA067S29	SES177	-1.58296	-65.6417	-64.0587
BLOCK06/SES067/SA067S29	SES183	-1.70961	-65.7684	-64.0587
BLOCK06/SES067/SA067S29	SES202	0.326572	-63.7322	-64.0587
BLOCK06/SES069/SA069S12	SES029	-3.40625	-66.0128	-62.6066
BLOCK06/SES069/SA069S12	SES082	-0.523487	-63.13	-62.6066
BLOCK06/SES069/SA069S12	SES087	-3.01107	-65.6176	-62.6066
BLOCK06/SES069/SA069S12	SES206	-2.10328	-64.7098	-62.6066
BLOCK06/SES069/SA069S13	SES029	-3.52697	-66.0297	-62.5027
BLOCK06/SES069/SA069S13	SES087	-3.08554	-65.5883	-62.5027
BLOCK06/SES069/SA069S13	SES206	-3.35819	-65.8609	-62.5027
BLOCK06/SES069/SA069S13	SES226	-2.09555	-64.5983	-62.5027
BLOCK06/SES069/SA069S23	SES029	-1.58476	-62.479	-60.8943
BLOCK06/SES069/SA069S23	SES087	-2.41314	-63.3074	-60.8943
BLOCK06/SES069/SA069S23	SES206	-1.39858	-62.2929	-60.8943
BLOCK06/SES069/SA069S23	SES226	-0.623241	-61.5175	-60.8943
BLOCK06/SES069/SA069S25	SES087	-2.51913	-63.8785	-61.3594
BLOCK06/SES069/SA069S25	SES206	-3.0036	-64.363	-61.3594
BLOCK06/SES069/SA069S25	SES226	-1.85273	-63.2121	-61.3594
BLOCK06/SES069/SA069S25	SES270	-2.36198	-63.7214	-61.3594
BLOCK06/SES069/SA069S27	SES087	-3.45139	-64.8985	-61.4471
BLOCK06/SES069/SA069S27	SES206	-1.72996	-63.1771	-61.4471
BLOCK06/SES069/SA069S27	SES226	-0.241669	-61.6888	-61.4471
BLOCK06/SES069/SA069S27	SES270	-2.67575	-64.1228	-61.4471
BLOCK08/SES081/SA081S11	SES060	-1.71875	-65.6282	-63.9094
BLOCK08/SES081/SA081S11	SES062	-2.86268	-66.7721	-63.9094
BLOCK08/SES081/SA081S11	SES117	-1.92122	-65.8306	-63.9094
BLOCK08/SES081/SA081S11	SES162	-1.3749	-65.2843	-63.9094
BLOCK08/SES081/SA081S13	SES016	-0.481663	-63.5433	-63.0616
BLOCK08/SES081/SA081S13	SES060	-0.517944	-63.5795	-63.0616
BLOCK08/SES081/SA081S13	SES068	-0.219833	-63.2814	-63.0616
BLOCK08/SES081/SA081S13	SES129	-1.99454	-65.0561	-63.0616
BLOCK08/SES081/SA081S24	SES060	-0.324921	-64.335	-64.0101
BLOCK08/SES081/SA081S24	SES068	-0.765503	-64.7756	-64.0101
BLOCK08/SES081/SA081S24	SES117	-1.39816	-65.4082	-64.0101
BLOCK08/SES081/SA081S24	SES275	-2.32561	-66.3357	-64.0101
BLOCK08/SES081/SA081S27	SES007	-2.23227	-65.9939	-63.7616
BLOCK08/SES081/SA081S27	SES060	-1.96895	-65.7306	-63.7616
BLOCK08/SES081/SA081S27	SES117	-0.40826	-64.1699	-63.7616
BLOCK08/SES081/SA081S27	SES275	-2.47784	-66.2394	-63.7616
BLOCK08/SES081/SA081S29	SES007	-1.17664	-64.6589	-63.4823
BLOCK08/SES081/SA081S29	SES060	-0.940578	-64.4228	-63.4823
BLOCK08/SES081/SA081S29	SES117	-1.19766	-64.6799	-63.4823
BLOCK08/SES081/SA081S29	SES275	-1.98956	-65.4718	-63.4823
BLOCK08/SES086/SA086S11	SES029	-5.23032	-69.4622	-64.2319
BLOCK08/SES086/SA086S11	SES082	-2.60909	-66.841	-64.2319
BLOCK08/SES086/SA086S11	SES087	-1.07166	-65.3036	-64.2319
BLOCK08/SES086/SA086S11	SES206	-2.44331	-66.6752	-64.2319
BLOCK08/SES086/SA086S12	SES029	-4.35459	-67.5939	-63.2393
BLOCK08/SES086/SA086S12	SES082	-2.22186	-65.4612	-63.2393
BLOCK08/SES086/SA086S12	SES087	0.163395	-63.0759	-63.2393
BLOCK08/SES086/SA086S12	SES206	-1.29124	-64.5306	-63.2393
BLOCK08/SES086/SA086S20	SES029	-5.18934	-66.9294	-61.7401
BLOCK08/SES086/SA086S20	SES082	-2.25889	-63.9989	-61.7401
BLOCK08/SES086/SA086S20	SES087	0.316929	-61.4231	-61.7401
BLOCK08/SES086/SA086S20	SES206	-0.601482	-62.3415	-61.7401
BLOCK08/SES086/SA086S24	SES087	0.0983696	-62.9783	-63.0766
BLOCK08/SES086/SA086S24	SES104	-1.56448	-64.6411	-63.0766
BLOCK08/SES086/SA086S24	SES120	-4.86765	-67.9443	-63.0766
BLOCK08/SES086/SA086S24	SES206	-0.232079	-63.3087	-63.0766
BLOCK08/SES086/SA086S28	SES029	-3.76888	-65.464	-61.6952
BLOCK08/SES086/SA086S28	SES082	-1.872	-63.5672	-61.6952
BLOCK08/SES086/SA086S28	SES087	0.10416	-61.591	-61.6952
BLOCK08/SES086/SA086S28	SES206	-0.573856	-62.269	-61.6952
BLOCK08/SES089/SA089S13	SES087	-3.31345	-66.9113	-63.5978
BLOCK08/SES089/SA089S13	SES206	-3.9567	-67.5545	-63.5978
BLOCK08/SES089/SA089S13	SES226	-1.54616	-65.144	-63.5978
BLOCK08/SES089/SA089S13	SES270	-4.22559	-67.8234	-63.5978
BLOCK08/SES089/SA089S14	SES062	-2.31917	-65.6728	-63.3537
BLOCK08/SES089/SA089S14	SES087	-1.55903	-64.9127	-63.3537
BLOCK08/SES089/SA089S14	SES206	-1.76093	-65.1146	-63.3537
BLOCK08/SES089/SA089S14	SES226	-0.632408	-63.9861	-63.3537
BLOCK08/SES089/SA089S23	SES087	-3.03178	-68.1621	-65.1303
BLOCK08/SES089/SA089S23	SES206	-3.71239	-68.8427	-65.1303
BLOCK08/SES089/SA089S23	SES226	-0.599373	-65.7297	-65.1303
BLOCK08/SES089/SA089S23	SES270	-4.91041	-70.0407	-65.1303
BLOCK08/SES089/SA089S25	SES062	-2.68636	-66.1149	-63.4285
BLOCK08/SES089/SA089S25	SES087	-2.84955	-66.2781	-63.4285
BLOCK08/SES089/SA089S25	SES206	-2.72421	-66.1527	-63.4285
BLOCK08/SES089/SA089S25	SES226	-0.292423	-63.721	-63.4285
BLOCK08/SES089/SA089S28	SES062	-2.29353	-66.0774	-63.7839
BLOCK08/SES089/SA089S28	SES087	-2.19769	-65.9815	-63.7839
BLOCK08/SES089/SA089S28	SES206	-2.18324	-65.9671	-63.7839
BLOCK08/SES089/SA089S28	SES226	0.227882	-63.556	-63.7839
BLOCK09/SES097/SA097S11	SES099	-0.782215	-64.3074	-63.5252
BLOCK09/SES097/SA097S11	SES125	-1.88663	-65.4118	-63.5252
BLOCK09/SES097/SA097S11	SES206	-1.87411	-65.3993	-63.5252
BLOCK09/SES097/SA097S11	SES226	-0.884518	-64.4097	-63.5252
BLOCK09/SES097/SA097S14	SES062	-4.03294	-67.4921	-63.4592
BLOCK09/SES097/SA097S14	SES099	-2.36778	-65.827	-63.4592
BLOCK09/SES097/SA097S14	SES104	-1.36364	-64.8228	-63.4592
BLOCK09/SES097/SA097S14	SES206	-2.45434	-65.9135	-63.4592
BLOCK09/SES097/SA097S22	SES099	-1.09406	-64.3919	-63.2978
BLOCK09/SES097/SA097S22	SES206	-1.45756	-64.7554	-63.2978
BLOCK09/SES097/SA097S22	SES226	-1.25547	-64.5533	-63.2978
BLOCK09/SES097/SA097S22	SES270	-0.357773	-63.6556	-63.2978
BLOCK09/SES097/SA097S26	SES099	-1.72116	-64.3562	-62.635
BLOCK09/SES097/SA097S26	SES120	-3.8205	-66.4555	-62.635
BLOCK09/SES097/SA097S26	SES206	-1.40962	-64.0446	-62.635
BLOCK09/SES097/SA097S26	SES226	-2.09026	-64.7253	-62.635
BLOCK09/SES097/SA097S28	SES099	-2.29327	-65.4147	-63.1214
BLOCK09/SES097/SA097S28	SES120	-3.07978	-66.2012	-63.1214
BLOCK09/SES097/SA097S28	SES206	-2.3431	-65.4645	-63.1214
BLOCK09/SES097/SA097S28	SES226	-1.72543	-64.8468	-63.1214
BLOCK09/SES098/SA098S11	SES127	-2.82975	-69.1261	-66.2963
BLOCK09/SES098/SA098S11	SES144	-1.1728	-67.4691	-66.2963
BLOCK09/SES098/SA098S11	SES147	-0.273254	-66.5696	-66.2963
BLOCK09/SES098/SA098S11	SES148	-2.99601	-69.2923	-66.2963
BLOCK09/SES098/SA098S12	SES127	-4.48874	-72.1064	-67.6177
BLOCK09/SES098/SA098S12	SES144	-1.65336	-69.271	-67.6177
BLOCK09/SES098/SA098S12	SES147	-1.09278	-68.7105	-67.6177
BLOCK09/SES098/SA098S12	SES189	-0.442261	-68.0599	-67.6177
BLOCK09/SES098/SA098S20	SES127	-4.37268	-70.5384	-66.1658
BLOCK09/SES098/SA098S20	SES147	-0.343338	-66.5091	-66.1658
BLOCK09/SES098/SA098S20	SES148	-4.12954	-70.2953	-66.1658
BLOCK09/SES098/SA098S20	SES292	-4.11066	-70.2764	-66.1658
BLOCK09/SES098/SA098S23	SES127	-2.17383	-67.7305	-65.5567
BLOCK09/SES098/SA098S23	SES147	-0.162369	-65.719	-65.5567
BLOCK09/SES098/SA098S23	SES187	-0.358971	-65.9156	-65.5567
BLOCK09/SES098/SA098S23	SES292	-2.5077	-68.0644	-65.5567
BLOCK09/SES098/SA098S27	SES127	-2.48164	-68.7231	-66.2414
BLOCK09/SES098/SA098S27	SES147	-1.75517	-67.9966	-66.2414
BLOCK09/SES098/SA098S27	SES148	-3.54822	-69.7896	-66.2414
BLOCK09/SES098/SA098S27	SES292	-2.69872	-68.9402	-66.2414
BLOCK10/SES102/SA102S13	SES101	-0.387238	-65.6541	-65.2669
BLOCK10/SES102/SA102S13	SES105	-1.25488	-66.5217	-65.2669
BLOCK10/SES102/SA102S13	SES120	-1.01954	-66.2864	-65.2669
BLOCK10/SES102/SA102S13	SES158	-10.9065	-76.1734	-65.2669
BLOCK10/SES102/SA102S14	SES007	-0.249111	-63.4505	-63.2014
BLOCK10/SES102/SA102S14	SES101	-0.513279	-63.7147	-63.2014
BLOCK10/SES102/SA102S14	SES105	-0.462578	-63.664	-63.2014
BLOCK10/SES102/SA102S14	SES147	-4.27055	-67.4719	-63.2014
BLOCK10/SES102/SA102S22	SES007	-0.889427	-64.2101	-63.3207
BLOCK10/SES102/SA102S22	SES101	-0.413269	-63.7339	-63.3207
BLOCK10/SES102/SA102S22	SES105	-0.820847	-64.1415	-63.3207
BLOCK10/SES102/SA102S22	SES158	-5.64576	-68.9664	-63.3207
BLOCK10/SES102/SA102S25	SES007	-0.915321	-64.2244	-63.3091
BLOCK10/SES102/SA102S25	SES101	-0.799278	-64.1083	-63.3091
BLOCK10/SES102/SA102S25	SES105	-0.750633	-64.0597	-63.3091
BLOCK10/SES102/SA102S25	SES147	-5.95058	-69.2596	-63.3091
BLOCK10/SES102/SA102S27	SES007	-0.943604	-65.0488	-64.1052
BLOCK10/SES102/SA102S27	SES101	-0.606575	-64.7117	-64.1052
BLOCK10/SES102/SA102S27	SES105	-1.08403	-65.1892	-64.1052
BLOCK10/SES102/SA102S27	SES147	-3.70789	-67.8131	-64.1052
BLOCK10/SES103/SA103S14	SES105	-4.20638	-68.5532	-64.3468
BLOCK10/SES103/SA103S14	SES106	-0.985306	-65.3321	-64.3468
BLOCK10/SES103/SA103S14	SES120	-4.45926	-68.8061	-64.3468
BLOCK10/SES103/SA103S14	SES206	-2.47161	-66.8184	-64.3468
BLOCK10/SES103/SA103S15	SES099	-2.15166	-67.862	-65.7103
BLOCK10/SES103/SA103S15	SES101	-5.1219	-70.8322	-65.7103
BLOCK10/SES103/SA103S15	SES104	-1.66708	-67.3774	-65.7103
BLOCK10/SES103/SA103S15	SES125	-1.1916	-66.9019	-65.7103
BLOCK10/SES103/SA103S24	SES104	-2.1665	-65.4664	-63.2999
BLOCK10/SES103/SA103S24	SES125	-2.50468	-65.8046	-63.2999
BLOCK10/SES103/SA103S24	SES148	-5.17351	-68.4734	-63.2999
BLOCK10/SES103/SA103S24	SES158	-1.34986	-64.6498	-63.2999
BLOCK10/SES103/SA103S26	SES104	-2.10474	-67.0735	-64.9688
BLOCK10/SES103/SA103S26	SES106	-1.23647	-66.2053	-64.9688
BLOCK10/SES103/SA103S26	SES125	-2.3932	-67.362	-64.9688
BLOCK10/SES103/SA103S26	SES148	-4.76367	-69.7325	-64.9688
BLOCK10/SES103/SA103S28	SES104	-3.01488	-68.6917	-65.6768
BLOCK10/SES103/SA103S28	SES106	-1.86388	-67.5407	-65.6768
BLOCK10/SES103/SA103S28	SES125	-3.56667	-69.2435	-65.6768
BLOCK10/SES103/SA103S28	SES206	-4.15223	-69.8291	-65.6768
BLOCK12/SES121/SA121S12	SES042	-2.41082	-68.3643	-65.9535
BLOCK12/SES121/SA121S12	SES087	-2.05563	-68.0091	-65.9535
BLOCK12/SES121/SA121S12	SES105	-2.80038	-68.7539	-65.9535
BLOCK12/SES121/SA121S12	SES206	-1.85221	-67.8057	-65.9535
BLOCK12/SES121/SA121S14	SES007	-3.95384	-70.1595	-66.2057
BLOCK12/SES121/SA121S14	SES105	-3.62666	-69.8323	-66.2057
BLOCK12/SES121/SA121S14	SES106	-1.93758	-68.1432	-66.2057
BLOCK12/SES121/SA121S14	SES206	-2.70876	-68.9144	-66.2057
BLOCK12/SES121/SA121S23	SES105	-3.20784	-69.6062	-66.3983
BLOCK12/SES121/SA121S23	SES106	-1.04137	-67.4397	-66.3983
BLOCK12/SES121/SA121S23	SES120	-3.49066	-69.889	-66.3983
BLOCK12/SES121/SA121S23	SES206	-1.74981	-68.1481	-66.3983
BLOCK12/SES121/SA121S25	SES007	-4.06124	-71.2061	-67.1449
BLOCK12/SES121/SA121S25	SES105	-4.48095	-71.6258	-67.1449
BLOCK12/SES121/SA121S25	SES106	-1.82626	-68.9711	-67.1449
BLOCK12/SES121/SA121S25	SES206	-2.83942	-69.9843	-67.1449
BLOCK12/SES121/SA121S27	SES087	-1.37062	-66.7009	-65.3302
BLOCK12/SES121/SA121S27	SES105	-4.96259	-70.2928	-65.3302
BLOCK12/SES121/SA121S27	SES120	-3.70247	-69.0327	-65.3302
BLOCK12/SES121/SA121S27	SES206	-2.6993	-68.0295	-65.3302
BLOCK12/SES124/SA124S16	SES042	-0.770691	-64.611	-63.8404
BLOCK12/SES124/SA124S16	SES082	-1.19314	-65.0335	-63.8404
BLOCK12/SES124/SA124S16	SES183	-5.48663	-69.327	-63.8404
BLOCK12/SES124/SA124S16	SES206	-1.93119	-65.7715	-63.8404
BLOCK12/SES124/SA124S17	SES105	-3.93691	-68.8518	-64.9149
BLOCK12/SES124/SA124S17	SES149	-2.37754	-67.2925	-64.9149
BLOCK12/SES124/SA124S17	SES158	-1.84995	-66.7649	-64.9149
BLOCK12/SES124/SA124S17	SES275	-4.12424	-69.0392	-64.9149
BLOCK12/SES124/SA124S23	SES105	-3.99612	-65.6966	-61.7004
BLOCK12/SES124/SA124S23	SES125	0.289242	-61.4112	-61.7004
BLOCK12/SES124/SA124S23	SES129	-5.48043	-67.1809	-61.7004
BLOCK12/SES124/SA124S23	SES158	-0.649143	-62.3496	-61.7004
BLOCK12/SES124/SA124S26	SES105	-5.17823	-67.9156	-62.7374
BLOCK12/SES124/SA124S26	SES125	-0.117676	-62.8551	-62.7374
BLOCK12/SES124/SA124S26	SES129	-5.37749	-68.1149	-62.7374
BLOCK12/SES124/SA124S26	SES158	-1.41441	-64.1518	-62.7374
BLOCK12/SES124/SA124S28	SES104	-0.568016	-63.0453	-62.4773
BLOCK12/SES124/SA124S28	SES106	-0.576027	-63.0533	-62.4773
BLOCK12/SES124/SA124S28	SES125	0.154659	-62.3226	-62.4773
BLOCK12/SES124/SA124S28	SES275	-5.12801	-67.6053	-62.4773
BLOCK12/SES126/SA126S13	SES007	-1.8988	-68.9424	-67.0436
BLOCK12/SES126/SA126S13	SES162	-1.11648	-68.1601	-67.0436
BLOCK12/SES126/SA126S13	SES177	-0.511818	-67.5554	-67.0436
BLOCK12/SES126/SA126S13	SES180	-1.12751	-68.1711	-67.0436
BLOCK12/SES126/SA126S14	SES144	-1.15783	-65.8589	-64.701
BLOCK12/SES126/SA126S14	SES148	-1.65559	-66.3566	-64.701
BLOCK12/SES126/SA126S14	SES177	-0.101303	-64.8023	-64.701
BLOCK12/SES126/SA126S14	SES180	-0.616837	-65.3179	-64.701
BLOCK12/SES126/SA126S20	SES007	-1.99633	-66.8568	-64.8605
BLOCK12/SES126/SA126S20	SES162	-1.64341	-66.5039	-64.8605
BLOCK12/SES126/SA126S20	SES172	-7.31279	-72.1733	-64.8605
BLOCK12/SES126/SA126S20	SES180	-1.63594	-66.4964	-64.8605
BLOCK12/SES126/SA126S24	SES120	-0.628632	-65.36	-64.7313
BLOCK12/SES126/SA126S24	SES162	-0.666313	-65.3976	-64.7313
BLOCK12/SES126/SA126S24	SES177	-0.618843	-65.3502	-64.7313
BLOCK12/SES126/SA126S24	SES180	-0.42038	-65.1517	-64.7313
BLOCK12/SES126/SA126S26	SES120	-0.623878	-65.9097	-65.2859
BLOCK12/SES126/SA126S26	SES177	-0.915451	-66.2013	-65.2859
BLOCK12/SES126/SA126S26	SES180	-1.5909	-66.8768	-65.2859
BLOCK12/SES126/SA126S26	SES202	-3.19771	-68.4836	-65.2859
BLOCK12/SES128/SA128S10	SES087	-2.81237	-65.9047	-63.0923
BLOCK12/SES128/SA128S10	SES206	-1.9843	-65.0766	-63.0923
BLOCK12/SES128/SA128S10	SES226	-1.09608	-64.1884	-63.0923
BLOCK12/SES128/SA128S10	SES270	-1.66248	-64.7548	-63.0923
BLOCK12/SES128/SA128S12	SES120	-3.53392	-67.0553	-63.5214
BLOCK12/SES128/SA128S12	SES158	-1.73349	-65.2549	-63.5214
BLOCK12/SES128/SA128S12	SES206	-1.75558	-65.277	-63.5214
BLOCK12/SES128/SA128S12	SES226	-1.17177	-64.6932	-63.5214
BLOCK12/SES128/SA128S21	SES106	-3.92777	-69.109	-65.1813
BLOCK12/SES128/SA128S21	SES120	-3.16807	-68.3493	-65.1813
BLOCK12/SES128/SA128S21	SES206	-4.17598	-69.3572	-65.1813
BLOCK12/SES128/SA128S21	SES226	-1.86812	-67.0494	-65.1813
BLOCK12/SES128/SA128S24	SES087	-4.51906	-69.2037	-64.6847
BLOCK12/SES128/SA128S24	SES120	-1.94356	-66.6282	-64.6847
BLOCK12/SES128/SA128S24	SES206	-3.77441	-68.4591	-64.6847
BLOCK12/SES128/SA128S24	SES226	-2.26339	-66.9481	-64.6847
BLOCK12/SES128/SA128S27	SES099	-4.39109	-67.5983	-63.2072
BLOCK12/SES128/SA128S27	SES120	-2.62426	-65.8315	-63.2072
BLOCK12/SES128/SA128S27	SES206	-3.45926	-66.6665	-63.2072
BLOCK12/SES128/SA128S27	SES226	-1.31085	-64.518	-63.2072
BLOCK13/SES130/SA130S13	SES143	-4.63646	-70.4537	-65.8173
BLOCK13/SES130/SA130S13	SES144	-0.686584	-66.5039	-65.8173
BLOCK13/SES130/SA130S13	SES146	-1.5897	-67.407	-65.8173
BLOCK13/SES130/SA130S13	SES275	-3.54206	-69.3593	-65.8173
BLOCK13/SES130/SA130S15	SES143	-3.34588	-67.7939	-64.448
BLOCK13/SES130/SA130S15	SES144	-0.270859	-64.7188	-64.448
BLOCK13/SES130/SA130S15	SES146	-0.539246	-64.9872	-64.448
BLOCK13/SES130/SA130S15	SES275	-1.14474	-65.5927	-64.448
BLOCK13/SES130/SA130S23	SES127	-4.01877	-70.1696	-66.1508
BLOCK13/SES130/SA130S23	SES144	-0.936569	-67.0874	-66.1508
BLOCK13/SES130/SA130S23	SES146	-0.0443039	-66.1951	-66.1508
BLOCK13/SES130/SA130S23	SES162	-2.11698	-68.2678	-66.1508
BLOCK13/SES130/SA130S25	SES127	-3.5485	-67.3439	-63.7954
BLOCK13/SES130/SA130S25	SES144	-0.308449	-64.1038	-63.7954
BLOCK13/SES130/SA130S25	SES146	-0.869423	-64.6648	-63.7954
BLOCK13/SES130/SA130S25	SES275	-0.667763	-64.4631	-63.7954
BLOCK13/SES130/SA130S28	SES127	-2.13062	-66.505	-64.3744
BLOCK13/SES130/SA130S28	SES144	-0.558022	-64.9324	-64.3744
BLOCK13/SES130/SA130S28	SES146	-0.913315	-65.2877	-64.3744
BLOCK13/SES130/SA130S28	SES275	-0.597702	-64.9721	-64.3744
BLOCK13/SES131/SA131S13	SES002	-3.37177	-69.2704	-65.8987
BLOCK13/SES131/SA131S13	SES007	-5.302	-71.2007	-65.8987
BLOCK13/SES131/SA131S13	SES099	-2.53229	-68.4309	-65.8987
BLOCK13/SES131/SA131S13	SES105	-3.69637	-69.595	-65.8987
BLOCK13/SES131/SA131S14	SES104	-0.877106	-64.4878	-63.6106
BLOCK13/SES131/SA131S14	SES106	-0.580101	-64.1908	-63.6106
BLOCK13/SES131/SA131S14	SES125	-1.33778	-64.9484	-63.6106
BLOCK13/SES131/SA131S14	SES148	-3.01854	-66.6292	-63.6106
BLOCK13/SES131/SA131S20	SES104	-1.95023	-67.135	-65.1848
BLOCK13/SES131/SA131S20	SES106	-0.866798	-66.0516	-65.1848
BLOCK13/SES131/SA131S20	SES125	-1.999	-67.1838	-65.1848
BLOCK13/SES131/SA131S20	SES148	-4.80049	-69.9853	-65.1848
BLOCK13/SES131/SA131S22	SES099	-2.27177	-66.2893	-64.0176
BLOCK13/SES131/SA131S22	SES104	-1.88467	-65.9022	-64.0176
BLOCK13/SES131/SA131S22	SES125	-1.83237	-65.8499	-64.0176
BLOCK13/SES131/SA131S22	SES206	-2.48292	-66.5005	-64.0176
BLOCK13/SES131/SA131S29	SES087	-1.35435	-66.4363	-65.082
BLOCK13/SES131/SA131S29	SES104	-2.26883	-67.3508	-65.082
BLOCK13/SES131/SA131S29	SES125	-1.92728	-67.0092	-65.082
BLOCK13/SES131/SA131S29	SES206	-2.20722	-67.2892	-65.082
BLOCK13/SES132/SA132S11	SES083	-1.43806	-65.279	-63.8409
BLOCK13/SES132/SA132S11	SES120	0.295681	-63.5452	-63.8409
BLOCK13/SES132/SA132S11	SES127	-0.861149	-64.702	-63.8409
BLOCK13/SES132/SA132S11	SES275	-1.58331	-65.4242	-63.8409
BLOCK13/SES132/SA132S12	SES083	-1.40661	-64.895	-63.4884
BLOCK13/SES132/SA132S12	SES143	-1.13614	-64.6246	-63.4884
BLOCK13/SES132/SA132S12	SES144	-0.896671	-64.3851	-63.4884
BLOCK13/SES132/SA132S12	SES148	-1.47906	-64.9675	-63.4884
BLOCK13/SES132/SA132S22	SES062	-0.842457	-64.7773	-63.9349
BLOCK13/SES132/SA132S22	SES083	-0.509594	-64.4445	-63.9349
BLOCK13/SES132/SA132S22	SES127	-0.670322	-64.6052	-63.9349
BLOCK13/SES132/SA132S22	SES275	-1.34602	-65.2809	-63.9349
BLOCK13/SES132/SA132S24	SES007	-0.641647	-64.3822	-63.7406
BLOCK13/SES132/SA132S24	SES083	-1.03665	-64.7772	-63.7406
BLOCK13/SES132/SA132S24	SES127	-0.998306	-64.7389	-63.7406
BLOCK13/SES132/SA132S24	SES275	-1.59341	-65.334	-63.7406
BLOCK13/SES132/SA132S27	SES083	-1.42494	-65.857	-64.4321
BLOCK13/SES132/SA132S27	SES120	0.151306	-64.2808	-64.4321
BLOCK13/SES132/SA132S27	SES127	-1.56683	-65.9989	-64.4321
BLOCK13/SES132/SA132S27	SES275	-1.75756	-66.1896	-64.4321
BLOCK14/SES141/SA141S09	SES143	-0.331398	-65.116	-64.7846
BLOCK14/SES141/SA141S09	SES144	-0.252434	-65.037	-64.7846
BLOCK14/SES141/SA141S09	SES162	-0.530792	-65.3154	-64.7846
BLOCK14/SES141/SA141S09	SES180	-0.822044	-65.6066	-64.7846
BLOCK14/SES141/SA141S15	SES127	-1.37148	-65.8236	-64.4521
BLOCK14/SES141/SA141S15	SES144	-0.737907	-65.19	-64.4521
BLOCK14/SES141/SA141S15	SES162	-0.981544	-65.4337	-64.4521
BLOCK14/SES141/SA141S15	SES180	-1.08906	-65.5412	-64.4521
BLOCK14/SES141/SA141S24	SES127	-0.64286	-65.4214	-64.7786
BLOCK14/SES141/SA141S24	SES144	-1.04996	-65.8286	-64.7786
BLOCK14/SES141/SA141S24	SES162	0.0506287	-64.728	-64.7786
BLOCK14/SES141/SA141S24	SES183	-1.77657	-66.5552	-64.7786
BLOCK14/SES141/SA141S26	SES142	-2.37544	-67.0577	-64.6823
BLOCK14/SES141/SA141S26	SES144	-1.01906	-65.7013	-64.6823
BLOCK14/SES141/SA141S26	SES172	-1.74812	-66.4304	-64.6823
BLOCK14/SES141/SA141S26	SES180	-0.548965	-65.2312	-64.6823
BLOCK14/SES141/SA141S29	SES127	0.21701	-64.25	-64.467
BLOCK14/SES141/SA141S29	SES142	-0.234695	-64.7017	-64.467
BLOCK14/SES141/SA141S29	SES144	-0.692421	-65.1594	-64.467
BLOCK14/SES141/SA141S29	SES180	-0.0704346	-64.5375	-64.467
BLOCK15/SES157/SA157S08	SES083	-2.69437	-67.1236	-64.4292
BLOCK15/SES157/SA157S08	SES127	-2.43146	-66.8607	-64.4292
BLOCK15/SES157/SA157S08	SES148	-1.1612	-65.5904	-64.4292
BLOCK15/SES157/SA157S08	SES292	-2.03825	-66.4675	-64.4292
BLOCK15/SES157/SA157S11	SES083	-2.18317	-66.1004	-63.9173
BLOCK15/SES157/SA157S11	SES127	-3.36699	-67.2843	-63.9173
BLOCK15/SES157/SA157S11	SES148	-1.82598	-65.7433	-63.9173
BLOCK15/SES157/SA157S11	SES292	-1.83002	-65.7473	-63.9173
BLOCK15/SES157/SA157S21	SES127	-3.92462	-67.9676	-64.043
BLOCK15/SES157/SA157S21	SES148	-1.01717	-65.0602	-64.043
BLOCK15/SES157/SA157S21	SES158	-7.55141	-71.5944	-64.043
BLOCK15/SES157/SA157S21	SES292	-0.81842	-64.8614	-64.043
BLOCK15/SES157/SA157S24	SES127	-3.09451	-67.0431	-63.9486
BLOCK15/SES157/SA157S24	SES148	-0.767841	-64.7165	-63.9486
BLOCK15/SES157/SA157S24	SES183	-2.40376	-66.3524	-63.9486
BLOCK15/SES157/SA157S24	SES292	-1.44032	-65.3889	-63.9486
BLOCK15/SES157/SA157S26	SES007	-0.643394	-64.9142	-64.2708
BLOCK15/SES157/SA157S26	SES127	-0.960358	-65.2311	-64.2708
BLOCK15/SES157/SA157S26	SES147	-4.41798	-68.6888	-64.2708
BLOCK15/SES157/SA157S26	SES148	-0.661484	-64.9323	-64.2708
BLOCK16/SES161/SA161S10	SES007	-2.60931	-68.2639	-65.6546
BLOCK16/SES161/SA161S10	SES105	-1.94402	-67.5986	-65.6546
BLOCK16/SES161/SA161S10	SES158	-2.96215	-68.6167	-65.6546
BLOCK16/SES161/SA161S10	SES275	-2.08853	-67.7431	-65.6546
BLOCK16/SES161/SA161S12	SES007	-1.64983	-66.8576	-65.2078
BLOCK16/SES161/SA161S12	SES105	-2.13947	-67.3473	-65.2078
BLOCK16/SES161/SA161S12	SES158	-1.80739	-67.0152	-65.2078
BLOCK16/SES161/SA161S12	SES275	-1.36767	-66.5754	-65.2078
BLOCK16/SES161/SA161S20	SES007	-2.94251	-69.728	-66.7854
BLOCK16/SES161/SA161S20	SES105	-2.63555	-69.421	-66.7854
BLOCK16/SES161/SA161S20	SES158	-3.34769	-70.1331	-66.7854
BLOCK16/SES161/SA161S20	SES275	-2.46484	-69.2503	-66.7854
BLOCK16/SES161/SA161S23	SES007	-2.75714	-67.3913	-64.6342
BLOCK16/SES161/SA161S23	SES105	-1.86544	-66.4996	-64.6342
BLOCK16/SES161/SA161S23	SES148	-3.70133	-68.3355	-64.6342
BLOCK16/SES161/SA161S23	SES158	-1.66248	-66.2967	-64.6342
BLOCK16/SES161/SA161S28	SES007	-3.33579	-68.1683	-64.8325
BLOCK16/SES161/SA161S28	SES105	-3.196	-68.0285	-64.8325
BLOCK16/SES161/SA161S28	SES158	-1.60767	-66.4402	-64.8325
BLOCK16/SES161/SA161S28	SES206	-3.34415	-68.1766	-64.8325
BLOCK16/SES164/SA164S11	SES104	-1.8995	-64.0608	-62.1613
BLOCK16/SES164/SA164S11	SES125	-0.877304	-63.0386	-62.1613
BLOCK16/SES164/SA164S11	SES158	-0.933662	-63.0949	-62.1613
BLOCK16/SES164/SA164S11	SES206	-1.77649	-63.9378	-62.1613
BLOCK16/SES164/SA164S13	SES099	-0.900196	-64.485	-63.5848
BLOCK16/SES164/SA164S13	SES104	-2.25424	-65.8391	-63.5848
BLOCK16/SES164/SA164S13	SES125	-2.18446	-65.7693	-63.5848
BLOCK16/SES164/SA164S13	SES206	-1.69008	-65.2749	-63.5848
BLOCK16/SES164/SA164S24	SES002	0.0930595	-63.0574	-63.1505
BLOCK16/SES164/SA164S24	SES099	-0.458878	-63.6094	-63.1505
BLOCK16/SES164/SA164S24	SES125	-1.71173	-64.8622	-63.1505
BLOCK16/SES164/SA164S24	SES226	-1.47468	-64.6252	-63.1505
BLOCK16/SES164/SA164S27	SES087	-2.12477	-65.474	-63.3492
BLOCK16/SES164/SA164S27	SES125	-1.64939	-64.9986	-63.3492
BLOCK16/SES164/SA164S27	SES206	-1.20082	-64.5501	-63.3492
BLOCK16/SES164/SA164S27	SES226	-2.02841	-65.3777	-63.3492
BLOCK16/SES164/SA164S29	SES002	0.149929	-62.9909	-63.1409
BLOCK16/SES164/SA164S29	SES019	-1.60558	-64.7465	-63.1409
BLOCK16/SES164/SA164S29	SES125	-1.3972	-64.5381	-63.1409
BLOCK16/SES164/SA164S29	SES226	-1.50367	-64.6445	-63.1409
BLOCK16/SES169/SA169S13	SES117	-2.23932	-67.1431	-64.9037
BLOCK16/SES169/SA169S13	SES144	-0.728142	-65.6319	-64.9037
BLOCK16/SES169/SA169S13	SES146	-0.735573	-65.6393	-64.9037
BLOCK16/SES169/SA169S13	SES162	-2.39042	-67.2942	-64.9037
BLOCK16/SES169/SA169S14	SES144	-0.511269	-64.0236	-63.5123
BLOCK16/SES169/SA169S14	SES148	-0.74202	-64.2544	-63.5123
BLOCK16/SES169/SA169S14	SES177	-1.89947	-65.4118	-63.5123
BLOCK16/SES169/SA169S14	SES180	-3.34094	-66.8533	-63.5123
BLOCK16/SES169/SA169S24	SES117	-2.40364	-67.5319	-65.1283
BLOCK16/SES169/SA169S24	SES144	-0.7715	-65.8998	-65.1283
BLOCK16/SES169/SA169S24	SES146	-0.631516	-65.7598	-65.1283
BLOCK16/SES169/SA169S24	SES162	-2.83481	-67.9631	-65.1283
BLOCK16/SES169/SA169S27	SES127	-2.2471	-66.6279	-64.3808
BLOCK16/SES169/SA169S27	SES129	-1.47702	-65.8578	-64.3808
BLOCK16/SES169/SA169S27	SES144	-1.8119	-66.1927	-64.3808
BLOCK16/SES169/SA169S27	SES146	-0.388351	-64.7691	-64.3808
BLOCK16/SES169/SA169S29	SES144	-0.679741	-64.246	-63.5662
BLOCK16/SES169/SA169S29	SES162	-1.93769	-65.5039	-63.5662
BLOCK16/SES169/SA169S29	SES177	-2.76213	-66.3283	-63.5662
BLOCK16/SES169/SA169S29	SES180	-2.27929	-65.8455	-63.5662
BLOCK17/SES171/SA171S12	SES083	-1.2218	-66.0476	-64.8258
BLOCK17/SES171/SA171S12	SES148	-1.70827	-66.5341	-64.8258
BLOCK17/SES171/SA171S12	SES172	-2.43966	-67.2655	-64.8258
BLOCK17/SES171/SA171S12	SES292	-1.97285	-66.7987	-64.8258
BLOCK17/SES171/SA171S15	SES148	-1.34325	-67.0661	-65.7229
BLOCK17/SES171/SA171S15	SES177	-1.42939	-67.1523	-65.7229
BLOCK17/SES171/SA171S15	SES180	-3.62563	-69.3485	-65.7229
BLOCK17/SES171/SA171S15	SES292	-3.17901	-68.9019	-65.7229
BLOCK17/SES171/SA171S22	SES007	-1.71715	-65.284	-63.5668
BLOCK17/SES171/SA171S22	SES148	-1.16979	-64.7366	-63.5668
BLOCK17/SES171/SA171S22	SES177	-0.833916	-64.4008	-63.5668
BLOCK17/SES171/SA171S22	SES180	-2.0101	-65.577	-63.5668
BLOCK17/SES171/SA171S25	SES101	-2.87089	-68.9661	-66.0952
BLOCK17/SES171/SA171S25	SES120	-2.90862	-69.0038	-66.0952
BLOCK17/SES171/SA171S25	SES177	-0.60891	-66.7041	-66.0952
BLOCK17/SES171/SA171S25	SES180	-2.21573	-68.3109	-66.0952
BLOCK17/SES171/SA171S27	SES177	-0.158607	-65.0672	-64.9086
BLOCK17/SES171/SA171S27	SES180	-1.93605	-66.8447	-64.9086
BLOCK17/SES171/SA171S27	SES189	-0.498283	-65.4069	-64.9086
BLOCK17/SES171/SA171S27	SES292	-2.67255	-67.5812	-64.9086
BLOCK17/SES173/SA173S13	SES162	-2.56472	-68.9184	-66.3537
BLOCK17/SES173/SA173S13	SES177	-1.5121	-67.8658	-66.3537
BLOCK17/SES173/SA173S13	SES180	-2.0312	-68.3849	-66.3537
BLOCK17/SES173/SA173S13	SES292	-1.8881	-68.2418	-66.3537
BLOCK17/SES173/SA173S14	SES007	-3.46489	-69.8801	-66.4152
BLOCK17/SES173/SA173S14	SES162	-2.12863	-68.5438	-66.4152
BLOCK17/SES173/SA173S14	SES177	-0.859093	-67.2743	-66.4152
BLOCK17/SES173/SA173S14	SES180	-1.75092	-68.1661	-66.4152
BLOCK17/SES173/SA173S24	SES144	-0.977943	-67.9969	-67.019
BLOCK17/SES173/SA173S24	SES162	-2.19972	-69.2187	-67.019
BLOCK17/SES173/SA173S24	SES177	-1.60692	-68.6259	-67.019
BLOCK17/SES173/SA173S24	SES180	-2.25254	-69.2715	-67.019
BLOCK17/SES173/SA173S27	SES162	-2.94727	-69.1744	-66.2271
BLOCK17/SES173/SA173S27	SES177	-0.665169	-66.8923	-66.2271
BLOCK17/SES173/SA173S27	SES180	-1.33805	-67.5652	-66.2271
BLOCK17/SES173/SA173S27	SES292	-2.6175	-68.8446	-66.2271
BLOCK17/SES173/SA173S29	SES162	-1.73402	-67.9887	-66.2547
BLOCK17/SES173/SA173S29	SES175	-0.78125	-67.036	-66.2547
BLOCK17/SES173/SA173S29	SES177	-0.991989	-67.2467	-66.2547
BLOCK17/SES173/SA173S29	SES292	-2.82493	-69.0797	-66.2547
BLOCK18/SES182/SA182S10	SES144	-1.04765	-65.1973	-64.1497
BLOCK18/SES182/SA182S10	SES177	-0.868866	-65.0185	-64.1497
BLOCK18/SES182/SA182S10	SES180	-2.17131	-66.321	-64.1497
BLOCK18/SES182/SA182S10	SES275	-1.05123	-65.2009	-64.1497
BLOCK18/SES182/SA182S12	SES144	-0.613121	-64.6265	-64.0133
BLOCK18/SES182/SA182S12	SES177	-0.919395	-64.9327	-64.0133
BLOCK18/SES182/SA182S12	SES180	-1.57983	-65.5932	-64.0133
BLOCK18/SES182/SA182S12	SES275	-1.45267	-65.466	-64.0133
BLOCK18/SES182/SA182S21	SES117	-0.406349	-65.9204	-65.514
BLOCK18/SES182/SA182S21	SES144	-1.13559	-66.6496	-65.514
BLOCK18/SES182/SA182S21	SES162	-0.742737	-66.2568	-65.514
BLOCK18/SES182/SA182S21	SES180	-1.40431	-66.9183	-65.514
BLOCK18/SES182/SA182S23	SES117	-1.03185	-65.6825	-64.6507
BLOCK18/SES182/SA182S23	SES144	-1.61411	-66.2648	-64.6507
BLOCK18/SES182/SA182S23	SES180	-2.17957	-66.8303	-64.6507
BLOCK18/SES182/SA182S23	SES275	-1.96973	-66.6204	-64.6507
BLOCK18/SES182/SA182S25	SES007	-0.74971	-65.4344	-64.6847
BLOCK18/SES182/SA182S25	SES162	-0.523994	-65.2087	-64.6847
BLOCK18/SES182/SA182S25	SES177	-0.61087	-65.2956	-64.6847
BLOCK18/SES182/SA182S25	SES180	-1.23022	-65.9149	-64.6847
BLOCK18/SES184/SA184S12	SES177	-1.08887	-65.9922	-64.9033
BLOCK18/SES184/SA184S12	SES180	-1.03647	-65.9398	-64.9033
BLOCK18/SES184/SA184S12	SES189	-2.15305	-67.0564	-64.9033
BLOCK18/SES184/SA184S12	SES292	-1.1625	-66.0658	-64.9033
BLOCK18/SES184/SA184S13	SES101	-1.40196	-66.5956	-65.1937
BLOCK18/SES184/SA184S13	SES177	-1.24228	-66.436	-65.1937
BLOCK18/SES184/SA184S13	SES180	-1.7707	-66.9644	-65.1937
BLOCK18/SES184/SA184S13	SES292	-0.814445	-66.0081	-65.1937
BLOCK18/SES184/SA184S22	SES177	-1.43258	-65.6598	-64.2272
BLOCK18/SES184/SA184S22	SES180	-1.41113	-65.6384	-64.2272
BLOCK18/SES184/SA184S22	SES189	-2.66529	-66.8925	-64.2272
BLOCK18/SES184/SA184S22	SES292	-1.39555	-65.6228	-64.2272
BLOCK18/SES184/SA184S25	SES101	-0.502102	-64.0112	-63.5091
BLOCK18/SES184/SA184S25	SES177	-1.36055	-64.8696	-63.5091
BLOCK18/SES184/SA184S25	SES180	-1.76069	-65.2698	-63.5091
BLOCK18/SES184/SA184S25	SES292	-1.04871	-64.5578	-63.5091
BLOCK18/SES184/SA184S27	SES083	-1.11928	-65.3562	-64.2369
BLOCK18/SES184/SA184S27	SES177	-1.23273	-65.4697	-64.2369
BLOCK18/SES184/SA184S27	SES202	-3.32309	-67.56	-64.2369
BLOCK18/SES184/SA184S27	SES292	-0.961761	-65.1987	-64.2369
BLOCK20/SES204/SA204S12	SES062	-2.82803	-65.1431	-62.3151
BLOCK20/SES204/SA204S12	SES083	-3.25311	-65.5682	-62.3151
BLOCK20/SES204/SA204S12	SES206	-1.18848	-63.5036	-62.3151
BLOCK20/SES204/SA204S12	SES226	-1.59972	-63.9148	-62.3151
BLOCK20/SES204/SA204S14	SES068	-5.55804	-66.9576	-61.3995
BLOCK20/SES204/SA204S14	SES087	-1.45214	-62.8517	-61.3995
BLOCK20/SES204/SA204S14	SES206	-1.81106	-63.2106	-61.3995
BLOCK20/SES204/SA204S14	SES226	-1.81845	-63.218	-61.3995
BLOCK20/SES204/SA204S22	SES068	-5.83201	-68.039	-62.207
BLOCK20/SES204/SA204S22	SES082	-3.27168	-65.4787	-62.207
BLOCK20/SES204/SA204S22	SES083	-3.72585	-65.9328	-62.207
BLOCK20/SES204/SA204S22	SES206	-1.83104	-64.038	-62.207
BLOCK20/SES204/SA204S25	SES062	-4.94601	-67.4412	-62.4952
BLOCK20/SES204/SA204S25	SES083	-4.03591	-66.5311	-62.4952
BLOCK20/SES204/SA204S25	SES206	-1.34216	-63.8374	-62.4952
BLOCK20/SES204/SA204S25	SES226	-1.64315	-64.1384	-62.4952
BLOCK20/SES204/SA204S27	SES068	-6.19718	-68.8305	-62.6333
BLOCK20/SES204/SA204S27	SES082	-2.84742	-65.4807	-62.6333
BLOCK20/SES204/SA204S27	SES087	-1.33663	-63.9699	-62.6333
BLOCK20/SES204/SA204S27	SES206	-1.17194	-63.8052	-62.6333
BLOCK20/SES207/SA207S10	SES127	-0.80867	-65.057	-64.2483
BLOCK20/SES207/SA207S10	SES183	-1.81495	-66.0632	-64.2483
BLOCK20/SES207/SA207S10	SES189	-1.28381	-65.5321	-64.2483
BLOCK20/SES207/SA207S10	SES292	-1.41579	-65.6641	-64.2483
BLOCK20/SES207/SA207S11	SES127	-2.84562	-66.9022	-64.0566
BLOCK20/SES207/SA207S11	SES183	-2.38782	-66.4444	-64.0566
BLOCK20/SES207/SA207S11	SES187	-1.43031	-65.4869	-64.0566
BLOCK20/SES207/SA207S11	SES292	-1.61542	-65.672	-64.0566
BLOCK20/SES207/SA207S25	SES068	-1.5525	-66.6017	-65.0492
BLOCK20/SES207/SA207S25	SES083	-1.64677	-66.696	-65.0492
BLOCK20/SES207/SA207S25	SES127	-0.80854	-65.8577	-65.0492
BLOCK20/SES207/SA207S25	SES187	-0.375023	-65.4242	-65.0492
BLOCK20/SES207/SA207S27	SES127	-1.04935	-66.4382	-65.3889
BLOCK20/SES207/SA207S27	SES183	-1.46671	-66.8556	-65.3889
BLOCK20/SES207/SA207S27	SES187	-1.06233	-66.4512	-65.3889
BLOCK20/SES207/SA207S27	SES292	-1.80878	-67.1977	-65.3889
BLOCK20/SES207/SA207S29	SES083	-1.53724	-65.7178	-64.1805
BLOCK20/SES207/SA207S29	SES085	-1.11592	-65.2964	-64.1805
BLOCK20/SES207/SA207S29	SES172	-2.72089	-66.9014	-64.1805
BLOCK20/SES207/SA207S29	SES189	-1.56916	-65.7497	-64.1805
BLOCK22/SES221/SA221S12	SES068	-1.34914	-66.3169	-64.9678
BLOCK22/SES221/SA221S12	SES143	-1.03493	-66.0027	-64.9678
BLOCK22/SES221/SA221S12	SES175	-0.881554	-65.8493	-64.9678
BLOCK22/SES221/SA221S12	SES202	-0.20388	-65.1716	-64.9678
BLOCK22/SES221/SA221S15	SES085	-4.95912	-71.3695	-66.4104
BLOCK22/SES221/SA221S15	SES143	-1.99809	-68.4084	-66.4104
BLOCK22/SES221/SA221S15	SES175	-1.87735	-68.2877	-66.4104
BLOCK22/SES221/SA221S15	SES187	-0.387039	-66.7974	-66.4104
BLOCK22/SES221/SA221S23	SES068	-2.65727	-68.0849	-65.4276
BLOCK22/SES221/SA221S23	SES143	-1.59196	-67.0196	-65.4276
BLOCK22/SES221/SA221S23	SES175	-0.668327	-66.0959	-65.4276
BLOCK22/SES221/SA221S23	SES189	0.825768	-64.6018	-65.4276
BLOCK22/SES221/SA221S27	SES085	-7.22315	-72.7358	-65.5126
BLOCK22/SES221/SA221S27	SES143	-0.647995	-66.1606	-65.5126
BLOCK22/SES221/SA221S27	SES175	-0.629944	-66.1426	-65.5126
BLOCK22/SES221/SA221S27	SES189	1.30908	-64.2036	-65.5126
BLOCK22/SES221/SA221S29	SES085	-7.95352	-75.0576	-67.1041
BLOCK22/SES221/SA221S29	SES143	-2.14853	-69.2526	-67.1041
BLOCK22/SES221/SA221S29	SES175	-1.59426	-68.6983	-67.1041
BLOCK22/SES221/SA221S29	SES187	0.176704	-66.9274	-67.1041
BLOCK22/SES223/SA223S11	SES143	-0.579361	-66.6311	-66.0518
BLOCK22/SES223/SA223S11	SES144	-1.99353	-68.0453	-66.0518
BLOCK22/SES223/SA223S11	SES175	-0.993126	-67.0449	-66.0518
BLOCK22/SES223/SA223S11	SES187	-1.12439	-67.1762	-66.0518
BLOCK22/SES223/SA223S13	SES068	-0.811584	-68.0943	-67.2827
BLOCK22/SES223/SA223S13	SES143	-1.21416	-68.4969	-67.2827
BLOCK22/SES223/SA223S13	SES146	-2.66766	-69.9504	-67.2827
BLOCK22/SES223/SA223S13	SES202	-1.63654	-68.9192	-67.2827
BLOCK22/SES223/SA223S22	SES143	-0.85791	-66.8367	-65.9788
BLOCK22/SES223/SA223S22	SES144	-1.82601	-67.8048	-65.9788
BLOCK22/SES223/SA223S22	SES175	-0.991638	-66.9705	-65.9788
BLOCK22/SES223/SA223S22	SES187	-0.679794	-66.6586	-65.9788
BLOCK22/SES223/SA223S25	SES068	-1.89883	-68.065	-66.1662
BLOCK22/SES223/SA223S25	SES143	-1.56989	-67.7361	-66.1662
BLOCK22/SES223/SA223S25	SES175	-1.28171	-67.4479	-66.1662
BLOCK22/SES223/SA223S25	SES187	-0.303772	-66.4699	-66.1662
BLOCK22/SES223/SA223S27	SES143	-1.33204	-67.4389	-66.1068
BLOCK22/SES223/SA223S27	SES146	-1.64629	-67.7531	-66.1068
BLOCK22/SES223/SA223S27	SES187	-0.570351	-66.6772	-66.1068
BLOCK22/SES223/SA223S27	SES292	-2.88631	-68.9931	-66.1068
BLOCK27/SES273/SA273S12	SES099	-1.96841	-62.7631	-60.7947
BLOCK27/SES273/SA273S12	SES104	-0.102234	-60.897	-60.7947
BLOCK27/SES273/SA273S12	SES125	-1.059	-61.8537	-60.7947
BLOCK27/SES273/SA273S12	SES206	-0.226326	-61.0211	-60.7947
BLOCK27/SES273/SA273S13	SES099	-1.67894	-62.346	-60.6671
BLOCK27/SES273/SA273S13	SES104	-0.550957	-61.218	-60.6671
BLOCK27/SES273/SA273S13	SES206	-0.613312	-61.2804	-60.6671
BLOCK27/SES273/SA273S13	SES292	-3.92572	-64.5928	-60.6671
BLOCK27/SES273/SA273S21	SES099	-0.598774	-61.6637	-61.0649
BLOCK27/SES273/SA273S21	SES148	-4.49865	-65.5636	-61.0649
BLOCK27/SES273/SA273S21	SES149	-0.806747	-61.8717	-61.0649
BLOCK27/SES273/SA273S21	SES177	-5.90638	-66.9713	-61.0649
BLOCK27/SES273/SA273S25	SES104	-0.808708	-61.861	-61.0523
BLOCK27/SES273/SA273S25	SES125	-1.5953	-62.6476	-61.0523
BLOCK27/SES273/SA273S25	SES158	-0.864281	-61.9166	-61.0523
BLOCK27/SES273/SA273S25	SES206	0.354134	-60.6982	-61.0523
BLOCK27/SES273/SA273S27	SES099	-0.748966	-62.1264	-61.3774
BLOCK27/SES273/SA273S27	SES104	-0.781815	-62.1593	-61.3774
BLOCK27/SES273/SA273S27	SES149	-0.851997	-62.2294	-61.3774
BLOCK27/SES273/SA273S27	SES275	-2.71503	-64.0925	-61.3774
BLOCK27/SES274/SA274S10	SES105	-2.44608	-65.0152	-62.5691
BLOCK27/SES274/SA274S10	SES125	-0.82991	-63.399	-62.5691
BLOCK27/SES274/SA274S10	SES129	-2.02026	-64.5893	-62.5691
BLOCK27/SES274/SA274S10	SES158	-1.99957	-64.5686	-62.5691
BLOCK27/SES274/SA274S11	SES105	-3.10547	-65.5106	-62.4051
BLOCK27/SES274/SA274S11	SES149	-1.45847	-63.8636	-62.4051
BLOCK27/SES274/SA274S11	SES158	-1.55161	-63.9567	-62.4051
BLOCK27/SES274/SA274S11	SES275	-3.30184	-65.707	-62.4051
BLOCK27/SES274/SA274S21	SES105	-3.19323	-66.2019	-63.0086
BLOCK27/SES274/SA274S21	SES129	-3.31479	-66.3234	-63.0086
BLOCK27/SES274/SA274S21	SES149	-1.37643	-64.3851	-63.0086
BLOCK27/SES274/SA274S21	SES158	-2.27708	-65.2857	-63.0086
BLOCK27/SES274/SA274S24	SES105	-2.66581	-65.075	-62.4092
BLOCK27/SES274/SA274S24	SES129	-3.0876	-65.4968	-62.4092
BLOCK27/SES274/SA274S24	SES149	-1.20678	-63.6159	-62.4092
BLOCK27/SES274/SA274S24	SES158	-2.09793	-64.5071	-62.4092
BLOCK27/SES274/SA274S29	SES105	-3.03812	-65.3663	-62.3282
BLOCK27/SES274/SA274S29	SES106	-1.82094	-64.1491	-62.3282
BLOCK27/SES274/SA274S29	SES120	-2.82075	-65.1489	-62.3282
BLOCK27/SES274/SA274S29	SES275	-3.07138	-65.3996	-62.3282
BLOCK27/SES276/SA276S16	SES148	-1.59942	-66.5706	-64.9712
BLOCK27/SES276/SA276S16	SES172	-2.32026	-67.2915	-64.9712
BLOCK27/SES276/SA276S16	SES180	-4.25624	-69.2274	-64.9712
BLOCK27/SES276/SA276S16	SES292	-0.191193	-65.1624	-64.9712
BLOCK27/SES276/SA276S17	SES101	-1.47427	-65.8467	-64.3724
BLOCK27/SES276/SA276S17	SES177	-2.37375	-66.7461	-64.3724
BLOCK27/SES276/SA276S17	SES180	-2.74747	-67.1199	-64.3724
BLOCK27/SES276/SA276S17	SES292	-1.1871	-65.5595	-64.3724
BLOCK27/SES276/SA276S24	SES101	-0.932865	-64.2885	-63.3557
BLOCK27/SES276/SA276S24	SES177	-1.90201	-65.2577	-63.3557
BLOCK27/SES276/SA276S24	SES180	-2.54637	-65.902	-63.3557
BLOCK27/SES276/SA276S24	SES292	-1.55997	-64.9156	-63.3557
BLOCK27/SES276/SA276S26	SES101	-1.73671	-65.6431	-63.9063
BLOCK27/SES276/SA276S26	SES177	-1.54847	-65.4548	-63.9063
BLOCK27/SES276/SA276S26	SES180	-1.46982	-65.3762	-63.9063
BLOCK27/SES276/SA276S26	SES292	-0.779694	-64.686	-63.9063
BLOCK27/SES276/SA276S28	SES101	-1.64868	-65.9253	-64.2766
BLOCK27/SES276/SA276S28	SES177	-1.25014	-65.5267	-64.2766
BLOCK27/SES276/SA276S28	SES180	-1.82422	-66.1008	-64.2766
BLOCK27/SES276/SA276S28	SES292	-1.44058	-65.7172	-64.2766
BLOCK27/SES277/SA277S12	SES101	-1.21533	-66.7543	-65.5389
BLOCK27/SES277/SA277S12	SES177	-2.07346	-67.6124	-65.5389
BLOCK27/SES277/SA277S12	SES180	-2.28798	-67.8269	-65.5389
BLOCK27/SES277/SA277S12	SES292	-2.76227	-68.3012	-65.5389
BLOCK27/SES277/SA277S14	SES177	-0.914032	-66.6326	-65.7185
BLOCK27/SES277/SA277S14	SES180	-1.94695	-67.6655	-65.7185
BLOCK27/SES277/SA277S14	SES189	-0.0826111	-65.8011	-65.7185
BLOCK27/SES277/SA277S14	SES292	-3.04897	-68.7675	-65.7185
BLOCK27/SES277/SA277S21	SES177	-0.196487	-64.8394	-64.643
BLOCK27/SES277/SA277S21	SES180	-2.12128	-66.7642	-64.643
BLOCK27/SES277/SA277S21	SES189	-1.00759	-65.6506	-64.643
BLOCK27/SES277/SA277S21	SES292	-2.19585	-66.8388	-64.643
BLOCK27/SES277/SA277S24	SES144	-1.27616	-67.5692	-66.2931
BLOCK27/SES277/SA277S24	SES177	-0.939873	-67.2329	-66.2931
BLOCK27/SES277/SA277S24	SES180	-2.30959	-68.6026	-66.2931
BLOCK27/SES277/SA277S24	SES189	-0.417068	-66.7101	-66.2931
BLOCK27/SES277/SA277S29	SES177	-0.717392	-64.2675	-63.5501
BLOCK27/SES277/SA277S29	SES180	-1.54934	-65.0995	-63.5501
BLOCK27/SES277/SA277S29	SES202	-1.83363	-65.3838	-63.5501
BLOCK27/SES277/SA277S29	SES292	-1.73049	-65.2806	-63.5501
BLOCK27/SES279/SA279S09	SES120	-1.79515	-64.973	-63.1778
BLOCK27/SES279/SA279S09	SES146	-1.83577	-65.0136	-63.1778
BLOCK27/SES279/SA279S09	SES206	-3.37125	-66.549	-63.1778
BLOCK27/SES279/SA279S09	SES226	-2.92698	-66.1048	-63.1778
BLOCK27/SES279/SA279S10	SES099	-3.77828	-66.8355	-63.0573
BLOCK27/SES279/SA279S10	SES206	-2.30472	-65.362	-63.0573
BLOCK27/SES279/SA279S10	SES226	-1.98223	-65.0395	-63.0573
BLOCK27/SES279/SA279S10	SES292	-1.22615	-64.2834	-63.0573
BLOCK27/SES279/SA279S20	SES099	-5.06842	-69.0637	-63.9952
BLOCK27/SES279/SA279S20	SES206	-2.72956	-66.7248	-63.9952
BLOCK27/SES279/SA279S20	SES226	-2.04757	-66.0428	-63.9952
BLOCK27/SES279/SA279S20	SES292	-0.21944	-64.2147	-63.9952
BLOCK27/SES279/SA279S26	SES099	-5.1629	-68.9198	-63.7569
BLOCK27/SES279/SA279S26	SES206	-1.88276	-65.6396	-63.7569
BLOCK27/SES279/SA279S26	SES226	-1.78134	-65.5382	-63.7569
BLOCK27/SES279/SA279S26	SES292	-1.1388	-64.8957	-63.7569
BLOCK27/SES279/SA279S28	SES099	-4.95885	-66.8449	-61.8861
BLOCK27/SES279/SA279S28	SES120	-1.83635	-63.7224	-61.8861
BLOCK27/SES279/SA279S28	SES177	-5.30531	-67.1914	-61.8861
BLOCK27/SES279/SA279S28	SES206	-3.93998	-65.826	-61.8861
BLOCK29/SES290/SA290S12	SES162	-2.02764	-66.1097	-64.0821
BLOCK29/SES290/SA290S12	SES177	-0.97184	-65.0539	-64.0821
BLOCK29/SES290/SA290S12	SES180	-2.13911	-66.2212	-64.0821
BLOCK29/SES290/SA290S12	SES292	-2.29423	-66.3763	-64.0821
BLOCK29/SES290/SA290S13	SES007	-3.57913	-68.8866	-65.3074
BLOCK29/SES290/SA290S13	SES162	-2.47152	-67.779	-65.3074
BLOCK29/SES290/SA290S13	SES177	-1.08806	-66.3955	-65.3074
BLOCK29/SES290/SA290S13	SES180	-1.57233	-66.8798	-65.3074
BLOCK29/SES290/SA290S22	SES177	-0.542786	-65.3153	-64.7725
BLOCK29/SES290/SA290S22	SES180	-0.678482	-65.451	-64.7725
BLOCK29/SES290/SA290S22	SES202	-1.27055	-66.0431	-64.7725
BLOCK29/SES290/SA290S22	SES292	-2.42515	-67.1977	-64.7725
BLOCK29/SES290/SA290S25	SES162	-1.05558	-65.4278	-64.3722
BLOCK29/SES290/SA290S25	SES177	-0.747536	-65.1197	-64.3722
BLOCK29/SES290/SA290S25	SES180	-1.29686	-65.669	-64.3722
BLOCK29/SES290/SA290S25	SES292	-1.68	-66.0522	-64.3722
BLOCK29/SES290/SA290S29	SES177	0.0872192	-64.0366	-64.1238
BLOCK29/SES290/SA290S29	SES180	0.0142136	-64.1096	-64.1238
BLOCK29/SES290/SA290S29	SES275	-1.99479	-66.1186	-64.1238
BLOCK29/SES290/SA290S29	SES292	-1.42559	-65.5494	-64.1238
BLOCK29/SES291/SA291S11	SES105	-4.36218	-67.8106	-63.4484
BLOCK29/SES291/SA291S11	SES125	-1.0394	-64.4878	-63.4484
BLOCK29/SES291/SA291S11	SES158	-1.36491	-64.8133	-63.4484
BLOCK29/SES291/SA291S11	SES275	-5.38003	-68.8284	-63.4484
BLOCK29/SES291/SA291S12	SES158	-0.6651	-63.1478	-62.4827
BLOCK29/SES291/SA291S12	SES226	-2.10826	-64.591	-62.4827
BLOCK29/SES291/SA291S12	SES270	0.22274	-62.26	-62.4827
BLOCK29/SES291/SA291S12	SES275	-6.6232	-69.1059	-62.4827
BLOCK29/SES291/SA291S22	SES082	-1.53481	-64.0497	-62.5149
BLOCK29/SES291/SA291S22	SES158	-1.46062	-63.9755	-62.5149
BLOCK29/SES291/SA291S22	SES259	-2.37033	-64.8852	-62.5149
BLOCK29/SES291/SA291S22	SES275	-5.23318	-67.748	-62.5149
BLOCK29/SES291/SA291S24	SES104	-0.609871	-62.1074	-61.4975
BLOCK29/SES291/SA291S24	SES125	-0.554176	-62.0517	-61.4975
BLOCK29/SES291/SA291S24	SES158	-0.881657	-62.3792	-61.4975
BLOCK29/SES291/SA291S24	SES275	-5.23748	-66.735	-61.4975
BLOCK29/SES291/SA291S27	SES158	-0.367668	-62.0969	-61.7293
BLOCK29/SES291/SA291S27	SES172	-6.14008	-67.8693	-61.7293
BLOCK29/SES291/SA291S27	SES275	-5.81454	-67.5438	-61.7293
BLOCK29/SES291/SA291S27	SES292	-4.86977	-66.599	-61.7293
